[2019-07-23 08:49:15.989] [INFO] - home
[2019-07-23 08:49:16.088] [INFO] - Listening on port 8880
[2019-07-23 08:49:34.256] [INFO] - home
[2019-07-23 08:49:34.304] [INFO] - Listening on port 8880
[2019-07-23 08:49:53.701] [ERROR] - (node:13660) [DEP0005] DeprecationWarning: Buffer() is deprecated due to security and usability issues. Please use the Buffer.alloc(), Buffer.allocUnsafe(), or Buffer.from() methods instead.
[2019-07-23 08:54:48.889] [INFO] - home
[2019-07-23 08:54:48.934] [INFO] - Listening on port 8880
[2019-07-23 08:54:54.416] [ERROR] - (node:12788) [DEP0005] DeprecationWarning: Buffer() is deprecated due to security and usability issues. Please use the Buffer.alloc(), Buffer.allocUnsafe(), or Buffer.from() methods instead.
[2019-07-23 08:56:02.420] [INFO] - home
[2019-07-23 08:56:02.467] [INFO] - Listening on port 8880
[2019-07-23 08:56:07.468] [ERROR] - (node:18220) [DEP0005] DeprecationWarning: Buffer() is deprecated due to security and usability issues. Please use the Buffer.alloc(), Buffer.allocUnsafe(), or Buffer.from() methods instead.
[2019-07-23 09:00:38.947] [INFO] - home
[2019-07-23 09:00:38.997] [INFO] - Listening on port 8880
[2019-07-23 09:01:01.934] [INFO] - home
[2019-07-23 09:01:01.983] [INFO] - Listening on port 8880
[2019-07-23 09:01:10.115] [ERROR] - (node:17572) [DEP0005] DeprecationWarning: Buffer() is deprecated due to security and usability issues. Please use the Buffer.alloc(), Buffer.allocUnsafe(), or Buffer.from() methods instead.
[2019-07-23 09:04:10.548] [INFO] - home
[2019-07-23 09:04:10.596] [INFO] - Listening on port 8880
[2019-07-23 09:04:35.070] [INFO] - home
[2019-07-23 09:04:35.115] [INFO] - Listening on port 8880
[2019-07-23 09:04:57.410] [INFO] - [Object: null prototype] { selectMonth: '7' }
[2019-07-23 09:04:57.614] [ERROR] - (node:4948) [DEP0005] DeprecationWarning: Buffer() is deprecated due to security and usability issues. Please use the Buffer.alloc(), Buffer.allocUnsafe(), or Buffer.from() methods instead.
[2019-07-23 09:05:47.080] [INFO] - [Object: null prototype] { selectMonth: '7' }
[2019-07-23 09:06:59.448] [INFO] - home
[2019-07-23 09:06:59.479] [INFO] - Listening on port 8880
[2019-07-23 09:07:09.452] [INFO] - home
[2019-07-23 09:07:09.482] [INFO] - Listening on port 8880
[2019-07-23 09:07:47.835] [INFO] - home
[2019-07-23 09:07:47.870] [INFO] - Listening on port 8880
[2019-07-23 09:08:33.678] [INFO] - home
[2019-07-23 09:08:33.709] [INFO] - Listening on port 8880
[2019-07-23 09:09:37.801] [INFO] - [Object: null prototype] { selectMonth: '7' }
[2019-07-23 09:09:37.935] [ERROR] - (node:8624) [DEP0005] DeprecationWarning: Buffer() is deprecated due to security and usability issues. Please use the Buffer.alloc(), Buffer.allocUnsafe(), or Buffer.from() methods instead.
[2019-07-23 09:11:20.186] [INFO] - [Object: null prototype] { selectMonth: '7' }
[2019-07-23 09:20:19.543] [INFO] - home
[2019-07-23 09:20:19.573] [INFO] - Listening on port 8880
[2019-07-23 09:24:46.896] [INFO] - home
[2019-07-23 09:24:46.927] [INFO] - Listening on port 8880
[2019-07-23 09:24:59.426] [INFO] - [Object: null prototype] { selectMonth: '7' }
[2019-07-23 09:24:59.432] [INFO] - moment("2015-01-31T23:59:59.999")
[2019-07-23 09:24:59.435] [ERROR] - (node:17988) [DEP0079] DeprecationWarning: Custom inspection function on Objects via .inspect() is deprecated
[2019-07-23 09:24:59.563] [ERROR] - (node:17988) [DEP0005] DeprecationWarning: Buffer() is deprecated due to security and usability issues. Please use the Buffer.alloc(), Buffer.allocUnsafe(), or Buffer.from() methods instead.
[2019-07-23 09:26:04.648] [INFO] - home
[2019-07-23 09:26:04.676] [INFO] - Listening on port 8880
[2019-07-23 09:26:06.544] [INFO] - home
[2019-07-23 09:26:06.572] [INFO] - Listening on port 8880
[2019-07-23 09:26:08.532] [INFO] - [Object: null prototype] { selectMonth: '7' }
[2019-07-23 09:26:08.537] [INFO] - moment("2015-01-31T23:59:59.999")
[2019-07-23 09:26:08.539] [INFO] - moment("2015-01-31T23:59:59.999")
[2019-07-23 09:26:08.542] [ERROR] - (node:20336) [DEP0079] DeprecationWarning: Custom inspection function on Objects via .inspect() is deprecated
[2019-07-23 09:26:08.670] [ERROR] - (node:20336) [DEP0005] DeprecationWarning: Buffer() is deprecated due to security and usability issues. Please use the Buffer.alloc(), Buffer.allocUnsafe(), or Buffer.from() methods instead.
[2019-07-23 09:27:56.584] [INFO] - home
[2019-07-23 09:27:56.613] [INFO] - Listening on port 8880
[2019-07-23 09:28:00.653] [INFO] - [Object: null prototype] { selectMonth: '7' }
[2019-07-23 09:28:00.659] [INFO] - moment("2019-07-01T00:00:00.000")
[2019-07-23 09:28:00.660] [INFO] - moment("2019-07-31T23:59:59.999")
[2019-07-23 09:28:00.664] [ERROR] - (node:16524) [DEP0079] DeprecationWarning: Custom inspection function on Objects via .inspect() is deprecated
[2019-07-23 09:28:00.795] [ERROR] - (node:16524) [DEP0005] DeprecationWarning: Buffer() is deprecated due to security and usability issues. Please use the Buffer.alloc(), Buffer.allocUnsafe(), or Buffer.from() methods instead.
[2019-07-23 09:29:48.536] [INFO] - home
[2019-07-23 09:29:48.566] [INFO] - Listening on port 8880
[2019-07-23 09:29:51.499] [INFO] - [Object: null prototype] { selectMonth: '7' }
[2019-07-23 09:29:51.505] [WARN] - Deprecation warning: value provided is not in a recognized RFC2822 or ISO format. moment construction falls back to js Date(), which is not reliable across all browsers and versions. Non RFC2822/ISO date formats are discouraged and will be removed in an upcoming major release. Please refer to http://momentjs.com/guides/#/warnings/js-date/ for more info.
Arguments: 
[0] _isAMomentObject: true, _isUTC: false, _useUTC: false, _l: undefined, _i: YYYY-MM-DD, _f: undefined, _strict: undefined, _locale: [object Object]
Error
    at Function.createFromInputFallback (C:\Users\HP\Desktop\koaTest\node_modules\moment\moment.js:320:98)
    at configFromString (C:\Users\HP\Desktop\koaTest\node_modules\moment\moment.js:2385:15)
    at configFromInput (C:\Users\HP\Desktop\koaTest\node_modules\moment\moment.js:2611:13)
    at prepareConfig (C:\Users\HP\Desktop\koaTest\node_modules\moment\moment.js:2594:13)
    at createFromConfig (C:\Users\HP\Desktop\koaTest\node_modules\moment\moment.js:2561:44)
    at createLocalOrUTC (C:\Users\HP\Desktop\koaTest\node_modules\moment\moment.js:2648:16)
    at createLocal (C:\Users\HP\Desktop\koaTest\node_modules\moment\moment.js:2652:16)
    at hooks (C:\Users\HP\Desktop\koaTest\node_modules\moment\moment.js:12:29)
    at C:\Users\HP\Desktop\koaTest\lib\excel.js:17:19
    at dispatch (C:\Users\HP\Desktop\koaTest\node_modules\koa-router\node_modules\koa-compose\index.js:44:32)
    at next (C:\Users\HP\Desktop\koaTest\node_modules\koa-router\node_modules\koa-compose\index.js:45:18)
    at C:\Users\HP\Desktop\koaTest\node_modules\koa-router\lib\router.js:346:16
    at dispatch (C:\Users\HP\Desktop\koaTest\node_modules\koa-router\node_modules\koa-compose\index.js:44:32)
    at C:\Users\HP\Desktop\koaTest\node_modules\koa-router\node_modules\koa-compose\index.js:36:12
    at dispatch (C:\Users\HP\Desktop\koaTest\node_modules\koa-router\lib\router.js:351:31)
    at dispatch (C:\Users\HP\Desktop\koaTest\node_modules\koa-compose\index.js:42:32)
[2019-07-23 09:29:51.509] [INFO] - moment.invalid(/* YYYY-MM-DD */)
[2019-07-23 09:29:51.509] [INFO] - moment.invalid(/* YYYY-MM-DD */)
[2019-07-23 09:29:51.512] [ERROR] - (node:21300) [DEP0079] DeprecationWarning: Custom inspection function on Objects via .inspect() is deprecated
[2019-07-23 09:29:51.635] [ERROR] - (node:21300) [DEP0005] DeprecationWarning: Buffer() is deprecated due to security and usability issues. Please use the Buffer.alloc(), Buffer.allocUnsafe(), or Buffer.from() methods instead.
[2019-07-23 09:30:01.466] [INFO] - home
[2019-07-23 09:30:01.495] [INFO] - Listening on port 8880
[2019-07-23 09:31:00.418] [INFO] - home
[2019-07-23 09:31:00.446] [INFO] - Listening on port 8880
[2019-07-23 09:31:04.350] [INFO] - [Object: null prototype] { selectMonth: '7' }
[2019-07-23 09:31:04.358] [ERROR] - 
[2019-07-23 09:31:04.359] [ERROR] -   ReferenceError: startOf is not defined
      at C:\Users\HP\Desktop\koaTest\lib\excel.js:17:49
      at dispatch (C:\Users\HP\Desktop\koaTest\node_modules\koa-router\node_modules\koa-compose\index.js:44:32)
      at next (C:\Users\HP\Desktop\koaTest\node_modules\koa-router\node_modules\koa-compose\index.js:45:18)
      at C:\Users\HP\Desktop\koaTest\node_modules\koa-router\lib\router.js:346:16
      at dispatch (C:\Users\HP\Desktop\koaTest\node_modules\koa-router\node_modules\koa-compose\index.js:44:32)
      at C:\Users\HP\Desktop\koaTest\node_modules\koa-router\node_modules\koa-compose\index.js:36:12
      at dispatch (C:\Users\HP\Desktop\koaTest\node_modules\koa-router\lib\router.js:351:31)
      at dispatch (C:\Users\HP\Desktop\koaTest\node_modules\koa-compose\index.js:42:32)
      at views (C:\Users\HP\Desktop\koaTest\node_modules\koa-views\lib\index.js:61:12)
      at dispatch (C:\Users\HP\Desktop\koaTest\node_modules\koa-compose\index.js:42:32)
      at send.then.done (C:\Users\HP\Desktop\koaTest\node_modules\koa-static\index.js:43:20)
[2019-07-23 09:31:04.360] [ERROR] - 
[2019-07-23 09:31:16.283] [INFO] - home
[2019-07-23 09:31:16.314] [INFO] - Listening on port 8880
[2019-07-23 09:31:19.145] [INFO] - [Object: null prototype] { selectMonth: '7' }
[2019-07-23 09:31:19.151] [ERROR] - 
[2019-07-23 09:31:19.152] [ERROR] -   TypeError: moment(...).format(...).startOf is not a function
      at C:\Users\HP\Desktop\koaTest\lib\excel.js:17:49
      at dispatch (C:\Users\HP\Desktop\koaTest\node_modules\koa-router\node_modules\koa-compose\index.js:44:32)
      at next (C:\Users\HP\Desktop\koaTest\node_modules\koa-router\node_modules\koa-compose\index.js:45:18)
      at C:\Users\HP\Desktop\koaTest\node_modules\koa-router\lib\router.js:346:16
      at dispatch (C:\Users\HP\Desktop\koaTest\node_modules\koa-router\node_modules\koa-compose\index.js:44:32)
      at C:\Users\HP\Desktop\koaTest\node_modules\koa-router\node_modules\koa-compose\index.js:36:12
      at dispatch (C:\Users\HP\Desktop\koaTest\node_modules\koa-router\lib\router.js:351:31)
      at dispatch (C:\Users\HP\Desktop\koaTest\node_modules\koa-compose\index.js:42:32)
      at views (C:\Users\HP\Desktop\koaTest\node_modules\koa-views\lib\index.js:61:12)
      at dispatch (C:\Users\HP\Desktop\koaTest\node_modules\koa-compose\index.js:42:32)
      at send.then.done (C:\Users\HP\Desktop\koaTest\node_modules\koa-static\index.js:43:20)
[2019-07-23 09:31:19.153] [ERROR] - 
[2019-07-23 09:31:43.370] [INFO] - home
[2019-07-23 09:31:43.402] [INFO] - Listening on port 8880
[2019-07-23 09:31:49.085] [INFO] - [Object: null prototype] { selectMonth: '7' }
[2019-07-23 09:31:49.089] [INFO] - 2019-07-01
[2019-07-23 09:31:49.090] [INFO] - 2019-07-31
[2019-07-23 09:31:49.212] [ERROR] - (node:19056) [DEP0005] DeprecationWarning: Buffer() is deprecated due to security and usability issues. Please use the Buffer.alloc(), Buffer.allocUnsafe(), or Buffer.from() methods instead.
[2019-07-23 09:34:37.842] [INFO] - home
[2019-07-23 09:34:37.872] [INFO] - Listening on port 8880
[2019-07-23 09:34:40.407] [INFO] - home
[2019-07-23 09:34:40.444] [INFO] - Listening on port 8880
[2019-07-23 09:34:44.049] [INFO] - [Object: null prototype] { selectMonth: '7' }
[2019-07-23 09:34:44.057] [INFO] - 2019-07-01
[2019-07-23 09:34:44.060] [INFO] - 2019-07-31
[2019-07-23 09:34:44.061] [INFO] - 31
[2019-07-23 09:34:44.189] [ERROR] - (node:18168) [DEP0005] DeprecationWarning: Buffer() is deprecated due to security and usability issues. Please use the Buffer.alloc(), Buffer.allocUnsafe(), or Buffer.from() methods instead.
[2019-07-23 09:37:28.838] [INFO] - home
[2019-07-23 09:37:28.871] [INFO] - Listening on port 8880
[2019-07-23 09:37:32.235] [INFO] - [Object: null prototype] { selectMonth: '7' }
[2019-07-23 09:37:32.240] [INFO] - moment("2015-01-01T00:00:00.000")
[2019-07-23 09:37:32.245] [INFO] - 2019-07-01
[2019-07-23 09:37:32.248] [INFO] - 2019-07-31
[2019-07-23 09:37:32.250] [INFO] - 31
[2019-07-23 09:37:32.251] [ERROR] - (node:7688) [DEP0079] DeprecationWarning: Custom inspection function on Objects via .inspect() is deprecated
[2019-07-23 09:37:32.374] [ERROR] - (node:7688) [DEP0005] DeprecationWarning: Buffer() is deprecated due to security and usability issues. Please use the Buffer.alloc(), Buffer.allocUnsafe(), or Buffer.from() methods instead.
[2019-07-23 09:39:38.228] [INFO] - home
[2019-07-23 09:39:38.257] [INFO] - Listening on port 8880
[2019-07-23 09:40:56.580] [INFO] - [Object: null prototype] { selectMonth: '7' }
[2019-07-23 09:40:56.584] [INFO] - moment("2019-07-01T00:00:00.000")
[2019-07-23 09:40:56.587] [INFO] - 2019-07-01
[2019-07-23 09:40:56.588] [INFO] - 2019-07-31
[2019-07-23 09:40:56.590] [INFO] - 31
[2019-07-23 09:40:56.592] [ERROR] - (node:20292) [DEP0079] DeprecationWarning: Custom inspection function on Objects via .inspect() is deprecated
[2019-07-23 09:40:56.721] [ERROR] - (node:20292) [DEP0005] DeprecationWarning: Buffer() is deprecated due to security and usability issues. Please use the Buffer.alloc(), Buffer.allocUnsafe(), or Buffer.from() methods instead.
[2019-07-23 09:41:07.139] [INFO] - [Object: null prototype] { selectMonth: '6' }
[2019-07-23 09:41:07.141] [INFO] - moment("2019-06-01T00:00:00.000")
[2019-07-23 09:41:07.142] [INFO] - 2019-07-01
[2019-07-23 09:41:07.144] [INFO] - 2019-07-31
[2019-07-23 09:41:07.144] [INFO] - 31
[2019-07-23 09:41:24.595] [INFO] - home
[2019-07-23 09:41:24.625] [INFO] - Listening on port 8880
[2019-07-23 09:41:29.106] [INFO] - [Object: null prototype] { selectMonth: '7' }
[2019-07-23 09:41:29.111] [INFO] - moment("2019-07-01T00:00:00.000")
[2019-07-23 09:41:29.114] [INFO] - 2019-07-01
[2019-07-23 09:41:29.114] [INFO] - 2019-07-31
[2019-07-23 09:41:29.115] [INFO] - 31
[2019-07-23 09:41:29.116] [ERROR] - (node:19724) [DEP0079] DeprecationWarning: Custom inspection function on Objects via .inspect() is deprecated
[2019-07-23 09:41:29.240] [ERROR] - (node:19724) [DEP0005] DeprecationWarning: Buffer() is deprecated due to security and usability issues. Please use the Buffer.alloc(), Buffer.allocUnsafe(), or Buffer.from() methods instead.
[2019-07-23 09:41:38.002] [INFO] - [Object: null prototype] { selectMonth: '2' }
[2019-07-23 09:41:38.004] [INFO] - moment("2019-02-01T00:00:00.000")
[2019-07-23 09:41:38.006] [INFO] - 2019-02-01
[2019-07-23 09:41:38.009] [INFO] - 2019-02-28
[2019-07-23 09:41:38.010] [INFO] - 28
[2019-07-23 09:41:52.937] [INFO] - home
[2019-07-23 09:41:52.968] [INFO] - Listening on port 8880
[2019-07-23 09:42:50.359] [INFO] - home
[2019-07-23 09:42:50.389] [INFO] - Listening on port 8880
[2019-07-23 09:44:31.612] [INFO] - [Object: null prototype] { selectMonth: '2' }
[2019-07-23 09:44:31.617] [INFO] - 2019-02-01
[2019-07-23 09:44:31.619] [INFO] - 2019-02-28
[2019-07-23 09:44:31.619] [INFO] - 28
[2019-07-23 09:44:31.756] [ERROR] - (node:18736) [DEP0005] DeprecationWarning: Buffer() is deprecated due to security and usability issues. Please use the Buffer.alloc(), Buffer.allocUnsafe(), or Buffer.from() methods instead.
[2019-07-23 09:54:56.035] [INFO] - home
[2019-07-23 09:54:56.064] [INFO] - Listening on port 8880
[2019-07-23 09:55:35.558] [INFO] - home
[2019-07-23 09:55:35.588] [INFO] - Listening on port 8880
[2019-07-23 09:55:50.274] [INFO] - home
[2019-07-23 09:55:50.307] [INFO] - Listening on port 8880
[2019-07-23 09:55:54.218] [INFO] - home
[2019-07-23 09:55:54.249] [INFO] - Listening on port 8880
[2019-07-23 09:56:00.413] [INFO] - select a.username,a.outdate,a.department,a.place,b.price from outs a left join price b on a.place = b.place where a.place !="" and a.outdate>=2019-07-01a.outdate<=2019-07-31
[2019-07-23 09:58:00.644] [INFO] - home
[2019-07-23 09:58:00.676] [INFO] - Listening on port 8880
[2019-07-23 09:58:17.193] [INFO] - select a.username,a.outdate,a.department,a.place,b.price from outs a left join price b on a.place = b.place where a.place !="" and a.outdate>=2019-07-01 and a.outdate<=2019-07-31
[2019-07-23 10:00:26.780] [INFO] - home
[2019-07-23 10:00:26.811] [INFO] - Listening on port 8880
[2019-07-23 10:00:30.475] [INFO] - select a.username,a.outdate,a.department,a.place,b.price from outs a left join price b on a.place = b.place where a.place !="" and a.outdate>="2019-07-01" and a.outdate<="2019-07-31"
[2019-07-23 10:01:09.443] [INFO] - home
[2019-07-23 10:01:09.472] [INFO] - Listening on port 8880
[2019-07-23 10:06:58.110] [INFO] - home
[2019-07-23 10:06:58.139] [INFO] - Listening on port 8880
[2019-07-23 10:07:08.072] [INFO] - home
[2019-07-23 10:07:08.102] [INFO] - Listening on port 8880
[2019-07-23 10:07:17.950] [INFO] - select a.username,a.outdate,a.department,a.place,b.price from outs a left join price b on a.place = b.place where a.place !="" and a.outdate>="2019-07-01" and a.outdate<="2019-07-31"
[2019-07-23 10:07:18.095] [ERROR] - (node:17272) [DEP0005] DeprecationWarning: Buffer() is deprecated due to security and usability issues. Please use the Buffer.alloc(), Buffer.allocUnsafe(), or Buffer.from() methods instead.
[2019-07-23 10:07:20.505] [INFO] - select a.username,a.outdate,a.department,a.place,b.price from outs a left join price b on a.place = b.place where a.place !="" and a.outdate>="2019-07-01" and a.outdate<="2019-07-31"
[2019-07-23 10:09:50.537] [INFO] - select a.username,a.outdate,a.department,a.place,b.price from outs a left join price b on a.place = b.place where a.place !="" and a.outdate>="2019-03-01" and a.outdate<="2019-03-31"
[2019-07-23 10:10:25.206] [INFO] - select a.username,a.outdate,a.department,a.place,b.price from outs a left join price b on a.place = b.place where a.place !="" and a.outdate>="2019-02-01" and a.outdate<="2019-02-28"
[2019-07-23 10:26:20.723] [INFO] - select a.username,a.outdate,a.department,a.place,b.price from outs a left join price b on a.place = b.place where a.place !="" and a.outdate>="2019-09-01" and a.outdate<="2019-09-30"
[2019-07-23 13:03:48.817] [INFO] - home
[2019-07-23 13:03:48.848] [INFO] - Listening on port 8880
[2019-07-23 13:06:50.614] [INFO] - home
[2019-07-23 13:06:50.641] [INFO] - Listening on port 8880
[2019-07-23 13:07:26.189] [INFO] - select username,overtimedate,daysum from overtimeMonth where  overtimedate>="2019-07-01" and overtimedate<="2019-07-31"
[2019-07-23 13:08:18.317] [INFO] - home
[2019-07-23 13:08:18.347] [INFO] - Listening on port 8880
[2019-07-23 13:08:23.605] [INFO] - select a.username,a.outdate,a.department,a.place,b.price from outs a left join price b on a.place = b.place where a.place !="" and a.outdate>="2019-07-01" and a.outdate<="2019-07-31"
[2019-07-23 13:08:23.737] [ERROR] - (node:7328) [DEP0005] DeprecationWarning: Buffer() is deprecated due to security and usability issues. Please use the Buffer.alloc(), Buffer.allocUnsafe(), or Buffer.from() methods instead.
[2019-07-23 13:08:27.291] [INFO] - select username,overtimedate,daynum from overtimeMonth where  overtimedate>="2019-07-01" and overtimedate<="2019-07-31"
[2019-07-23 13:08:27.297] [ERROR] - 
[2019-07-23 13:08:27.298] [ERROR] -   TypeError: place.overtimedate.slice is not a function
      at C:\Users\HP\Desktop\koaTest\lib\excel.js:141:60
      at process._tickCallback (internal/process/next_tick.js:68:7)
[2019-07-23 13:08:27.298] [ERROR] - 
[2019-07-23 13:09:43.739] [INFO] - select username,overtimedate,daynum from overtimeMonth where  overtimedate>="2019-07-01" and overtimedate<="2019-07-31"
[2019-07-23 13:09:55.433] [ERROR] - 
[2019-07-23 13:09:55.435] [ERROR] -   TypeError: place.overtimedate.slice is not a function
      at C:\Users\HP\Desktop\koaTest\lib\excel.js:141:60
      at process._tickCallback (internal/process/next_tick.js:68:7)
[2019-07-23 13:09:55.445] [ERROR] - 
[2019-07-23 13:09:56.045] [INFO] - home
[2019-07-23 13:09:56.077] [INFO] - Listening on port 8880
[2019-07-23 13:10:02.139] [INFO] - home
[2019-07-23 13:10:02.171] [INFO] - Listening on port 8880
[2019-07-23 13:10:09.546] [INFO] - select a.username,a.outdate,a.department,a.place,b.price from outs a left join price b on a.place = b.place where a.place !="" and a.outdate>="2019-07-01" and a.outdate<="2019-07-31"
[2019-07-23 13:10:09.681] [ERROR] - (node:20688) [DEP0005] DeprecationWarning: Buffer() is deprecated due to security and usability issues. Please use the Buffer.alloc(), Buffer.allocUnsafe(), or Buffer.from() methods instead.
[2019-07-23 13:10:13.137] [INFO] - select username,overtimedate,daynum from overtimeMonth where  overtimedate>="2019-07-01" and overtimedate<="2019-07-31"
[2019-07-23 13:10:13.143] [INFO] - 2019-07-05T16:00:00.000Z
[2019-07-23 13:10:13.145] [ERROR] - 
[2019-07-23 13:10:13.147] [ERROR] -   TypeError: place.overtimedate.slice is not a function
      at C:\Users\HP\Desktop\koaTest\lib\excel.js:142:60
      at process._tickCallback (internal/process/next_tick.js:68:7)
[2019-07-23 13:10:13.148] [ERROR] - 
[2019-07-23 13:11:33.689] [INFO] - home
[2019-07-23 13:11:33.718] [INFO] - Listening on port 8880
[2019-07-23 13:11:41.187] [INFO] - select username,overtimedate,daynum from overtimeMonth where  overtimedate>="2019-07-01" and overtimedate<="2019-07-31"
[2019-07-23 13:11:41.197] [INFO] - RowDataPacket {
  username: '黄沁',
  overtimedate: 2019-07-05T16:00:00.000Z,
  daynum: 1 }
[2019-07-23 13:11:41.199] [ERROR] - 
[2019-07-23 13:11:41.201] [ERROR] -   TypeError: place.overtimedate.slice is not a function
      at C:\Users\HP\Desktop\koaTest\lib\excel.js:142:60
      at process._tickCallback (internal/process/next_tick.js:68:7)
[2019-07-23 13:11:41.202] [ERROR] - 
[2019-07-23 13:12:21.023] [INFO] - home
[2019-07-23 13:12:21.055] [INFO] - Listening on port 8880
[2019-07-23 13:12:27.908] [INFO] - select a.username,a.outdate,a.department,a.place,b.price from outs a left join price b on a.place = b.place where a.place !="" and a.outdate>="2019-07-01" and a.outdate<="2019-07-31"
[2019-07-23 13:12:27.918] [INFO] - RowDataPacket {
  username: '彭德军',
  outdate: '2019-07-09',
  department: '第一征收办公室',
  place: '泗泾',
  price: 50 }
[2019-07-23 13:12:27.921] [INFO] - RowDataPacket {
  username: '黄沁',
  outdate: '2019-07-04',
  department: '第一征收重大部',
  place: '车墩',
  price: 30 }
[2019-07-23 13:12:27.921] [INFO] - RowDataPacket {
  username: '黄沁',
  outdate: '2019-07-08',
  department: '第一征收重大部',
  place: '车墩',
  price: 30 }
[2019-07-23 13:12:27.922] [INFO] - RowDataPacket {
  username: '黄沁',
  outdate: '2019-07-09',
  department: '第一征收重大部',
  place: '佘山',
  price: 30 }
[2019-07-23 13:12:27.922] [INFO] - RowDataPacket {
  username: '王强',
  outdate: '2019-07-04',
  department: '第一征收重大部',
  place: '上海',
  price: 0 }
[2019-07-23 13:12:27.923] [INFO] - RowDataPacket {
  username: '董乾',
  outdate: '2019-07-08',
  department: '第一征收重大部',
  place: '车墩',
  price: 30 }
[2019-07-23 13:12:27.923] [INFO] - RowDataPacket {
  username: '董乾',
  outdate: '2019-07-09',
  department: '第一征收重大部',
  place: '车墩',
  price: 30 }
[2019-07-23 13:12:27.924] [INFO] - RowDataPacket {
  username: '顾元生',
  outdate: '2019-07-04',
  department: '第一征收重大部',
  place: '九亭',
  price: 50 }
[2019-07-23 13:12:27.924] [INFO] - RowDataPacket {
  username: '顾元生',
  outdate: '2019-07-08',
  department: '第一征收重大部',
  place: '泗泾',
  price: 50 }
[2019-07-23 13:12:27.924] [INFO] - RowDataPacket {
  username: '顾元生',
  outdate: '2019-07-09',
  department: '第一征收重大部',
  place: '叶榭',
  price: 30 }
[2019-07-23 13:12:27.926] [INFO] - RowDataPacket {
  username: '胡捷',
  outdate: '2019-07-08',
  department: '第一征收重大部',
  place: '泖港',
  price: 30 }
[2019-07-23 13:12:27.927] [INFO] - RowDataPacket {
  username: '孙魁',
  outdate: '2019-07-04',
  department: '第一征收重大部',
  place: '车墩',
  price: 30 }
[2019-07-23 13:12:27.928] [INFO] - RowDataPacket {
  username: '孙魁',
  outdate: '2019-07-08',
  department: '第一征收重大部',
  place: '车墩',
  price: 30 }
[2019-07-23 13:12:27.929] [INFO] - RowDataPacket {
  username: '孙魁',
  outdate: '2019-07-09',
  department: '第一征收重大部',
  place: '车墩',
  price: 30 }
[2019-07-23 13:12:27.930] [INFO] - RowDataPacket {
  username: '孟存宏',
  outdate: '2019-07-04',
  department: '第一征收重大部',
  place: '车墩',
  price: 30 }
[2019-07-23 13:12:27.930] [INFO] - RowDataPacket {
  username: '孟存宏',
  outdate: '2019-07-08',
  department: '第一征收重大部',
  place: '车墩',
  price: 30 }
[2019-07-23 13:12:27.931] [INFO] - RowDataPacket {
  username: '孟存宏',
  outdate: '2019-07-09',
  department: '第一征收重大部',
  place: '佘山',
  price: 30 }
[2019-07-23 13:12:27.931] [INFO] - RowDataPacket {
  username: '徐沪',
  outdate: '2019-07-04',
  department: '第一征收重大部',
  place: '车墩',
  price: 30 }
[2019-07-23 13:12:27.932] [INFO] - RowDataPacket {
  username: '徐沪',
  outdate: '2019-07-08',
  department: '第一征收重大部',
  place: '九亭',
  price: 50 }
[2019-07-23 13:12:27.932] [INFO] - RowDataPacket {
  username: '徐沪',
  outdate: '2019-07-09',
  department: '第一征收重大部',
  place: '叶榭',
  price: 30 }
[2019-07-23 13:12:27.933] [INFO] - RowDataPacket {
  username: '朱春辉',
  outdate: '2019-07-04',
  department: '第一征收重大部',
  place: '九亭',
  price: 50 }
[2019-07-23 13:12:27.934] [INFO] - RowDataPacket {
  username: '朱春辉',
  outdate: '2019-07-08',
  department: '第一征收重大部',
  place: '车墩',
  price: 30 }
[2019-07-23 13:12:27.934] [INFO] - RowDataPacket {
  username: '朱春辉',
  outdate: '2019-07-09',
  department: '第一征收重大部',
  place: '叶榭',
  price: 30 }
[2019-07-23 13:12:27.934] [INFO] - RowDataPacket {
  username: '朱玉秀',
  outdate: '2019-07-08',
  department: '第一征收重大部',
  place: '泖港',
  price: 30 }
[2019-07-23 13:12:27.935] [INFO] - RowDataPacket {
  username: '万雪明',
  outdate: '2019-07-04',
  department: '第一征收项目一部',
  place: '九亭',
  price: 50 }
[2019-07-23 13:12:27.935] [INFO] - RowDataPacket {
  username: '万雪明',
  outdate: '2019-07-09',
  department: '第一征收项目一部',
  place: '泗泾',
  price: 50 }
[2019-07-23 13:12:27.936] [INFO] - RowDataPacket {
  username: '赵静妮',
  outdate: '2019-07-09',
  department: '第一征收项目一部',
  place: '泗泾',
  price: 50 }
[2019-07-23 13:12:27.936] [INFO] - RowDataPacket {
  username: '金贞贤',
  outdate: '2019-07-04',
  department: '第一征收项目一部',
  place: '泗泾',
  price: 50 }
[2019-07-23 13:12:27.936] [INFO] - RowDataPacket {
  username: '金贞贤',
  outdate: '2019-07-08',
  department: '第一征收项目一部',
  place: '泗泾',
  price: 50 }
[2019-07-23 13:12:27.937] [INFO] - RowDataPacket {
  username: '金贞贤',
  outdate: '2019-07-09',
  department: '第一征收项目一部',
  place: '泗泾',
  price: 50 }
[2019-07-23 13:12:27.937] [INFO] - RowDataPacket {
  username: '苏从',
  outdate: '2019-07-04',
  department: '第一征收项目一部',
  place: '泗泾',
  price: 50 }
[2019-07-23 13:12:27.938] [INFO] - RowDataPacket {
  username: '苏从',
  outdate: '2019-07-08',
  department: '第一征收项目一部',
  place: '泗泾',
  price: 50 }
[2019-07-23 13:12:27.938] [INFO] - RowDataPacket {
  username: '苏从',
  outdate: '2019-07-09',
  department: '第一征收项目一部',
  place: '泗泾',
  price: 50 }
[2019-07-23 13:12:27.939] [INFO] - RowDataPacket {
  username: '蒋睿峰',
  outdate: '2019-07-04',
  department: '第一征收项目一部',
  place: '新桥',
  price: 30 }
[2019-07-23 13:12:27.939] [INFO] - RowDataPacket {
  username: '蒋睿峰',
  outdate: '2019-07-08',
  department: '第一征收项目一部',
  place: '九亭',
  price: 50 }
[2019-07-23 13:12:27.939] [INFO] - RowDataPacket {
  username: '蒋睿峰',
  outdate: '2019-07-09',
  department: '第一征收项目一部',
  place: '小昆山',
  price: 30 }
[2019-07-23 13:12:27.940] [INFO] - RowDataPacket {
  username: '江淼',
  outdate: '2019-07-04',
  department: '第一征收项目一部',
  place: '九亭',
  price: 50 }
[2019-07-23 13:12:27.940] [INFO] - RowDataPacket {
  username: '江淼',
  outdate: '2019-07-08',
  department: '第一征收项目一部',
  place: '车墩',
  price: 30 }
[2019-07-23 13:12:27.941] [INFO] - RowDataPacket {
  username: '董春辉',
  outdate: '2019-07-09',
  department: '第一征收项目一部',
  place: '泗泾',
  price: 50 }
[2019-07-23 13:12:27.941] [INFO] - RowDataPacket {
  username: '单喆',
  outdate: '2019-07-04',
  department: '第一征收项目一部',
  place: '泗泾',
  price: 50 }
[2019-07-23 13:12:27.942] [INFO] - RowDataPacket {
  username: '单喆',
  outdate: '2019-07-08',
  department: '第一征收项目一部',
  place: '泗泾',
  price: 50 }
[2019-07-23 13:12:27.943] [INFO] - RowDataPacket {
  username: '单喆',
  outdate: '2019-07-09',
  department: '第一征收项目一部',
  place: '泗泾',
  price: 50 }
[2019-07-23 13:12:27.945] [INFO] - RowDataPacket {
  username: '陆顺良',
  outdate: '2019-07-09',
  department: '第一征收项目一部',
  place: '泗泾',
  price: 50 }
[2019-07-23 13:12:27.946] [INFO] - RowDataPacket {
  username: '徐莹',
  outdate: '2019-07-04',
  department: '第一征收项目一部',
  place: '泗泾',
  price: 50 }
[2019-07-23 13:12:27.946] [INFO] - RowDataPacket {
  username: '徐莹',
  outdate: '2019-07-08',
  department: '第一征收项目一部',
  place: '泗泾',
  price: 50 }
[2019-07-23 13:12:27.947] [INFO] - RowDataPacket {
  username: '徐莹',
  outdate: '2019-07-09',
  department: '第一征收项目一部',
  place: '泗泾',
  price: 50 }
[2019-07-23 13:12:27.947] [INFO] - RowDataPacket {
  username: '沈军梅',
  outdate: '2019-07-08',
  department: '第一征收项目一部',
  place: '车墩',
  price: 30 }
[2019-07-23 13:12:27.948] [INFO] - RowDataPacket {
  username: '夏翔',
  outdate: '2019-07-04',
  department: '第一征收项目二部',
  place: '小昆山',
  price: 30 }
[2019-07-23 13:12:27.948] [INFO] - RowDataPacket {
  username: '夏翔',
  outdate: '2019-07-08',
  department: '第一征收项目二部',
  place: '叶榭',
  price: 30 }
[2019-07-23 13:12:27.949] [INFO] - RowDataPacket {
  username: '张奇',
  outdate: '2019-07-04',
  department: '第一征收项目二部',
  place: '小昆山',
  price: 30 }
[2019-07-23 13:12:27.949] [INFO] - RowDataPacket {
  username: '张奇',
  outdate: '2019-07-08',
  department: '第一征收项目二部',
  place: '叶榭',
  price: 30 }
[2019-07-23 13:12:27.949] [INFO] - RowDataPacket {
  username: '张奇',
  outdate: '2019-07-09',
  department: '第一征收项目二部',
  place: '叶榭',
  price: 30 }
[2019-07-23 13:12:27.950] [INFO] - RowDataPacket {
  username: '陆伟',
  outdate: '2019-07-04',
  department: '第一征收项目二部',
  place: '佘山',
  price: 30 }
[2019-07-23 13:12:27.950] [INFO] - RowDataPacket {
  username: '陆伟',
  outdate: '2019-07-08',
  department: '第一征收项目二部',
  place: '佘山',
  price: 30 }
[2019-07-23 13:12:27.951] [INFO] - RowDataPacket {
  username: '陆伟',
  outdate: '2019-07-09',
  department: '第一征收项目二部',
  place: '佘山',
  price: 30 }
[2019-07-23 13:12:27.951] [INFO] - RowDataPacket {
  username: '朱祎婷',
  outdate: '2019-07-04',
  department: '第一征收项目二部',
  place: '佘山',
  price: 30 }
[2019-07-23 13:12:27.951] [INFO] - RowDataPacket {
  username: '朱祎婷',
  outdate: '2019-07-09',
  department: '第一征收项目二部',
  place: '佘山',
  price: 30 }
[2019-07-23 13:12:27.952] [INFO] - RowDataPacket {
  username: '赵峥嵘',
  outdate: '2019-07-04',
  department: '第一征收项目二部',
  place: '小昆山',
  price: 30 }
[2019-07-23 13:12:27.952] [INFO] - RowDataPacket {
  username: '赵峥嵘',
  outdate: '2019-07-08',
  department: '第一征收项目二部',
  place: '新浜',
  price: 50 }
[2019-07-23 13:12:27.953] [INFO] - RowDataPacket {
  username: '赵峥嵘',
  outdate: '2019-07-09',
  department: '第一征收项目二部',
  place: '小昆山',
  price: 30 }
[2019-07-23 13:12:27.953] [INFO] - RowDataPacket {
  username: '王珂',
  outdate: '2019-07-09',
  department: '第一征收项目二部',
  place: '佘山',
  price: 30 }
[2019-07-23 13:12:27.953] [INFO] - RowDataPacket {
  username: '沈丽君',
  outdate: '2019-07-04',
  department: '第一征收项目二部',
  place: '佘山',
  price: 30 }
[2019-07-23 13:12:27.954] [INFO] - RowDataPacket {
  username: '杨肖叶',
  outdate: '2019-07-04',
  department: '第一征收项目二部',
  place: '佘山',
  price: 30 }
[2019-07-23 13:12:27.954] [INFO] - RowDataPacket {
  username: '杨肖叶',
  outdate: '2019-07-08',
  department: '第一征收项目二部',
  place: '佘山',
  price: 30 }
[2019-07-23 13:12:27.955] [INFO] - RowDataPacket {
  username: '杨肖叶',
  outdate: '2019-07-09',
  department: '第一征收项目二部',
  place: '佘山',
  price: 30 }
[2019-07-23 13:12:27.955] [INFO] - RowDataPacket {
  username: '周忠高',
  outdate: '2019-07-08',
  department: '第一征收项目二部',
  place: '佘山',
  price: 30 }
[2019-07-23 13:12:27.956] [INFO] - RowDataPacket {
  username: '周忠高',
  outdate: '2019-07-09',
  department: '第一征收项目二部',
  place: '佘山',
  price: 30 }
[2019-07-23 13:12:27.956] [INFO] - RowDataPacket {
  username: '姚文军',
  outdate: '2019-07-04',
  department: '第一征收项目二部',
  place: '佘山',
  price: 30 }
[2019-07-23 13:12:27.956] [INFO] - RowDataPacket {
  username: '姚文军',
  outdate: '2019-07-08',
  department: '第一征收项目二部',
  place: '佘山',
  price: 30 }
[2019-07-23 13:12:27.957] [INFO] - RowDataPacket {
  username: '姚文军',
  outdate: '2019-07-09',
  department: '第一征收项目二部',
  place: '佘山',
  price: 30 }
[2019-07-23 13:12:27.957] [INFO] - RowDataPacket {
  username: '何健',
  outdate: '2019-07-04',
  department: '第一征收项目二部',
  place: '佘山',
  price: 30 }
[2019-07-23 13:12:27.958] [INFO] - RowDataPacket {
  username: '何健',
  outdate: '2019-07-08',
  department: '第一征收项目二部',
  place: '佘山',
  price: 30 }
[2019-07-23 13:12:27.958] [INFO] - RowDataPacket {
  username: '何健',
  outdate: '2019-07-09',
  department: '第一征收项目二部',
  place: '佘山',
  price: 30 }
[2019-07-23 13:12:27.959] [INFO] - RowDataPacket {
  username: '谢方琴',
  outdate: '2019-07-08',
  department: '第一征收项目二部',
  place: '叶榭',
  price: 30 }
[2019-07-23 13:12:27.961] [INFO] - RowDataPacket {
  username: '邓圆英',
  outdate: '2019-07-04',
  department: '第一征收项目二部',
  place: '小昆山',
  price: 30 }
[2019-07-23 13:12:28.079] [ERROR] - (node:21944) [DEP0005] DeprecationWarning: Buffer() is deprecated due to security and usability issues. Please use the Buffer.alloc(), Buffer.allocUnsafe(), or Buffer.from() methods instead.
[2019-07-23 13:15:17.631] [INFO] - select username,overtimedate,daynum from overtimeMonth where  overtimedate>="2019-07-01" and overtimedate<="2019-07-31"
[2019-07-23 13:15:17.641] [INFO] - RowDataPacket { username: '黄沁', overtimedate: '2019-07-06', daynum: 1 }
[2019-07-23 13:15:17.642] [INFO] - RowDataPacket { username: '黄沁', overtimedate: '2019-07-13', daynum: 1 }
[2019-07-23 13:15:17.643] [INFO] - RowDataPacket { username: '董乾', overtimedate: '2019-07-01', daynum: 0.25 }
[2019-07-23 13:15:17.645] [INFO] - RowDataPacket { username: '董乾', overtimedate: '2019-07-06', daynum: 0.5 }
[2019-07-23 13:15:17.645] [INFO] - RowDataPacket { username: '董乾', overtimedate: '2019-07-07', daynum: 0.5 }
[2019-07-23 13:15:17.647] [INFO] - RowDataPacket { username: '胡捷', overtimedate: '2019-07-13', daynum: 1 }
[2019-07-23 13:15:17.648] [INFO] - RowDataPacket { username: '胡捷', overtimedate: '2019-07-14', daynum: 1 }
[2019-07-23 13:15:17.648] [INFO] - RowDataPacket { username: '孙魁', overtimedate: '2019-07-06', daynum: 1 }
[2019-07-23 13:15:17.649] [INFO] - RowDataPacket { username: '孙魁', overtimedate: '2019-07-13', daynum: 1 }
[2019-07-23 13:15:17.650] [INFO] - RowDataPacket { username: '孟存宏', overtimedate: '2019-07-06', daynum: 1 }
[2019-07-23 13:15:17.651] [INFO] - RowDataPacket { username: '孟存宏', overtimedate: '2019-07-13', daynum: 1 }
[2019-07-23 13:15:17.651] [INFO] - RowDataPacket { username: '徐沪', overtimedate: '2019-07-01', daynum: 0.25 }
[2019-07-23 13:15:17.653] [INFO] - RowDataPacket { username: '徐沪', overtimedate: '2019-07-06', daynum: 1 }
[2019-07-23 13:15:17.655] [INFO] - RowDataPacket { username: '徐沪', overtimedate: '2019-07-07', daynum: 0.5 }
[2019-07-23 13:15:17.657] [INFO] - RowDataPacket { username: '朱春辉', overtimedate: '2019-07-01', daynum: 0.25 }
[2019-07-23 13:15:17.658] [INFO] - RowDataPacket { username: '朱春辉', overtimedate: '2019-07-06', daynum: 1 }
[2019-07-23 13:15:17.659] [INFO] - RowDataPacket { username: '朱春辉', overtimedate: '2019-07-07', daynum: 0.5 }
[2019-07-23 13:15:17.660] [INFO] - RowDataPacket { username: '朱春辉', overtimedate: '2019-07-13', daynum: 1 }
[2019-07-23 13:15:17.661] [INFO] - RowDataPacket { username: '朱玉秀', overtimedate: '2019-07-06', daynum: 1 }
[2019-07-23 13:15:17.662] [INFO] - RowDataPacket { username: '朱玉秀', overtimedate: '2019-07-07', daynum: 1 }
[2019-07-23 13:15:17.664] [INFO] - RowDataPacket { username: '朱玉秀', overtimedate: '2019-07-13', daynum: 1 }
[2019-07-23 13:15:17.666] [INFO] - RowDataPacket { username: '朱玉秀', overtimedate: '2019-07-14', daynum: 1 }
[2019-07-23 13:15:17.671] [INFO] - RowDataPacket { username: '万雪明', overtimedate: '2019-07-13', daynum: 1 }
[2019-07-23 13:15:17.672] [INFO] - RowDataPacket { username: '赵静妮', overtimedate: '2019-07-06', daynum: 1 }
[2019-07-23 13:15:17.672] [INFO] - RowDataPacket { username: '赵静妮', overtimedate: '2019-07-13', daynum: 1 }
[2019-07-23 13:15:17.674] [INFO] - RowDataPacket { username: '赵静妮', overtimedate: '2019-07-14', daynum: 1 }
[2019-07-23 13:15:17.675] [INFO] - RowDataPacket { username: '金贞贤', overtimedate: '2019-07-06', daynum: 1 }
[2019-07-23 13:15:17.678] [INFO] - RowDataPacket { username: '金贞贤', overtimedate: '2019-07-13', daynum: 1 }
[2019-07-23 13:15:17.678] [INFO] - RowDataPacket { username: '苏从', overtimedate: '2019-07-06', daynum: 1 }
[2019-07-23 13:15:17.679] [INFO] - RowDataPacket { username: '苏从', overtimedate: '2019-07-13', daynum: 1 }
[2019-07-23 13:15:17.679] [INFO] - RowDataPacket { username: '蒋睿峰', overtimedate: '2019-07-06', daynum: 1 }
[2019-07-23 13:15:17.680] [INFO] - RowDataPacket { username: '蒋睿峰', overtimedate: '2019-07-07', daynum: 0.125 }
[2019-07-23 13:15:17.680] [INFO] - RowDataPacket { username: '蒋睿峰', overtimedate: '2019-07-13', daynum: 0.5 }
[2019-07-23 13:15:17.681] [INFO] - RowDataPacket { username: '蒋睿峰', overtimedate: '2019-07-14', daynum: 0.5 }
[2019-07-23 13:15:17.681] [INFO] - RowDataPacket { username: '江淼', overtimedate: '2019-07-06', daynum: 1 }
[2019-07-23 13:15:17.682] [INFO] - RowDataPacket { username: '江淼', overtimedate: '2019-07-13', daynum: 1 }
[2019-07-23 13:15:17.682] [INFO] - RowDataPacket { username: '江淼', overtimedate: '2019-07-14', daynum: 1 }
[2019-07-23 13:15:17.683] [INFO] - RowDataPacket { username: '董春辉', overtimedate: '2019-07-13', daynum: 1 }
[2019-07-23 13:15:17.683] [INFO] - RowDataPacket { username: '董春辉', overtimedate: '2019-07-14', daynum: 1 }
[2019-07-23 13:15:17.685] [INFO] - RowDataPacket { username: '单喆', overtimedate: '2019-07-13', daynum: 1 }
[2019-07-23 13:15:17.688] [INFO] - RowDataPacket { username: '陆顺良', overtimedate: '2019-07-13', daynum: 1 }
[2019-07-23 13:15:17.689] [INFO] - RowDataPacket { username: '陆顺良', overtimedate: '2019-07-14', daynum: 0.5 }
[2019-07-23 13:15:17.690] [INFO] - RowDataPacket { username: '徐莹', overtimedate: '2019-07-06', daynum: 1 }
[2019-07-23 13:15:17.691] [INFO] - RowDataPacket { username: '徐莹', overtimedate: '2019-07-13', daynum: 1 }
[2019-07-23 13:15:17.691] [INFO] - RowDataPacket { username: '沈军梅', overtimedate: '2019-07-06', daynum: 1 }
[2019-07-23 13:15:17.692] [INFO] - RowDataPacket { username: '沈军梅', overtimedate: '2019-07-13', daynum: 1 }
[2019-07-23 13:15:17.693] [INFO] - RowDataPacket { username: '夏翔', overtimedate: '2019-07-06', daynum: 1 }
[2019-07-23 13:15:17.695] [INFO] - RowDataPacket { username: '夏翔', overtimedate: '2019-07-07', daynum: 0.5 }
[2019-07-23 13:15:17.697] [INFO] - RowDataPacket { username: '张奇', overtimedate: '2019-07-06', daynum: 1 }
[2019-07-23 13:15:17.697] [INFO] - RowDataPacket { username: '张奇', overtimedate: '2019-07-07', daynum: 0.5 }
[2019-07-23 13:15:17.698] [INFO] - RowDataPacket { username: '陆伟', overtimedate: '2019-07-13', daynum: 1 }
[2019-07-23 13:15:17.698] [INFO] - RowDataPacket { username: '陆伟', overtimedate: '2019-07-14', daynum: 0.5 }
[2019-07-23 13:15:17.699] [INFO] - RowDataPacket { username: '朱祎婷', overtimedate: '2019-07-06', daynum: 1 }
[2019-07-23 13:15:17.700] [INFO] - RowDataPacket { username: '朱祎婷', overtimedate: '2019-07-07', daynum: 1 }
[2019-07-23 13:15:17.700] [INFO] - RowDataPacket { username: '赵峥嵘', overtimedate: '2019-07-07', daynum: 1 }
[2019-07-23 13:15:17.701] [INFO] - RowDataPacket { username: '赵峥嵘', overtimedate: '2019-07-13', daynum: 1 }
[2019-07-23 13:15:17.704] [INFO] - RowDataPacket { username: '赵峥嵘', overtimedate: '2019-07-14', daynum: 0.5 }
[2019-07-23 13:15:17.705] [INFO] - RowDataPacket { username: '王珂', overtimedate: '2019-07-06', daynum: 1 }
[2019-07-23 13:15:17.707] [INFO] - RowDataPacket { username: '王珂', overtimedate: '2019-07-07', daynum: 1 }
[2019-07-23 13:15:17.708] [INFO] - RowDataPacket { username: '王珂', overtimedate: '2019-07-14', daynum: 0.5 }
[2019-07-23 13:15:17.709] [INFO] - RowDataPacket { username: '沈丽君', overtimedate: '2019-07-13', daynum: 0.5 }
[2019-07-23 13:15:17.710] [INFO] - RowDataPacket { username: '沈丽君', overtimedate: '2019-07-14', daynum: 0.5 }
[2019-07-23 13:15:17.711] [INFO] - RowDataPacket { username: '杨肖叶', overtimedate: '2019-07-06', daynum: 1 }
[2019-07-23 13:15:17.712] [INFO] - RowDataPacket { username: '杨肖叶', overtimedate: '2019-07-07', daynum: 0.5 }
[2019-07-23 13:15:17.712] [INFO] - RowDataPacket { username: '杨肖叶', overtimedate: '2019-07-13', daynum: 0.5 }
[2019-07-23 13:15:17.713] [INFO] - RowDataPacket { username: '周忠高', overtimedate: '2019-07-06', daynum: 0.5 }
[2019-07-23 13:15:17.714] [INFO] - RowDataPacket { username: '周忠高', overtimedate: '2019-07-07', daynum: 0.5 }
[2019-07-23 13:15:17.716] [INFO] - RowDataPacket { username: '姚文军', overtimedate: '2019-07-06', daynum: 1 }
[2019-07-23 13:15:17.716] [INFO] - RowDataPacket { username: '姚文军', overtimedate: '2019-07-07', daynum: 1 }
[2019-07-23 13:15:17.717] [INFO] - RowDataPacket { username: '姚文军', overtimedate: '2019-07-13', daynum: 1 }
[2019-07-23 13:15:17.717] [INFO] - RowDataPacket { username: '何健', overtimedate: '2019-07-13', daynum: 0.5 }
[2019-07-23 13:15:17.718] [INFO] - RowDataPacket { username: '何健', overtimedate: '2019-07-14', daynum: 1 }
[2019-07-23 13:15:17.720] [INFO] - RowDataPacket { username: '谢方琴', overtimedate: '2019-07-06', daynum: 0.5 }
[2019-07-23 13:15:17.720] [INFO] - RowDataPacket { username: '谢方琴', overtimedate: '2019-07-07', daynum: 0.5 }
[2019-07-23 13:15:17.721] [INFO] - RowDataPacket { username: '邓圆英', overtimedate: '2019-07-13', daynum: 0.5 }
[2019-07-23 13:15:17.722] [INFO] - RowDataPacket { username: '邓圆英', overtimedate: '2019-07-14', daynum: 0.5 }
[2019-07-23 13:16:13.489] [INFO] - select username,overtimedate,daynum from overtimeMonth where  overtimedate>="2019-07-01" and overtimedate<="2019-07-31"
[2019-07-23 13:16:13.493] [INFO] - RowDataPacket { username: '黄沁', overtimedate: '2019-07-06', daynum: 1 }
[2019-07-23 13:16:13.494] [INFO] - RowDataPacket { username: '黄沁', overtimedate: '2019-07-13', daynum: 1 }
[2019-07-23 13:16:13.495] [INFO] - RowDataPacket { username: '董乾', overtimedate: '2019-07-01', daynum: 0.25 }
[2019-07-23 13:16:13.496] [INFO] - RowDataPacket { username: '董乾', overtimedate: '2019-07-06', daynum: 0.5 }
[2019-07-23 13:16:13.497] [INFO] - RowDataPacket { username: '董乾', overtimedate: '2019-07-07', daynum: 0.5 }
[2019-07-23 13:16:13.497] [INFO] - RowDataPacket { username: '胡捷', overtimedate: '2019-07-13', daynum: 1 }
[2019-07-23 13:16:13.497] [INFO] - RowDataPacket { username: '胡捷', overtimedate: '2019-07-14', daynum: 1 }
[2019-07-23 13:16:13.498] [INFO] - RowDataPacket { username: '孙魁', overtimedate: '2019-07-06', daynum: 1 }
[2019-07-23 13:16:13.500] [INFO] - RowDataPacket { username: '孙魁', overtimedate: '2019-07-13', daynum: 1 }
[2019-07-23 13:16:13.500] [INFO] - RowDataPacket { username: '孟存宏', overtimedate: '2019-07-06', daynum: 1 }
[2019-07-23 13:16:13.501] [INFO] - RowDataPacket { username: '孟存宏', overtimedate: '2019-07-13', daynum: 1 }
[2019-07-23 13:16:13.501] [INFO] - RowDataPacket { username: '徐沪', overtimedate: '2019-07-01', daynum: 0.25 }
[2019-07-23 13:16:13.502] [INFO] - RowDataPacket { username: '徐沪', overtimedate: '2019-07-06', daynum: 1 }
[2019-07-23 13:16:13.503] [INFO] - RowDataPacket { username: '徐沪', overtimedate: '2019-07-07', daynum: 0.5 }
[2019-07-23 13:16:13.503] [INFO] - RowDataPacket { username: '朱春辉', overtimedate: '2019-07-01', daynum: 0.25 }
[2019-07-23 13:16:13.504] [INFO] - RowDataPacket { username: '朱春辉', overtimedate: '2019-07-06', daynum: 1 }
[2019-07-23 13:16:13.504] [INFO] - RowDataPacket { username: '朱春辉', overtimedate: '2019-07-07', daynum: 0.5 }
[2019-07-23 13:16:13.505] [INFO] - RowDataPacket { username: '朱春辉', overtimedate: '2019-07-13', daynum: 1 }
[2019-07-23 13:16:13.506] [INFO] - RowDataPacket { username: '朱玉秀', overtimedate: '2019-07-06', daynum: 1 }
[2019-07-23 13:16:13.508] [INFO] - RowDataPacket { username: '朱玉秀', overtimedate: '2019-07-07', daynum: 1 }
[2019-07-23 13:16:13.508] [INFO] - RowDataPacket { username: '朱玉秀', overtimedate: '2019-07-13', daynum: 1 }
[2019-07-23 13:16:13.509] [INFO] - RowDataPacket { username: '朱玉秀', overtimedate: '2019-07-14', daynum: 1 }
[2019-07-23 13:16:13.509] [INFO] - RowDataPacket { username: '万雪明', overtimedate: '2019-07-13', daynum: 1 }
[2019-07-23 13:16:13.509] [INFO] - RowDataPacket { username: '赵静妮', overtimedate: '2019-07-06', daynum: 1 }
[2019-07-23 13:16:13.510] [INFO] - RowDataPacket { username: '赵静妮', overtimedate: '2019-07-13', daynum: 1 }
[2019-07-23 13:16:13.510] [INFO] - RowDataPacket { username: '赵静妮', overtimedate: '2019-07-14', daynum: 1 }
[2019-07-23 13:16:13.511] [INFO] - RowDataPacket { username: '金贞贤', overtimedate: '2019-07-06', daynum: 1 }
[2019-07-23 13:16:13.511] [INFO] - RowDataPacket { username: '金贞贤', overtimedate: '2019-07-13', daynum: 1 }
[2019-07-23 13:16:13.511] [INFO] - RowDataPacket { username: '苏从', overtimedate: '2019-07-06', daynum: 1 }
[2019-07-23 13:16:13.512] [INFO] - RowDataPacket { username: '苏从', overtimedate: '2019-07-13', daynum: 1 }
[2019-07-23 13:16:13.512] [INFO] - RowDataPacket { username: '蒋睿峰', overtimedate: '2019-07-06', daynum: 1 }
[2019-07-23 13:16:13.513] [INFO] - RowDataPacket { username: '蒋睿峰', overtimedate: '2019-07-07', daynum: 0.125 }
[2019-07-23 13:16:13.514] [INFO] - RowDataPacket { username: '蒋睿峰', overtimedate: '2019-07-13', daynum: 0.5 }
[2019-07-23 13:16:13.516] [INFO] - RowDataPacket { username: '蒋睿峰', overtimedate: '2019-07-14', daynum: 0.5 }
[2019-07-23 13:16:13.516] [INFO] - RowDataPacket { username: '江淼', overtimedate: '2019-07-06', daynum: 1 }
[2019-07-23 13:16:13.517] [INFO] - RowDataPacket { username: '江淼', overtimedate: '2019-07-13', daynum: 1 }
[2019-07-23 13:16:13.517] [INFO] - RowDataPacket { username: '江淼', overtimedate: '2019-07-14', daynum: 1 }
[2019-07-23 13:16:13.518] [INFO] - RowDataPacket { username: '董春辉', overtimedate: '2019-07-13', daynum: 1 }
[2019-07-23 13:16:13.518] [INFO] - RowDataPacket { username: '董春辉', overtimedate: '2019-07-14', daynum: 1 }
[2019-07-23 13:16:13.519] [INFO] - RowDataPacket { username: '单喆', overtimedate: '2019-07-13', daynum: 1 }
[2019-07-23 13:16:13.519] [INFO] - RowDataPacket { username: '陆顺良', overtimedate: '2019-07-13', daynum: 1 }
[2019-07-23 13:16:13.520] [INFO] - RowDataPacket { username: '陆顺良', overtimedate: '2019-07-14', daynum: 0.5 }
[2019-07-23 13:16:13.520] [INFO] - RowDataPacket { username: '徐莹', overtimedate: '2019-07-06', daynum: 1 }
[2019-07-23 13:16:13.521] [INFO] - RowDataPacket { username: '徐莹', overtimedate: '2019-07-13', daynum: 1 }
[2019-07-23 13:16:13.521] [INFO] - RowDataPacket { username: '沈军梅', overtimedate: '2019-07-06', daynum: 1 }
[2019-07-23 13:16:13.521] [INFO] - RowDataPacket { username: '沈军梅', overtimedate: '2019-07-13', daynum: 1 }
[2019-07-23 13:16:13.522] [INFO] - RowDataPacket { username: '夏翔', overtimedate: '2019-07-06', daynum: 1 }
[2019-07-23 13:16:13.522] [INFO] - RowDataPacket { username: '夏翔', overtimedate: '2019-07-07', daynum: 0.5 }
[2019-07-23 13:16:13.523] [INFO] - RowDataPacket { username: '张奇', overtimedate: '2019-07-06', daynum: 1 }
[2019-07-23 13:16:13.523] [INFO] - RowDataPacket { username: '张奇', overtimedate: '2019-07-07', daynum: 0.5 }
[2019-07-23 13:16:13.523] [INFO] - RowDataPacket { username: '陆伟', overtimedate: '2019-07-13', daynum: 1 }
[2019-07-23 13:16:13.524] [INFO] - RowDataPacket { username: '陆伟', overtimedate: '2019-07-14', daynum: 0.5 }
[2019-07-23 13:16:13.524] [INFO] - RowDataPacket { username: '朱祎婷', overtimedate: '2019-07-06', daynum: 1 }
[2019-07-23 13:16:13.524] [INFO] - RowDataPacket { username: '朱祎婷', overtimedate: '2019-07-07', daynum: 1 }
[2019-07-23 13:16:13.525] [INFO] - RowDataPacket { username: '赵峥嵘', overtimedate: '2019-07-07', daynum: 1 }
[2019-07-23 13:16:13.525] [INFO] - RowDataPacket { username: '赵峥嵘', overtimedate: '2019-07-13', daynum: 1 }
[2019-07-23 13:16:13.526] [INFO] - RowDataPacket { username: '赵峥嵘', overtimedate: '2019-07-14', daynum: 0.5 }
[2019-07-23 13:16:13.526] [INFO] - RowDataPacket { username: '王珂', overtimedate: '2019-07-06', daynum: 1 }
[2019-07-23 13:16:13.526] [INFO] - RowDataPacket { username: '王珂', overtimedate: '2019-07-07', daynum: 1 }
[2019-07-23 13:16:13.528] [INFO] - RowDataPacket { username: '王珂', overtimedate: '2019-07-14', daynum: 0.5 }
[2019-07-23 13:16:13.528] [INFO] - RowDataPacket { username: '沈丽君', overtimedate: '2019-07-13', daynum: 0.5 }
[2019-07-23 13:16:13.529] [INFO] - RowDataPacket { username: '沈丽君', overtimedate: '2019-07-14', daynum: 0.5 }
[2019-07-23 13:16:13.529] [INFO] - RowDataPacket { username: '杨肖叶', overtimedate: '2019-07-06', daynum: 1 }
[2019-07-23 13:16:13.531] [INFO] - RowDataPacket { username: '杨肖叶', overtimedate: '2019-07-07', daynum: 0.5 }
[2019-07-23 13:16:13.532] [INFO] - RowDataPacket { username: '杨肖叶', overtimedate: '2019-07-13', daynum: 0.5 }
[2019-07-23 13:16:13.533] [INFO] - RowDataPacket { username: '周忠高', overtimedate: '2019-07-06', daynum: 0.5 }
[2019-07-23 13:16:13.534] [INFO] - RowDataPacket { username: '周忠高', overtimedate: '2019-07-07', daynum: 0.5 }
[2019-07-23 13:16:13.534] [INFO] - RowDataPacket { username: '姚文军', overtimedate: '2019-07-06', daynum: 1 }
[2019-07-23 13:16:13.534] [INFO] - RowDataPacket { username: '姚文军', overtimedate: '2019-07-07', daynum: 1 }
[2019-07-23 13:16:13.535] [INFO] - RowDataPacket { username: '姚文军', overtimedate: '2019-07-13', daynum: 1 }
[2019-07-23 13:16:13.536] [INFO] - RowDataPacket { username: '何健', overtimedate: '2019-07-13', daynum: 0.5 }
[2019-07-23 13:16:13.536] [INFO] - RowDataPacket { username: '何健', overtimedate: '2019-07-14', daynum: 1 }
[2019-07-23 13:16:13.536] [INFO] - RowDataPacket { username: '谢方琴', overtimedate: '2019-07-06', daynum: 0.5 }
[2019-07-23 13:16:13.537] [INFO] - RowDataPacket { username: '谢方琴', overtimedate: '2019-07-07', daynum: 0.5 }
[2019-07-23 13:16:13.537] [INFO] - RowDataPacket { username: '邓圆英', overtimedate: '2019-07-13', daynum: 0.5 }
[2019-07-23 13:16:13.537] [INFO] - RowDataPacket { username: '邓圆英', overtimedate: '2019-07-14', daynum: 0.5 }
[2019-07-23 13:49:41.379] [INFO] - select username,overtimedate,daynum from overtimeMonth where  overtimedate>="2019-07-01" and overtimedate<="2019-07-31"
[2019-07-23 13:49:41.387] [INFO] - RowDataPacket {
  username: '黄沁',
  overtimedate: 2019-07-05T16:00:00.000Z,
  daynum: 1 }
[2019-07-23 13:49:41.390] [ERROR] - 
[2019-07-23 13:49:41.392] [ERROR] -   TypeError: place.overtimedate.slice is not a function
      at C:\Users\HP\Desktop\koaTest\lib\excel.js:143:60
      at process._tickCallback (internal/process/next_tick.js:68:7)
[2019-07-23 13:49:41.393] [ERROR] - 
[2019-07-23 13:50:54.388] [INFO] - home
[2019-07-23 13:50:54.418] [INFO] - Listening on port 8880
[2019-07-23 13:51:16.549] [INFO] - home
[2019-07-23 13:51:16.581] [INFO] - Listening on port 8880
[2019-07-23 13:51:26.724] [INFO] - select username,overtimedate,daynum from overtimeMonth where  overtimedate>="2019-07-01" and overtimedate<="2019-07-31"
[2019-07-23 13:51:26.732] [ERROR] - 
[2019-07-23 13:51:26.733] [ERROR] -   TypeError: place.overtimedate.format is not a function
      at C:\Users\HP\Desktop\koaTest\lib\excel.js:142:38
      at process._tickCallback (internal/process/next_tick.js:68:7)
[2019-07-23 13:51:26.734] [ERROR] - 
[2019-07-23 13:51:51.551] [INFO] - home
[2019-07-23 13:51:51.584] [INFO] - Listening on port 8880
[2019-07-23 13:51:57.141] [INFO] - select username,overtimedate,daynum from overtimeMonth where  overtimedate>="2019-07-01" and overtimedate<="2019-07-31"
[2019-07-23 13:51:57.150] [INFO] - 2019-07-05T16:00:00.000Z
[2019-07-23 13:51:57.151] [ERROR] - 
[2019-07-23 13:51:57.151] [ERROR] -   TypeError: place.overtimedate.format is not a function
      at C:\Users\HP\Desktop\koaTest\lib\excel.js:143:60
      at process._tickCallback (internal/process/next_tick.js:68:7)
[2019-07-23 13:51:57.157] [ERROR] - 
[2019-07-23 13:55:45.115] [INFO] - home
[2019-07-23 13:55:45.144] [INFO] - Listening on port 8880
[2019-07-23 13:55:55.110] [INFO] - select username,overtimedate,daynum from overtimeMonth where  overtimedate>="2019-07-01" and overtimedate<="2019-07-31"
[2019-07-23 13:55:55.121] [INFO] - 2019-07-06
[2019-07-23 13:55:55.122] [INFO] - 2019-07-13
[2019-07-23 13:55:55.125] [INFO] - 2019-07-20
[2019-07-23 13:55:55.126] [INFO] - 2019-07-01
[2019-07-23 13:55:55.127] [INFO] - 2019-07-06
[2019-07-23 13:55:55.127] [INFO] - 2019-07-07
[2019-07-23 13:55:55.129] [INFO] - 2019-07-20
[2019-07-23 13:55:55.129] [INFO] - 2019-07-20
[2019-07-23 13:55:55.132] [INFO] - 2019-07-13
[2019-07-23 13:55:55.132] [INFO] - 2019-07-14
[2019-07-23 13:55:55.134] [INFO] - 2019-07-15
[2019-07-23 13:55:55.135] [INFO] - 2019-07-20
[2019-07-23 13:55:55.135] [INFO] - 2019-07-21
[2019-07-23 13:55:55.135] [INFO] - 2019-07-06
[2019-07-23 13:55:55.136] [INFO] - 2019-07-13
[2019-07-23 13:55:55.136] [INFO] - 2019-07-20
[2019-07-23 13:55:55.137] [INFO] - 2019-07-06
[2019-07-23 13:55:55.137] [INFO] - 2019-07-13
[2019-07-23 13:55:55.137] [INFO] - 2019-07-20
[2019-07-23 13:55:55.138] [INFO] - 2019-07-01
[2019-07-23 13:55:55.138] [INFO] - 2019-07-06
[2019-07-23 13:55:55.139] [INFO] - 2019-07-07
[2019-07-23 13:55:55.139] [INFO] - 2019-07-20
[2019-07-23 13:55:55.139] [INFO] - 2019-07-21
[2019-07-23 13:55:55.140] [INFO] - 2019-07-01
[2019-07-23 13:55:55.141] [INFO] - 2019-07-06
[2019-07-23 13:55:55.143] [INFO] - 2019-07-07
[2019-07-23 13:55:55.144] [INFO] - 2019-07-13
[2019-07-23 13:55:55.145] [INFO] - 2019-07-20
[2019-07-23 13:55:55.146] [INFO] - 2019-07-21
[2019-07-23 13:55:55.147] [INFO] - 2019-07-06
[2019-07-23 13:55:55.147] [INFO] - 2019-07-07
[2019-07-23 13:55:55.148] [INFO] - 2019-07-13
[2019-07-23 13:55:55.149] [INFO] - 2019-07-14
[2019-07-23 13:55:55.149] [INFO] - 2019-07-15
[2019-07-23 13:55:55.150] [INFO] - 2019-07-20
[2019-07-23 13:55:55.150] [INFO] - 2019-07-21
[2019-07-23 13:55:55.151] [INFO] - 2019-07-13
[2019-07-23 13:55:55.151] [INFO] - 2019-07-20
[2019-07-23 13:55:55.153] [INFO] - 2019-07-21
[2019-07-23 13:55:55.153] [INFO] - 2019-07-06
[2019-07-23 13:55:55.155] [INFO] - 2019-07-13
[2019-07-23 13:55:55.155] [INFO] - 2019-07-14
[2019-07-23 13:55:55.156] [INFO] - 2019-07-20
[2019-07-23 13:55:55.156] [INFO] - 2019-07-21
[2019-07-23 13:55:55.157] [INFO] - 2019-07-06
[2019-07-23 13:55:55.158] [INFO] - 2019-07-13
[2019-07-23 13:55:55.158] [INFO] - 2019-07-20
[2019-07-23 13:55:55.159] [INFO] - 2019-07-06
[2019-07-23 13:55:55.160] [INFO] - 2019-07-13
[2019-07-23 13:55:55.161] [INFO] - 2019-07-20
[2019-07-23 13:55:55.162] [INFO] - 2019-07-06
[2019-07-23 13:55:55.164] [INFO] - 2019-07-07
[2019-07-23 13:55:55.166] [INFO] - 2019-07-13
[2019-07-23 13:55:55.166] [INFO] - 2019-07-14
[2019-07-23 13:55:55.167] [INFO] - 2019-07-20
[2019-07-23 13:55:55.167] [INFO] - 2019-07-21
[2019-07-23 13:55:55.168] [INFO] - 2019-07-06
[2019-07-23 13:55:55.168] [INFO] - 2019-07-13
[2019-07-23 13:55:55.168] [INFO] - 2019-07-14
[2019-07-23 13:55:55.169] [INFO] - 2019-07-20
[2019-07-23 13:55:55.169] [INFO] - 2019-07-21
[2019-07-23 13:55:55.170] [INFO] - 2019-07-13
[2019-07-23 13:55:55.170] [INFO] - 2019-07-14
[2019-07-23 13:55:55.171] [INFO] - 2019-07-20
[2019-07-23 13:55:55.171] [INFO] - 2019-07-21
[2019-07-23 13:55:55.172] [INFO] - 2019-07-13
[2019-07-23 13:55:55.172] [INFO] - 2019-07-20
[2019-07-23 13:55:55.175] [INFO] - 2019-07-13
[2019-07-23 13:55:55.176] [INFO] - 2019-07-14
[2019-07-23 13:55:55.177] [INFO] - 2019-07-20
[2019-07-23 13:55:55.178] [INFO] - 2019-07-21
[2019-07-23 13:55:55.180] [INFO] - 2019-07-06
[2019-07-23 13:55:55.181] [INFO] - 2019-07-13
[2019-07-23 13:55:55.181] [INFO] - 2019-07-20
[2019-07-23 13:55:55.182] [INFO] - 2019-07-06
[2019-07-23 13:55:55.182] [INFO] - 2019-07-13
[2019-07-23 13:55:55.183] [INFO] - 2019-07-20
[2019-07-23 13:55:55.183] [INFO] - 2019-07-06
[2019-07-23 13:55:55.184] [INFO] - 2019-07-07
[2019-07-23 13:55:55.186] [INFO] - 2019-07-20
[2019-07-23 13:55:55.187] [INFO] - 2019-07-06
[2019-07-23 13:55:55.188] [INFO] - 2019-07-07
[2019-07-23 13:55:55.188] [INFO] - 2019-07-20
[2019-07-23 13:55:55.188] [INFO] - 2019-07-13
[2019-07-23 13:55:55.189] [INFO] - 2019-07-14
[2019-07-23 13:55:55.189] [INFO] - 2019-07-20
[2019-07-23 13:55:55.190] [INFO] - 2019-07-06
[2019-07-23 13:55:55.190] [INFO] - 2019-07-07
[2019-07-23 13:55:55.191] [INFO] - 2019-07-07
[2019-07-23 13:55:55.192] [INFO] - 2019-07-13
[2019-07-23 13:55:55.193] [INFO] - 2019-07-14
[2019-07-23 13:55:55.196] [INFO] - 2019-07-21
[2019-07-23 13:55:55.197] [INFO] - 2019-07-06
[2019-07-23 13:55:55.199] [INFO] - 2019-07-07
[2019-07-23 13:55:55.199] [INFO] - 2019-07-14
[2019-07-23 13:55:55.200] [INFO] - 2019-07-20
[2019-07-23 13:55:55.200] [INFO] - 2019-07-21
[2019-07-23 13:55:55.201] [INFO] - 2019-07-13
[2019-07-23 13:55:55.201] [INFO] - 2019-07-14
[2019-07-23 13:55:55.202] [INFO] - 2019-07-06
[2019-07-23 13:55:55.202] [INFO] - 2019-07-07
[2019-07-23 13:55:55.203] [INFO] - 2019-07-13
[2019-07-23 13:55:55.203] [INFO] - 2019-07-06
[2019-07-23 13:55:55.203] [INFO] - 2019-07-07
[2019-07-23 13:55:55.204] [INFO] - 2019-07-20
[2019-07-23 13:55:55.204] [INFO] - 2019-07-06
[2019-07-23 13:55:55.205] [INFO] - 2019-07-07
[2019-07-23 13:55:55.206] [INFO] - 2019-07-13
[2019-07-23 13:55:55.207] [INFO] - 2019-07-21
[2019-07-23 13:55:55.208] [INFO] - 2019-07-13
[2019-07-23 13:55:55.209] [INFO] - 2019-07-14
[2019-07-23 13:55:55.210] [INFO] - 2019-07-20
[2019-07-23 13:55:55.210] [INFO] - 2019-07-21
[2019-07-23 13:55:55.211] [INFO] - 2019-07-06
[2019-07-23 13:55:55.212] [INFO] - 2019-07-07
[2019-07-23 13:55:55.212] [INFO] - 2019-07-20
[2019-07-23 13:55:55.213] [INFO] - 2019-07-21
[2019-07-23 13:55:55.213] [INFO] - 2019-07-13
[2019-07-23 13:55:55.213] [INFO] - 2019-07-14
[2019-07-23 13:55:55.349] [ERROR] - (node:9072) [DEP0005] DeprecationWarning: Buffer() is deprecated due to security and usability issues. Please use the Buffer.alloc(), Buffer.allocUnsafe(), or Buffer.from() methods instead.
[2019-07-23 13:58:59.065] [INFO] - select username,overtimedate,daynum from overtimeMonth where  overtimedate>="2019-07-01" and overtimedate<="2019-07-31"
[2019-07-23 13:58:59.070] [INFO] - 2019-07-06
[2019-07-23 13:58:59.071] [INFO] - 2019-07-13
[2019-07-23 13:58:59.072] [INFO] - 2019-07-20
[2019-07-23 13:58:59.073] [INFO] - 2019-07-01
[2019-07-23 13:58:59.074] [INFO] - 2019-07-06
[2019-07-23 13:58:59.074] [INFO] - 2019-07-07
[2019-07-23 13:58:59.076] [INFO] - 2019-07-20
[2019-07-23 13:58:59.077] [INFO] - 2019-07-20
[2019-07-23 13:58:59.078] [INFO] - 2019-07-13
[2019-07-23 13:58:59.079] [INFO] - 2019-07-14
[2019-07-23 13:58:59.079] [INFO] - 2019-07-15
[2019-07-23 13:58:59.081] [INFO] - 2019-07-20
[2019-07-23 13:58:59.081] [INFO] - 2019-07-21
[2019-07-23 13:58:59.082] [INFO] - 2019-07-06
[2019-07-23 13:58:59.082] [INFO] - 2019-07-13
[2019-07-23 13:58:59.083] [INFO] - 2019-07-20
[2019-07-23 13:58:59.086] [INFO] - 2019-07-06
[2019-07-23 13:58:59.086] [INFO] - 2019-07-13
[2019-07-23 13:58:59.087] [INFO] - 2019-07-20
[2019-07-23 13:58:59.087] [INFO] - 2019-07-01
[2019-07-23 13:58:59.087] [INFO] - 2019-07-06
[2019-07-23 13:58:59.087] [INFO] - 2019-07-07
[2019-07-23 13:58:59.088] [INFO] - 2019-07-20
[2019-07-23 13:58:59.088] [INFO] - 2019-07-21
[2019-07-23 13:58:59.089] [INFO] - 2019-07-01
[2019-07-23 13:58:59.089] [INFO] - 2019-07-06
[2019-07-23 13:58:59.089] [INFO] - 2019-07-07
[2019-07-23 13:58:59.090] [INFO] - 2019-07-13
[2019-07-23 13:58:59.090] [INFO] - 2019-07-20
[2019-07-23 13:58:59.090] [INFO] - 2019-07-21
[2019-07-23 13:58:59.090] [INFO] - 2019-07-06
[2019-07-23 13:58:59.091] [INFO] - 2019-07-07
[2019-07-23 13:58:59.091] [INFO] - 2019-07-13
[2019-07-23 13:58:59.091] [INFO] - 2019-07-14
[2019-07-23 13:58:59.092] [INFO] - 2019-07-15
[2019-07-23 13:58:59.092] [INFO] - 2019-07-20
[2019-07-23 13:58:59.092] [INFO] - 2019-07-21
[2019-07-23 13:58:59.092] [INFO] - 2019-07-13
[2019-07-23 13:58:59.093] [INFO] - 2019-07-20
[2019-07-23 13:58:59.093] [INFO] - 2019-07-21
[2019-07-23 13:58:59.093] [INFO] - 2019-07-06
[2019-07-23 13:58:59.094] [INFO] - 2019-07-13
[2019-07-23 13:58:59.094] [INFO] - 2019-07-14
[2019-07-23 13:58:59.094] [INFO] - 2019-07-20
[2019-07-23 13:58:59.095] [INFO] - 2019-07-21
[2019-07-23 13:58:59.095] [INFO] - 2019-07-06
[2019-07-23 13:58:59.095] [INFO] - 2019-07-13
[2019-07-23 13:58:59.096] [INFO] - 2019-07-20
[2019-07-23 13:58:59.096] [INFO] - 2019-07-06
[2019-07-23 13:58:59.097] [INFO] - 2019-07-13
[2019-07-23 13:58:59.098] [INFO] - 2019-07-20
[2019-07-23 13:58:59.098] [INFO] - 2019-07-06
[2019-07-23 13:58:59.099] [INFO] - 2019-07-07
[2019-07-23 13:58:59.099] [INFO] - 2019-07-13
[2019-07-23 13:58:59.100] [INFO] - 2019-07-14
[2019-07-23 13:58:59.100] [INFO] - 2019-07-20
[2019-07-23 13:58:59.100] [INFO] - 2019-07-21
[2019-07-23 13:58:59.101] [INFO] - 2019-07-06
[2019-07-23 13:58:59.101] [INFO] - 2019-07-13
[2019-07-23 13:58:59.102] [INFO] - 2019-07-14
[2019-07-23 13:58:59.102] [INFO] - 2019-07-20
[2019-07-23 13:58:59.104] [INFO] - 2019-07-21
[2019-07-23 13:58:59.105] [INFO] - 2019-07-13
[2019-07-23 13:58:59.106] [INFO] - 2019-07-14
[2019-07-23 13:58:59.106] [INFO] - 2019-07-20
[2019-07-23 13:58:59.106] [INFO] - 2019-07-21
[2019-07-23 13:58:59.107] [INFO] - 2019-07-13
[2019-07-23 13:58:59.107] [INFO] - 2019-07-20
[2019-07-23 13:58:59.107] [INFO] - 2019-07-13
[2019-07-23 13:58:59.108] [INFO] - 2019-07-14
[2019-07-23 13:58:59.108] [INFO] - 2019-07-20
[2019-07-23 13:58:59.108] [INFO] - 2019-07-21
[2019-07-23 13:58:59.108] [INFO] - 2019-07-06
[2019-07-23 13:58:59.109] [INFO] - 2019-07-13
[2019-07-23 13:58:59.109] [INFO] - 2019-07-20
[2019-07-23 13:58:59.109] [INFO] - 2019-07-06
[2019-07-23 13:58:59.110] [INFO] - 2019-07-13
[2019-07-23 13:58:59.110] [INFO] - 2019-07-20
[2019-07-23 13:58:59.110] [INFO] - 2019-07-06
[2019-07-23 13:58:59.111] [INFO] - 2019-07-07
[2019-07-23 13:58:59.111] [INFO] - 2019-07-20
[2019-07-23 13:58:59.111] [INFO] - 2019-07-06
[2019-07-23 13:58:59.111] [INFO] - 2019-07-07
[2019-07-23 13:58:59.112] [INFO] - 2019-07-20
[2019-07-23 13:58:59.112] [INFO] - 2019-07-13
[2019-07-23 13:58:59.112] [INFO] - 2019-07-14
[2019-07-23 13:58:59.113] [INFO] - 2019-07-20
[2019-07-23 13:58:59.114] [INFO] - 2019-07-06
[2019-07-23 13:58:59.114] [INFO] - 2019-07-07
[2019-07-23 13:58:59.115] [INFO] - 2019-07-07
[2019-07-23 13:58:59.115] [INFO] - 2019-07-13
[2019-07-23 13:58:59.117] [INFO] - 2019-07-14
[2019-07-23 13:58:59.117] [INFO] - 2019-07-21
[2019-07-23 13:58:59.118] [INFO] - 2019-07-06
[2019-07-23 13:58:59.118] [INFO] - 2019-07-07
[2019-07-23 13:58:59.119] [INFO] - 2019-07-14
[2019-07-23 13:58:59.119] [INFO] - 2019-07-20
[2019-07-23 13:58:59.120] [INFO] - 2019-07-21
[2019-07-23 13:58:59.120] [INFO] - 2019-07-13
[2019-07-23 13:58:59.121] [INFO] - 2019-07-14
[2019-07-23 13:58:59.121] [INFO] - 2019-07-06
[2019-07-23 13:58:59.121] [INFO] - 2019-07-07
[2019-07-23 13:58:59.122] [INFO] - 2019-07-13
[2019-07-23 13:58:59.122] [INFO] - 2019-07-06
[2019-07-23 13:58:59.122] [INFO] - 2019-07-07
[2019-07-23 13:58:59.123] [INFO] - 2019-07-20
[2019-07-23 13:58:59.123] [INFO] - 2019-07-06
[2019-07-23 13:58:59.123] [INFO] - 2019-07-07
[2019-07-23 13:58:59.124] [INFO] - 2019-07-13
[2019-07-23 13:58:59.124] [INFO] - 2019-07-21
[2019-07-23 13:58:59.124] [INFO] - 2019-07-13
[2019-07-23 13:58:59.125] [INFO] - 2019-07-14
[2019-07-23 13:58:59.125] [INFO] - 2019-07-20
[2019-07-23 13:58:59.126] [INFO] - 2019-07-21
[2019-07-23 13:58:59.127] [INFO] - 2019-07-06
[2019-07-23 13:58:59.127] [INFO] - 2019-07-07
[2019-07-23 13:58:59.127] [INFO] - 2019-07-20
[2019-07-23 13:58:59.128] [INFO] - 2019-07-21
[2019-07-23 13:58:59.128] [INFO] - 2019-07-13
[2019-07-23 13:58:59.128] [INFO] - 2019-07-14
[2019-07-23 14:03:49.185] [INFO] - select username,overtimedate,daynum from overtimeMonth where  overtimedate>="2019-07-01" and overtimedate<="2019-07-31"
[2019-07-23 14:03:49.189] [INFO] - 2019-07-06
[2019-07-23 14:03:49.190] [INFO] - 2019-07-13
[2019-07-23 14:03:49.191] [INFO] - 2019-07-20
[2019-07-23 14:03:49.191] [INFO] - 2019-07-01
[2019-07-23 14:03:49.192] [INFO] - 2019-07-06
[2019-07-23 14:03:49.194] [INFO] - 2019-07-07
[2019-07-23 14:03:49.195] [INFO] - 2019-07-20
[2019-07-23 14:03:49.195] [INFO] - 2019-07-20
[2019-07-23 14:03:49.198] [INFO] - 2019-07-13
[2019-07-23 14:03:49.199] [INFO] - 2019-07-14
[2019-07-23 14:03:49.199] [INFO] - 2019-07-15
[2019-07-23 14:03:49.199] [INFO] - 2019-07-20
[2019-07-23 14:03:49.200] [INFO] - 2019-07-21
[2019-07-23 14:03:49.200] [INFO] - 2019-07-06
[2019-07-23 14:03:49.200] [INFO] - 2019-07-13
[2019-07-23 14:03:49.201] [INFO] - 2019-07-20
[2019-07-23 14:03:49.201] [INFO] - 2019-07-06
[2019-07-23 14:03:49.202] [INFO] - 2019-07-13
[2019-07-23 14:03:49.202] [INFO] - 2019-07-20
[2019-07-23 14:03:49.202] [INFO] - 2019-07-01
[2019-07-23 14:03:49.203] [INFO] - 2019-07-06
[2019-07-23 14:03:49.203] [INFO] - 2019-07-07
[2019-07-23 14:03:49.203] [INFO] - 2019-07-20
[2019-07-23 14:03:49.203] [INFO] - 2019-07-21
[2019-07-23 14:03:49.204] [INFO] - 2019-07-01
[2019-07-23 14:03:49.204] [INFO] - 2019-07-06
[2019-07-23 14:03:49.204] [INFO] - 2019-07-07
[2019-07-23 14:03:49.204] [INFO] - 2019-07-13
[2019-07-23 14:03:49.205] [INFO] - 2019-07-20
[2019-07-23 14:03:49.205] [INFO] - 2019-07-21
[2019-07-23 14:03:49.205] [INFO] - 2019-07-06
[2019-07-23 14:03:49.206] [INFO] - 2019-07-07
[2019-07-23 14:03:49.206] [INFO] - 2019-07-13
[2019-07-23 14:03:49.206] [INFO] - 2019-07-14
[2019-07-23 14:03:49.206] [INFO] - 2019-07-15
[2019-07-23 14:03:49.207] [INFO] - 2019-07-20
[2019-07-23 14:03:49.207] [INFO] - 2019-07-21
[2019-07-23 14:03:49.207] [INFO] - 2019-07-13
[2019-07-23 14:03:49.208] [INFO] - 2019-07-20
[2019-07-23 14:03:49.208] [INFO] - 2019-07-21
[2019-07-23 14:03:49.208] [INFO] - 2019-07-06
[2019-07-23 14:03:49.209] [INFO] - 2019-07-13
[2019-07-23 14:03:49.209] [INFO] - 2019-07-14
[2019-07-23 14:03:49.209] [INFO] - 2019-07-20
[2019-07-23 14:03:49.209] [INFO] - 2019-07-21
[2019-07-23 14:03:49.210] [INFO] - 2019-07-06
[2019-07-23 14:03:49.210] [INFO] - 2019-07-13
[2019-07-23 14:03:49.210] [INFO] - 2019-07-20
[2019-07-23 14:03:49.210] [INFO] - 2019-07-06
[2019-07-23 14:03:49.211] [INFO] - 2019-07-13
[2019-07-23 14:03:49.211] [INFO] - 2019-07-20
[2019-07-23 14:03:49.211] [INFO] - 2019-07-06
[2019-07-23 14:03:49.212] [INFO] - 2019-07-07
[2019-07-23 14:03:49.212] [INFO] - 2019-07-13
[2019-07-23 14:03:49.212] [INFO] - 2019-07-14
[2019-07-23 14:03:49.213] [INFO] - 2019-07-20
[2019-07-23 14:03:49.214] [INFO] - 2019-07-21
[2019-07-23 14:03:49.215] [INFO] - 2019-07-06
[2019-07-23 14:03:49.216] [INFO] - 2019-07-13
[2019-07-23 14:03:49.217] [INFO] - 2019-07-14
[2019-07-23 14:03:49.218] [INFO] - 2019-07-20
[2019-07-23 14:03:49.218] [INFO] - 2019-07-21
[2019-07-23 14:03:49.219] [INFO] - 2019-07-13
[2019-07-23 14:03:49.219] [INFO] - 2019-07-14
[2019-07-23 14:03:49.220] [INFO] - 2019-07-20
[2019-07-23 14:03:49.220] [INFO] - 2019-07-21
[2019-07-23 14:03:49.220] [INFO] - 2019-07-13
[2019-07-23 14:03:49.221] [INFO] - 2019-07-20
[2019-07-23 14:03:49.221] [INFO] - 2019-07-13
[2019-07-23 14:03:49.222] [INFO] - 2019-07-14
[2019-07-23 14:03:49.222] [INFO] - 2019-07-20
[2019-07-23 14:03:49.223] [INFO] - 2019-07-21
[2019-07-23 14:03:49.223] [INFO] - 2019-07-06
[2019-07-23 14:03:49.223] [INFO] - 2019-07-13
[2019-07-23 14:03:49.224] [INFO] - 2019-07-20
[2019-07-23 14:03:49.224] [INFO] - 2019-07-06
[2019-07-23 14:03:49.224] [INFO] - 2019-07-13
[2019-07-23 14:03:49.224] [INFO] - 2019-07-20
[2019-07-23 14:03:49.225] [INFO] - 2019-07-06
[2019-07-23 14:03:49.225] [INFO] - 2019-07-07
[2019-07-23 14:03:49.225] [INFO] - 2019-07-20
[2019-07-23 14:03:49.226] [INFO] - 2019-07-06
[2019-07-23 14:03:49.226] [INFO] - 2019-07-07
[2019-07-23 14:03:49.226] [INFO] - 2019-07-20
[2019-07-23 14:03:49.227] [INFO] - 2019-07-13
[2019-07-23 14:03:49.227] [INFO] - 2019-07-14
[2019-07-23 14:03:49.227] [INFO] - 2019-07-20
[2019-07-23 14:03:49.228] [INFO] - 2019-07-06
[2019-07-23 14:03:49.228] [INFO] - 2019-07-07
[2019-07-23 14:03:49.228] [INFO] - 2019-07-07
[2019-07-23 14:03:49.228] [INFO] - 2019-07-13
[2019-07-23 14:03:49.230] [INFO] - 2019-07-14
[2019-07-23 14:03:49.231] [INFO] - 2019-07-21
[2019-07-23 14:03:49.233] [INFO] - 2019-07-06
[2019-07-23 14:03:49.233] [INFO] - 2019-07-07
[2019-07-23 14:03:49.234] [INFO] - 2019-07-14
[2019-07-23 14:03:49.234] [INFO] - 2019-07-20
[2019-07-23 14:03:49.235] [INFO] - 2019-07-21
[2019-07-23 14:03:49.236] [INFO] - 2019-07-13
[2019-07-23 14:03:49.236] [INFO] - 2019-07-14
[2019-07-23 14:03:49.236] [INFO] - 2019-07-06
[2019-07-23 14:03:49.237] [INFO] - 2019-07-07
[2019-07-23 14:03:49.237] [INFO] - 2019-07-13
[2019-07-23 14:03:49.237] [INFO] - 2019-07-06
[2019-07-23 14:03:49.237] [INFO] - 2019-07-07
[2019-07-23 14:03:49.238] [INFO] - 2019-07-20
[2019-07-23 14:03:49.238] [INFO] - 2019-07-06
[2019-07-23 14:03:49.238] [INFO] - 2019-07-07
[2019-07-23 14:03:49.238] [INFO] - 2019-07-13
[2019-07-23 14:03:49.239] [INFO] - 2019-07-21
[2019-07-23 14:03:49.239] [INFO] - 2019-07-13
[2019-07-23 14:03:49.239] [INFO] - 2019-07-14
[2019-07-23 14:03:49.239] [INFO] - 2019-07-20
[2019-07-23 14:03:49.240] [INFO] - 2019-07-21
[2019-07-23 14:03:49.241] [INFO] - 2019-07-06
[2019-07-23 14:03:49.241] [INFO] - 2019-07-07
[2019-07-23 14:03:49.242] [INFO] - 2019-07-20
[2019-07-23 14:03:49.242] [INFO] - 2019-07-21
[2019-07-23 14:03:49.242] [INFO] - 2019-07-13
[2019-07-23 14:03:49.242] [INFO] - 2019-07-14
[2019-07-23 14:19:57.551] [INFO] - home
[2019-07-23 14:19:57.578] [INFO] - Listening on port 8880
[2019-07-23 14:20:05.790] [INFO] - home
[2019-07-23 14:20:05.819] [INFO] - Listening on port 8880
[2019-07-23 14:20:18.201] [INFO] - select username,overtimedate,daynum from overtimeMonth where  overtimedate>="2019-07-01" and overtimedate<="2019-07-31"
[2019-07-23 14:20:18.210] [INFO] - 2019-07-06
[2019-07-23 14:20:18.210] [INFO] - 2019-07-13
[2019-07-23 14:20:18.211] [INFO] - 2019-07-20
[2019-07-23 14:20:18.213] [INFO] - 2019-07-01
[2019-07-23 14:20:18.213] [INFO] - 2019-07-06
[2019-07-23 14:20:18.215] [INFO] - 2019-07-07
[2019-07-23 14:20:18.215] [INFO] - 2019-07-20
[2019-07-23 14:20:18.216] [INFO] - 2019-07-20
[2019-07-23 14:20:18.216] [INFO] - 2019-07-13
[2019-07-23 14:20:18.216] [INFO] - 2019-07-14
[2019-07-23 14:20:18.217] [INFO] - 2019-07-15
[2019-07-23 14:20:18.217] [INFO] - 2019-07-20
[2019-07-23 14:20:18.218] [INFO] - 2019-07-21
[2019-07-23 14:20:18.218] [INFO] - 2019-07-06
[2019-07-23 14:20:18.219] [INFO] - 2019-07-13
[2019-07-23 14:20:18.219] [INFO] - 2019-07-20
[2019-07-23 14:20:18.220] [INFO] - 2019-07-06
[2019-07-23 14:20:18.220] [INFO] - 2019-07-13
[2019-07-23 14:20:18.221] [INFO] - 2019-07-20
[2019-07-23 14:20:18.221] [INFO] - 2019-07-01
[2019-07-23 14:20:18.222] [INFO] - 2019-07-06
[2019-07-23 14:20:18.223] [INFO] - 2019-07-07
[2019-07-23 14:20:18.223] [INFO] - 2019-07-20
[2019-07-23 14:20:18.224] [INFO] - 2019-07-21
[2019-07-23 14:20:18.224] [INFO] - 2019-07-01
[2019-07-23 14:20:18.225] [INFO] - 2019-07-06
[2019-07-23 14:20:18.225] [INFO] - 2019-07-07
[2019-07-23 14:20:18.225] [INFO] - 2019-07-13
[2019-07-23 14:20:18.226] [INFO] - 2019-07-20
[2019-07-23 14:20:18.226] [INFO] - 2019-07-21
[2019-07-23 14:20:18.226] [INFO] - 2019-07-06
[2019-07-23 14:20:18.227] [INFO] - 2019-07-07
[2019-07-23 14:20:18.227] [INFO] - 2019-07-13
[2019-07-23 14:20:18.227] [INFO] - 2019-07-14
[2019-07-23 14:20:18.229] [INFO] - 2019-07-15
[2019-07-23 14:20:18.230] [INFO] - 2019-07-20
[2019-07-23 14:20:18.230] [INFO] - 2019-07-21
[2019-07-23 14:20:18.231] [INFO] - 2019-07-13
[2019-07-23 14:20:18.231] [INFO] - 2019-07-20
[2019-07-23 14:20:18.231] [INFO] - 2019-07-21
[2019-07-23 14:20:18.232] [INFO] - 2019-07-06
[2019-07-23 14:20:18.232] [INFO] - 2019-07-13
[2019-07-23 14:20:18.233] [INFO] - 2019-07-14
[2019-07-23 14:20:18.233] [INFO] - 2019-07-20
[2019-07-23 14:20:18.234] [INFO] - 2019-07-21
[2019-07-23 14:20:18.235] [INFO] - 2019-07-06
[2019-07-23 14:20:18.235] [INFO] - 2019-07-13
[2019-07-23 14:20:18.235] [INFO] - 2019-07-20
[2019-07-23 14:20:18.235] [INFO] - 2019-07-06
[2019-07-23 14:20:18.236] [INFO] - 2019-07-13
[2019-07-23 14:20:18.236] [INFO] - 2019-07-20
[2019-07-23 14:20:18.236] [INFO] - 2019-07-06
[2019-07-23 14:20:18.237] [INFO] - 2019-07-07
[2019-07-23 14:20:18.237] [INFO] - 2019-07-13
[2019-07-23 14:20:18.237] [INFO] - 2019-07-14
[2019-07-23 14:20:18.237] [INFO] - 2019-07-20
[2019-07-23 14:20:18.238] [INFO] - 2019-07-21
[2019-07-23 14:20:18.239] [INFO] - 2019-07-06
[2019-07-23 14:20:18.239] [INFO] - 2019-07-13
[2019-07-23 14:20:18.239] [INFO] - 2019-07-14
[2019-07-23 14:20:18.240] [INFO] - 2019-07-20
[2019-07-23 14:20:18.240] [INFO] - 2019-07-21
[2019-07-23 14:20:18.240] [INFO] - 2019-07-13
[2019-07-23 14:20:18.241] [INFO] - 2019-07-14
[2019-07-23 14:20:18.241] [INFO] - 2019-07-20
[2019-07-23 14:20:18.241] [INFO] - 2019-07-21
[2019-07-23 14:20:18.241] [INFO] - 2019-07-13
[2019-07-23 14:20:18.242] [INFO] - 2019-07-20
[2019-07-23 14:20:18.242] [INFO] - 2019-07-13
[2019-07-23 14:20:18.242] [INFO] - 2019-07-14
[2019-07-23 14:20:18.243] [INFO] - 2019-07-20
[2019-07-23 14:20:18.243] [INFO] - 2019-07-21
[2019-07-23 14:20:18.243] [INFO] - 2019-07-06
[2019-07-23 14:20:18.243] [INFO] - 2019-07-13
[2019-07-23 14:20:18.244] [INFO] - 2019-07-20
[2019-07-23 14:20:18.244] [INFO] - 2019-07-06
[2019-07-23 14:20:18.244] [INFO] - 2019-07-13
[2019-07-23 14:20:18.245] [INFO] - 2019-07-20
[2019-07-23 14:20:18.246] [INFO] - 2019-07-06
[2019-07-23 14:20:18.246] [INFO] - 2019-07-07
[2019-07-23 14:20:18.247] [INFO] - 2019-07-20
[2019-07-23 14:20:18.247] [INFO] - 2019-07-06
[2019-07-23 14:20:18.248] [INFO] - 2019-07-07
[2019-07-23 14:20:18.248] [INFO] - 2019-07-20
[2019-07-23 14:20:18.249] [INFO] - 2019-07-13
[2019-07-23 14:20:18.249] [INFO] - 2019-07-14
[2019-07-23 14:20:18.250] [INFO] - 2019-07-20
[2019-07-23 14:20:18.251] [INFO] - 2019-07-06
[2019-07-23 14:20:18.251] [INFO] - 2019-07-07
[2019-07-23 14:20:18.251] [INFO] - 2019-07-07
[2019-07-23 14:20:18.251] [INFO] - 2019-07-13
[2019-07-23 14:20:18.252] [INFO] - 2019-07-14
[2019-07-23 14:20:18.252] [INFO] - 2019-07-21
[2019-07-23 14:20:18.252] [INFO] - 2019-07-06
[2019-07-23 14:20:18.253] [INFO] - 2019-07-07
[2019-07-23 14:20:18.253] [INFO] - 2019-07-14
[2019-07-23 14:20:18.253] [INFO] - 2019-07-20
[2019-07-23 14:20:18.253] [INFO] - 2019-07-21
[2019-07-23 14:20:18.254] [INFO] - 2019-07-13
[2019-07-23 14:20:18.254] [INFO] - 2019-07-14
[2019-07-23 14:20:18.255] [INFO] - 2019-07-06
[2019-07-23 14:20:18.255] [INFO] - 2019-07-07
[2019-07-23 14:20:18.255] [INFO] - 2019-07-13
[2019-07-23 14:20:18.256] [INFO] - 2019-07-06
[2019-07-23 14:20:18.256] [INFO] - 2019-07-07
[2019-07-23 14:20:18.256] [INFO] - 2019-07-20
[2019-07-23 14:20:18.257] [INFO] - 2019-07-06
[2019-07-23 14:20:18.257] [INFO] - 2019-07-07
[2019-07-23 14:20:18.257] [INFO] - 2019-07-13
[2019-07-23 14:20:18.258] [INFO] - 2019-07-21
[2019-07-23 14:20:18.258] [INFO] - 2019-07-13
[2019-07-23 14:20:18.258] [INFO] - 2019-07-14
[2019-07-23 14:20:18.259] [INFO] - 2019-07-20
[2019-07-23 14:20:18.259] [INFO] - 2019-07-21
[2019-07-23 14:20:18.259] [INFO] - 2019-07-06
[2019-07-23 14:20:18.259] [INFO] - 2019-07-07
[2019-07-23 14:20:18.260] [INFO] - 2019-07-20
[2019-07-23 14:20:18.260] [INFO] - 2019-07-21
[2019-07-23 14:20:18.260] [INFO] - 2019-07-13
[2019-07-23 14:20:18.260] [INFO] - 2019-07-14
[2019-07-23 14:20:18.384] [ERROR] - (node:19348) [DEP0005] DeprecationWarning: Buffer() is deprecated due to security and usability issues. Please use the Buffer.alloc(), Buffer.allocUnsafe(), or Buffer.from() methods instead.
[2019-07-23 16:30:16.063] [INFO] - home
[2019-07-23 16:30:16.098] [INFO] - Listening on port 8880
