[2019-07-29 08:10:09.799] [INFO] - home
[2019-07-29 08:10:09.836] [INFO] - Listening on port 8880
[2019-07-29 08:28:04.571] [INFO] - select username,overtimedate,daynum from overtimeMonth where  overtimedate>="2019-07-01" and overtimedate<="2019-07-31"
[2019-07-29 08:28:04.706] [ERROR] - (node:11324) [DEP0005] DeprecationWarning: Buffer() is deprecated due to security and usability issues. Please use the Buffer.alloc(), Buffer.allocUnsafe(), or Buffer.from() methods instead.
[2019-07-29 08:34:04.578] [INFO] - select username,overtimedate,daynum from overtimeMonth where  overtimedate>="2019-07-01" and overtimedate<="2019-07-31"
[2019-07-29 08:34:04.585] [INFO] - 2019-07-05T16:00:00.000Z
[2019-07-29 08:34:04.586] [ERROR] - 
[2019-07-29 08:34:04.586] [ERROR] -   TypeError: place.overtimedate.slice is not a function
      at C:\Users\HP\Desktop\koaTest\lib\excel.js:143:60
      at process._tickCallback (internal/process/next_tick.js:68:7)
[2019-07-29 08:34:04.587] [ERROR] - 
[2019-07-29 08:34:09.881] [INFO] - select username,overtimedate,daynum from overtimeMonth where  overtimedate>="2019-07-01" and overtimedate<="2019-07-31"
[2019-07-29 08:34:09.886] [INFO] - 2019-07-05T16:00:00.000Z
[2019-07-29 08:34:09.887] [ERROR] - 
[2019-07-29 08:34:09.887] [ERROR] -   TypeError: place.overtimedate.slice is not a function
      at C:\Users\HP\Desktop\koaTest\lib\excel.js:143:60
      at process._tickCallback (internal/process/next_tick.js:68:7)
[2019-07-29 08:34:09.888] [ERROR] - 
[2019-07-29 08:36:55.219] [INFO] - select a.username,a.outdate,a.department,a.place,b.price from outs a left join price b on a.place = b.place where a.place !="" and a.outdate>="2019-07-01" and a.outdate<="2019-07-31"
[2019-07-29 08:36:55.232] [INFO] - RowDataPacket {
  username: '彭德军',
  outdate: '2019-07-09',
  department: '第一征收办公室',
  place: '泗泾',
  price: 50 }
[2019-07-29 08:36:55.235] [INFO] - RowDataPacket {
  username: '黄沁',
  outdate: '2019-07-04',
  department: '第一征收重大部',
  place: '车墩',
  price: 30 }
[2019-07-29 08:36:55.236] [INFO] - RowDataPacket {
  username: '黄沁',
  outdate: '2019-07-08',
  department: '第一征收重大部',
  place: '车墩',
  price: 30 }
[2019-07-29 08:36:55.237] [INFO] - RowDataPacket {
  username: '黄沁',
  outdate: '2019-07-09',
  department: '第一征收重大部',
  place: '佘山',
  price: 30 }
[2019-07-29 08:36:55.240] [INFO] - RowDataPacket {
  username: '王强',
  outdate: '2019-07-04',
  department: '第一征收重大部',
  place: '上海',
  price: 0 }
[2019-07-29 08:36:55.246] [INFO] - RowDataPacket {
  username: '董乾',
  outdate: '2019-07-08',
  department: '第一征收重大部',
  place: '车墩',
  price: 30 }
[2019-07-29 08:36:55.247] [INFO] - RowDataPacket {
  username: '董乾',
  outdate: '2019-07-09',
  department: '第一征收重大部',
  place: '车墩',
  price: 30 }
[2019-07-29 08:36:55.248] [INFO] - RowDataPacket {
  username: '顾元生',
  outdate: '2019-07-04',
  department: '第一征收重大部',
  place: '九亭',
  price: 50 }
[2019-07-29 08:36:55.248] [INFO] - RowDataPacket {
  username: '顾元生',
  outdate: '2019-07-08',
  department: '第一征收重大部',
  place: '泗泾',
  price: 50 }
[2019-07-29 08:36:55.249] [INFO] - RowDataPacket {
  username: '顾元生',
  outdate: '2019-07-09',
  department: '第一征收重大部',
  place: '叶榭',
  price: 30 }
[2019-07-29 08:36:55.251] [INFO] - RowDataPacket {
  username: '胡捷',
  outdate: '2019-07-08',
  department: '第一征收重大部',
  place: '泖港',
  price: 30 }
[2019-07-29 08:36:55.251] [INFO] - RowDataPacket {
  username: '孙魁',
  outdate: '2019-07-04',
  department: '第一征收重大部',
  place: '车墩',
  price: 30 }
[2019-07-29 08:36:55.252] [INFO] - RowDataPacket {
  username: '孙魁',
  outdate: '2019-07-08',
  department: '第一征收重大部',
  place: '车墩',
  price: 30 }
[2019-07-29 08:36:55.252] [INFO] - RowDataPacket {
  username: '孙魁',
  outdate: '2019-07-09',
  department: '第一征收重大部',
  place: '车墩',
  price: 30 }
[2019-07-29 08:36:55.255] [INFO] - RowDataPacket {
  username: '孟存宏',
  outdate: '2019-07-04',
  department: '第一征收重大部',
  place: '车墩',
  price: 30 }
[2019-07-29 08:36:55.256] [INFO] - RowDataPacket {
  username: '孟存宏',
  outdate: '2019-07-08',
  department: '第一征收重大部',
  place: '车墩',
  price: 30 }
[2019-07-29 08:36:55.257] [INFO] - RowDataPacket {
  username: '孟存宏',
  outdate: '2019-07-09',
  department: '第一征收重大部',
  place: '佘山',
  price: 30 }
[2019-07-29 08:36:55.257] [INFO] - RowDataPacket {
  username: '徐沪',
  outdate: '2019-07-04',
  department: '第一征收重大部',
  place: '车墩',
  price: 30 }
[2019-07-29 08:36:55.258] [INFO] - RowDataPacket {
  username: '徐沪',
  outdate: '2019-07-08',
  department: '第一征收重大部',
  place: '九亭',
  price: 50 }
[2019-07-29 08:36:55.258] [INFO] - RowDataPacket {
  username: '徐沪',
  outdate: '2019-07-09',
  department: '第一征收重大部',
  place: '叶榭',
  price: 30 }
[2019-07-29 08:36:55.259] [INFO] - RowDataPacket {
  username: '朱春辉',
  outdate: '2019-07-04',
  department: '第一征收重大部',
  place: '九亭',
  price: 50 }
[2019-07-29 08:36:55.259] [INFO] - RowDataPacket {
  username: '朱春辉',
  outdate: '2019-07-08',
  department: '第一征收重大部',
  place: '车墩',
  price: 30 }
[2019-07-29 08:36:55.259] [INFO] - RowDataPacket {
  username: '朱春辉',
  outdate: '2019-07-09',
  department: '第一征收重大部',
  place: '叶榭',
  price: 30 }
[2019-07-29 08:36:55.260] [INFO] - RowDataPacket {
  username: '朱玉秀',
  outdate: '2019-07-08',
  department: '第一征收重大部',
  place: '泖港',
  price: 30 }
[2019-07-29 08:36:55.261] [INFO] - RowDataPacket {
  username: '万雪明',
  outdate: '2019-07-04',
  department: '第一征收项目一部',
  place: '九亭',
  price: 50 }
[2019-07-29 08:36:55.262] [INFO] - RowDataPacket {
  username: '万雪明',
  outdate: '2019-07-09',
  department: '第一征收项目一部',
  place: '泗泾',
  price: 50 }
[2019-07-29 08:36:55.263] [INFO] - RowDataPacket {
  username: '赵静妮',
  outdate: '2019-07-09',
  department: '第一征收项目一部',
  place: '泗泾',
  price: 50 }
[2019-07-29 08:36:55.263] [INFO] - RowDataPacket {
  username: '金贞贤',
  outdate: '2019-07-04',
  department: '第一征收项目一部',
  place: '泗泾',
  price: 50 }
[2019-07-29 08:36:55.267] [INFO] - RowDataPacket {
  username: '金贞贤',
  outdate: '2019-07-08',
  department: '第一征收项目一部',
  place: '泗泾',
  price: 50 }
[2019-07-29 08:36:55.268] [INFO] - RowDataPacket {
  username: '金贞贤',
  outdate: '2019-07-09',
  department: '第一征收项目一部',
  place: '泗泾',
  price: 50 }
[2019-07-29 08:36:55.268] [INFO] - RowDataPacket {
  username: '苏从',
  outdate: '2019-07-04',
  department: '第一征收项目一部',
  place: '泗泾',
  price: 50 }
[2019-07-29 08:36:55.269] [INFO] - RowDataPacket {
  username: '苏从',
  outdate: '2019-07-08',
  department: '第一征收项目一部',
  place: '泗泾',
  price: 50 }
[2019-07-29 08:36:55.269] [INFO] - RowDataPacket {
  username: '苏从',
  outdate: '2019-07-09',
  department: '第一征收项目一部',
  place: '泗泾',
  price: 50 }
[2019-07-29 08:36:55.270] [INFO] - RowDataPacket {
  username: '蒋睿峰',
  outdate: '2019-07-04',
  department: '第一征收项目一部',
  place: '新桥',
  price: 30 }
[2019-07-29 08:36:55.270] [INFO] - RowDataPacket {
  username: '蒋睿峰',
  outdate: '2019-07-08',
  department: '第一征收项目一部',
  place: '九亭',
  price: 50 }
[2019-07-29 08:36:55.271] [INFO] - RowDataPacket {
  username: '蒋睿峰',
  outdate: '2019-07-09',
  department: '第一征收项目一部',
  place: '小昆山',
  price: 30 }
[2019-07-29 08:36:55.271] [INFO] - RowDataPacket {
  username: '江淼',
  outdate: '2019-07-04',
  department: '第一征收项目一部',
  place: '九亭',
  price: 50 }
[2019-07-29 08:36:55.272] [INFO] - RowDataPacket {
  username: '江淼',
  outdate: '2019-07-08',
  department: '第一征收项目一部',
  place: '车墩',
  price: 30 }
[2019-07-29 08:36:55.272] [INFO] - RowDataPacket {
  username: '董春辉',
  outdate: '2019-07-09',
  department: '第一征收项目一部',
  place: '泗泾',
  price: 50 }
[2019-07-29 08:36:55.273] [INFO] - RowDataPacket {
  username: '单喆',
  outdate: '2019-07-04',
  department: '第一征收项目一部',
  place: '泗泾',
  price: 50 }
[2019-07-29 08:36:55.273] [INFO] - RowDataPacket {
  username: '单喆',
  outdate: '2019-07-08',
  department: '第一征收项目一部',
  place: '泗泾',
  price: 50 }
[2019-07-29 08:36:55.274] [INFO] - RowDataPacket {
  username: '单喆',
  outdate: '2019-07-09',
  department: '第一征收项目一部',
  place: '泗泾',
  price: 50 }
[2019-07-29 08:36:55.274] [INFO] - RowDataPacket {
  username: '陆顺良',
  outdate: '2019-07-09',
  department: '第一征收项目一部',
  place: '泗泾',
  price: 50 }
[2019-07-29 08:36:55.277] [INFO] - RowDataPacket {
  username: '徐莹',
  outdate: '2019-07-04',
  department: '第一征收项目一部',
  place: '泗泾',
  price: 50 }
[2019-07-29 08:36:55.279] [INFO] - RowDataPacket {
  username: '徐莹',
  outdate: '2019-07-08',
  department: '第一征收项目一部',
  place: '泗泾',
  price: 50 }
[2019-07-29 08:36:55.279] [INFO] - RowDataPacket {
  username: '徐莹',
  outdate: '2019-07-09',
  department: '第一征收项目一部',
  place: '泗泾',
  price: 50 }
[2019-07-29 08:36:55.280] [INFO] - RowDataPacket {
  username: '沈军梅',
  outdate: '2019-07-08',
  department: '第一征收项目一部',
  place: '车墩',
  price: 30 }
[2019-07-29 08:36:55.281] [INFO] - RowDataPacket {
  username: '夏翔',
  outdate: '2019-07-04',
  department: '第一征收项目二部',
  place: '小昆山',
  price: 30 }
[2019-07-29 08:36:55.282] [INFO] - RowDataPacket {
  username: '夏翔',
  outdate: '2019-07-08',
  department: '第一征收项目二部',
  place: '叶榭',
  price: 30 }
[2019-07-29 08:36:55.283] [INFO] - RowDataPacket {
  username: '张奇',
  outdate: '2019-07-04',
  department: '第一征收项目二部',
  place: '小昆山',
  price: 30 }
[2019-07-29 08:36:55.283] [INFO] - RowDataPacket {
  username: '张奇',
  outdate: '2019-07-08',
  department: '第一征收项目二部',
  place: '叶榭',
  price: 30 }
[2019-07-29 08:36:55.284] [INFO] - RowDataPacket {
  username: '张奇',
  outdate: '2019-07-09',
  department: '第一征收项目二部',
  place: '叶榭',
  price: 30 }
[2019-07-29 08:36:55.285] [INFO] - RowDataPacket {
  username: '陆伟',
  outdate: '2019-07-04',
  department: '第一征收项目二部',
  place: '佘山',
  price: 30 }
[2019-07-29 08:36:55.288] [INFO] - RowDataPacket {
  username: '陆伟',
  outdate: '2019-07-08',
  department: '第一征收项目二部',
  place: '佘山',
  price: 30 }
[2019-07-29 08:36:55.288] [INFO] - RowDataPacket {
  username: '陆伟',
  outdate: '2019-07-09',
  department: '第一征收项目二部',
  place: '佘山',
  price: 30 }
[2019-07-29 08:36:55.289] [INFO] - RowDataPacket {
  username: '朱祎婷',
  outdate: '2019-07-04',
  department: '第一征收项目二部',
  place: '佘山',
  price: 30 }
[2019-07-29 08:36:55.289] [INFO] - RowDataPacket {
  username: '朱祎婷',
  outdate: '2019-07-09',
  department: '第一征收项目二部',
  place: '佘山',
  price: 30 }
[2019-07-29 08:36:55.290] [INFO] - RowDataPacket {
  username: '赵峥嵘',
  outdate: '2019-07-04',
  department: '第一征收项目二部',
  place: '小昆山',
  price: 30 }
[2019-07-29 08:36:55.290] [INFO] - RowDataPacket {
  username: '赵峥嵘',
  outdate: '2019-07-08',
  department: '第一征收项目二部',
  place: '新浜',
  price: 50 }
[2019-07-29 08:36:55.291] [INFO] - RowDataPacket {
  username: '赵峥嵘',
  outdate: '2019-07-09',
  department: '第一征收项目二部',
  place: '小昆山',
  price: 30 }
[2019-07-29 08:36:55.291] [INFO] - RowDataPacket {
  username: '王珂',
  outdate: '2019-07-09',
  department: '第一征收项目二部',
  place: '佘山',
  price: 30 }
[2019-07-29 08:36:55.292] [INFO] - RowDataPacket {
  username: '沈丽君',
  outdate: '2019-07-04',
  department: '第一征收项目二部',
  place: '佘山',
  price: 30 }
[2019-07-29 08:36:55.292] [INFO] - RowDataPacket {
  username: '杨肖叶',
  outdate: '2019-07-04',
  department: '第一征收项目二部',
  place: '佘山',
  price: 30 }
[2019-07-29 08:36:55.293] [INFO] - RowDataPacket {
  username: '杨肖叶',
  outdate: '2019-07-08',
  department: '第一征收项目二部',
  place: '佘山',
  price: 30 }
[2019-07-29 08:36:55.293] [INFO] - RowDataPacket {
  username: '杨肖叶',
  outdate: '2019-07-09',
  department: '第一征收项目二部',
  place: '佘山',
  price: 30 }
[2019-07-29 08:36:55.295] [INFO] - RowDataPacket {
  username: '周忠高',
  outdate: '2019-07-08',
  department: '第一征收项目二部',
  place: '佘山',
  price: 30 }
[2019-07-29 08:36:55.298] [INFO] - RowDataPacket {
  username: '周忠高',
  outdate: '2019-07-09',
  department: '第一征收项目二部',
  place: '佘山',
  price: 30 }
[2019-07-29 08:36:55.299] [INFO] - RowDataPacket {
  username: '姚文军',
  outdate: '2019-07-04',
  department: '第一征收项目二部',
  place: '佘山',
  price: 30 }
[2019-07-29 08:36:55.300] [INFO] - RowDataPacket {
  username: '姚文军',
  outdate: '2019-07-08',
  department: '第一征收项目二部',
  place: '佘山',
  price: 30 }
[2019-07-29 08:36:55.300] [INFO] - RowDataPacket {
  username: '姚文军',
  outdate: '2019-07-09',
  department: '第一征收项目二部',
  place: '佘山',
  price: 30 }
[2019-07-29 08:36:55.301] [INFO] - RowDataPacket {
  username: '何健',
  outdate: '2019-07-04',
  department: '第一征收项目二部',
  place: '佘山',
  price: 30 }
[2019-07-29 08:36:55.301] [INFO] - RowDataPacket {
  username: '何健',
  outdate: '2019-07-08',
  department: '第一征收项目二部',
  place: '佘山',
  price: 30 }
[2019-07-29 08:36:55.302] [INFO] - RowDataPacket {
  username: '何健',
  outdate: '2019-07-09',
  department: '第一征收项目二部',
  place: '佘山',
  price: 30 }
[2019-07-29 08:36:55.302] [INFO] - RowDataPacket {
  username: '谢方琴',
  outdate: '2019-07-08',
  department: '第一征收项目二部',
  place: '叶榭',
  price: 30 }
[2019-07-29 08:36:55.303] [INFO] - RowDataPacket {
  username: '邓圆英',
  outdate: '2019-07-04',
  department: '第一征收项目二部',
  place: '小昆山',
  price: 30 }
[2019-07-29 08:36:59.477] [INFO] - select username,overtimedate,daynum from overtimeMonth where  overtimedate>="2019-07-01" and overtimedate<="2019-07-31"
[2019-07-29 08:36:59.482] [INFO] - 2019-07-06
[2019-07-29 08:36:59.484] [INFO] - 2019-07-01
[2019-07-29 08:36:59.485] [INFO] - 2019-07-06
[2019-07-29 08:36:59.487] [INFO] - 2019-07-07
[2019-07-29 08:36:59.488] [INFO] - 2019-07-06
[2019-07-29 08:36:59.490] [INFO] - 2019-07-06
[2019-07-29 08:36:59.492] [INFO] - 2019-07-01
[2019-07-29 08:36:59.492] [INFO] - 2019-07-06
[2019-07-29 08:36:59.492] [INFO] - 2019-07-07
[2019-07-29 08:36:59.493] [INFO] - 2019-07-01
[2019-07-29 08:36:59.493] [INFO] - 2019-07-06
[2019-07-29 08:36:59.493] [INFO] - 2019-07-07
[2019-07-29 08:36:59.494] [INFO] - 2019-07-06
[2019-07-29 08:36:59.494] [INFO] - 2019-07-07
[2019-07-29 08:36:59.495] [INFO] - 2019-07-06
[2019-07-29 08:36:59.495] [INFO] - 2019-07-06
[2019-07-29 08:36:59.495] [INFO] - 2019-07-06
[2019-07-29 08:36:59.496] [INFO] - 2019-07-06
[2019-07-29 08:36:59.496] [INFO] - 2019-07-07
[2019-07-29 08:36:59.496] [INFO] - 2019-07-06
[2019-07-29 08:36:59.497] [INFO] - 2019-07-06
[2019-07-29 08:36:59.497] [INFO] - 2019-07-06
[2019-07-29 08:36:59.500] [INFO] - 2019-07-06
[2019-07-29 08:36:59.501] [INFO] - 2019-07-07
[2019-07-29 08:36:59.502] [INFO] - 2019-07-06
[2019-07-29 08:36:59.502] [INFO] - 2019-07-07
[2019-07-29 08:36:59.503] [INFO] - 2019-07-06
[2019-07-29 08:36:59.503] [INFO] - 2019-07-07
[2019-07-29 08:36:59.504] [INFO] - 2019-07-07
[2019-07-29 08:36:59.506] [INFO] - 2019-07-06
[2019-07-29 08:36:59.507] [INFO] - 2019-07-07
[2019-07-29 08:36:59.508] [INFO] - 2019-07-06
[2019-07-29 08:36:59.510] [INFO] - 2019-07-07
[2019-07-29 08:36:59.512] [INFO] - 2019-07-06
[2019-07-29 08:36:59.513] [INFO] - 2019-07-07
[2019-07-29 08:36:59.514] [INFO] - 2019-07-06
[2019-07-29 08:36:59.514] [INFO] - 2019-07-07
[2019-07-29 08:36:59.515] [INFO] - 2019-07-06
[2019-07-29 08:36:59.515] [INFO] - 2019-07-07
[2019-07-29 08:40:29.136] [INFO] - select username,overtimedate,daynum from overtimeMonth where  overtimedate>="2019-07-01" and overtimedate<="2019-07-31"
[2019-07-29 08:40:29.140] [INFO] - 2019-07-06
[2019-07-29 08:40:29.141] [INFO] - 2019-07-13
[2019-07-29 08:40:29.142] [INFO] - 2019-07-20
[2019-07-29 08:40:29.142] [INFO] - 2019-07-27
[2019-07-29 08:40:29.143] [INFO] - 2019-07-01
[2019-07-29 08:40:29.143] [INFO] - 2019-07-06
[2019-07-29 08:40:29.144] [INFO] - 2019-07-07
[2019-07-29 08:40:29.144] [INFO] - 2019-07-20
[2019-07-29 08:40:29.145] [INFO] - 2019-07-20
[2019-07-29 08:40:29.145] [INFO] - 2019-07-13
[2019-07-29 08:40:29.146] [INFO] - 2019-07-14
[2019-07-29 08:40:29.146] [INFO] - 2019-07-15
[2019-07-29 08:40:29.146] [INFO] - 2019-07-20
[2019-07-29 08:40:29.147] [INFO] - 2019-07-21
[2019-07-29 08:40:29.147] [INFO] - 2019-07-27
[2019-07-29 08:40:29.147] [INFO] - 2019-07-28
[2019-07-29 08:40:29.148] [INFO] - 2019-07-06
[2019-07-29 08:40:29.148] [INFO] - 2019-07-13
[2019-07-29 08:40:29.148] [INFO] - 2019-07-20
[2019-07-29 08:40:29.148] [INFO] - 2019-07-06
[2019-07-29 08:40:29.149] [INFO] - 2019-07-13
[2019-07-29 08:40:29.150] [INFO] - 2019-07-20
[2019-07-29 08:40:29.151] [INFO] - 2019-07-27
[2019-07-29 08:40:29.152] [INFO] - 2019-07-01
[2019-07-29 08:40:29.152] [INFO] - 2019-07-06
[2019-07-29 08:40:29.152] [INFO] - 2019-07-07
[2019-07-29 08:40:29.153] [INFO] - 2019-07-20
[2019-07-29 08:40:29.153] [INFO] - 2019-07-21
[2019-07-29 08:40:29.153] [INFO] - 2019-07-27
[2019-07-29 08:40:29.154] [INFO] - 2019-07-28
[2019-07-29 08:40:29.154] [INFO] - 2019-07-01
[2019-07-29 08:40:29.154] [INFO] - 2019-07-06
[2019-07-29 08:40:29.155] [INFO] - 2019-07-07
[2019-07-29 08:40:29.155] [INFO] - 2019-07-13
[2019-07-29 08:40:29.156] [INFO] - 2019-07-20
[2019-07-29 08:40:29.156] [INFO] - 2019-07-21
[2019-07-29 08:40:29.156] [INFO] - 2019-07-27
[2019-07-29 08:40:29.157] [INFO] - 2019-07-28
[2019-07-29 08:40:29.157] [INFO] - 2019-07-06
[2019-07-29 08:40:29.158] [INFO] - 2019-07-07
[2019-07-29 08:40:29.158] [INFO] - 2019-07-13
[2019-07-29 08:40:29.159] [INFO] - 2019-07-14
[2019-07-29 08:40:29.160] [INFO] - 2019-07-15
[2019-07-29 08:40:29.160] [INFO] - 2019-07-20
[2019-07-29 08:40:29.160] [INFO] - 2019-07-21
[2019-07-29 08:40:29.161] [INFO] - 2019-07-27
[2019-07-29 08:40:29.162] [INFO] - 2019-07-28
[2019-07-29 08:40:29.162] [INFO] - 2019-07-13
[2019-07-29 08:40:29.163] [INFO] - 2019-07-20
[2019-07-29 08:40:29.163] [INFO] - 2019-07-21
[2019-07-29 08:40:29.163] [INFO] - 2019-07-27
[2019-07-29 08:40:29.164] [INFO] - 2019-07-06
[2019-07-29 08:40:29.164] [INFO] - 2019-07-13
[2019-07-29 08:40:29.165] [INFO] - 2019-07-14
[2019-07-29 08:40:29.165] [INFO] - 2019-07-20
[2019-07-29 08:40:29.165] [INFO] - 2019-07-21
[2019-07-29 08:40:29.166] [INFO] - 2019-07-06
[2019-07-29 08:40:29.167] [INFO] - 2019-07-13
[2019-07-29 08:40:29.168] [INFO] - 2019-07-20
[2019-07-29 08:40:29.168] [INFO] - 2019-07-27
[2019-07-29 08:40:29.168] [INFO] - 2019-07-06
[2019-07-29 08:40:29.169] [INFO] - 2019-07-13
[2019-07-29 08:40:29.169] [INFO] - 2019-07-20
[2019-07-29 08:40:29.169] [INFO] - 2019-07-27
[2019-07-29 08:40:29.170] [INFO] - 2019-07-06
[2019-07-29 08:40:29.170] [INFO] - 2019-07-07
[2019-07-29 08:40:29.170] [INFO] - 2019-07-13
[2019-07-29 08:40:29.170] [INFO] - 2019-07-14
[2019-07-29 08:40:29.171] [INFO] - 2019-07-20
[2019-07-29 08:40:29.171] [INFO] - 2019-07-21
[2019-07-29 08:40:29.171] [INFO] - 2019-07-27
[2019-07-29 08:40:29.171] [INFO] - 2019-07-28
[2019-07-29 08:40:29.172] [INFO] - 2019-07-06
[2019-07-29 08:40:29.172] [INFO] - 2019-07-13
[2019-07-29 08:40:29.172] [INFO] - 2019-07-14
[2019-07-29 08:40:29.172] [INFO] - 2019-07-20
[2019-07-29 08:40:29.173] [INFO] - 2019-07-21
[2019-07-29 08:40:29.173] [INFO] - 2019-07-28
[2019-07-29 08:40:29.173] [INFO] - 2019-07-13
[2019-07-29 08:40:29.174] [INFO] - 2019-07-14
[2019-07-29 08:40:29.174] [INFO] - 2019-07-20
[2019-07-29 08:40:29.174] [INFO] - 2019-07-21
[2019-07-29 08:40:29.174] [INFO] - 2019-07-28
[2019-07-29 08:40:29.175] [INFO] - 2019-07-13
[2019-07-29 08:40:29.175] [INFO] - 2019-07-20
[2019-07-29 08:40:29.175] [INFO] - 2019-07-27
[2019-07-29 08:40:29.175] [INFO] - 2019-07-13
[2019-07-29 08:40:29.176] [INFO] - 2019-07-14
[2019-07-29 08:40:29.176] [INFO] - 2019-07-20
[2019-07-29 08:40:29.176] [INFO] - 2019-07-21
[2019-07-29 08:40:29.177] [INFO] - 2019-07-27
[2019-07-29 08:40:29.177] [INFO] - 2019-07-28
[2019-07-29 08:40:29.177] [INFO] - 2019-07-06
[2019-07-29 08:40:29.177] [INFO] - 2019-07-13
[2019-07-29 08:40:29.178] [INFO] - 2019-07-20
[2019-07-29 08:40:29.179] [INFO] - 2019-07-27
[2019-07-29 08:40:29.179] [INFO] - 2019-07-06
[2019-07-29 08:40:29.180] [INFO] - 2019-07-13
[2019-07-29 08:40:29.180] [INFO] - 2019-07-20
[2019-07-29 08:40:29.181] [INFO] - 2019-07-27
[2019-07-29 08:40:29.184] [INFO] - 2019-07-06
[2019-07-29 08:40:29.185] [INFO] - 2019-07-07
[2019-07-29 08:40:29.185] [INFO] - 2019-07-20
[2019-07-29 08:40:29.185] [INFO] - 2019-07-06
[2019-07-29 08:40:29.186] [INFO] - 2019-07-07
[2019-07-29 08:40:29.186] [INFO] - 2019-07-20
[2019-07-29 08:40:29.186] [INFO] - 2019-07-13
[2019-07-29 08:40:29.186] [INFO] - 2019-07-14
[2019-07-29 08:40:29.187] [INFO] - 2019-07-20
[2019-07-29 08:40:29.187] [INFO] - 2019-07-27
[2019-07-29 08:40:29.187] [INFO] - 2019-07-28
[2019-07-29 08:40:29.187] [INFO] - 2019-07-06
[2019-07-29 08:40:29.187] [INFO] - 2019-07-07
[2019-07-29 08:40:29.188] [INFO] - 2019-07-07
[2019-07-29 08:40:29.188] [INFO] - 2019-07-13
[2019-07-29 08:40:29.188] [INFO] - 2019-07-14
[2019-07-29 08:40:29.188] [INFO] - 2019-07-21
[2019-07-29 08:40:29.189] [INFO] - 2019-07-27
[2019-07-29 08:40:29.189] [INFO] - 2019-07-06
[2019-07-29 08:40:29.189] [INFO] - 2019-07-07
[2019-07-29 08:40:29.189] [INFO] - 2019-07-14
[2019-07-29 08:40:29.190] [INFO] - 2019-07-20
[2019-07-29 08:40:29.190] [INFO] - 2019-07-21
[2019-07-29 08:40:29.190] [INFO] - 2019-07-13
[2019-07-29 08:40:29.190] [INFO] - 2019-07-14
[2019-07-29 08:40:29.190] [INFO] - 2019-07-06
[2019-07-29 08:40:29.191] [INFO] - 2019-07-07
[2019-07-29 08:40:29.191] [INFO] - 2019-07-13
[2019-07-29 08:40:29.191] [INFO] - 2019-07-06
[2019-07-29 08:40:29.191] [INFO] - 2019-07-07
[2019-07-29 08:40:29.192] [INFO] - 2019-07-20
[2019-07-29 08:40:29.193] [INFO] - 2019-07-27
[2019-07-29 08:40:29.194] [INFO] - 2019-07-06
[2019-07-29 08:40:29.196] [INFO] - 2019-07-07
[2019-07-29 08:40:29.196] [INFO] - 2019-07-13
[2019-07-29 08:40:29.196] [INFO] - 2019-07-21
[2019-07-29 08:40:29.197] [INFO] - 2019-07-13
[2019-07-29 08:40:29.197] [INFO] - 2019-07-14
[2019-07-29 08:40:29.197] [INFO] - 2019-07-20
[2019-07-29 08:40:29.198] [INFO] - 2019-07-21
[2019-07-29 08:40:29.198] [INFO] - 2019-07-27
[2019-07-29 08:40:29.198] [INFO] - 2019-07-28
[2019-07-29 08:40:29.198] [INFO] - 2019-07-06
[2019-07-29 08:40:29.198] [INFO] - 2019-07-07
[2019-07-29 08:40:29.199] [INFO] - 2019-07-20
[2019-07-29 08:40:29.199] [INFO] - 2019-07-21
[2019-07-29 08:40:29.199] [INFO] - 2019-07-27
[2019-07-29 08:40:29.199] [INFO] - 2019-07-28
[2019-07-29 08:40:29.200] [INFO] - 2019-07-13
[2019-07-29 08:40:29.200] [INFO] - 2019-07-14
[2019-07-29 08:48:39.120] [INFO] - select username,overtimedate,daynum from overtimeMonth where  overtimedate>="2019-07-01" and overtimedate<="2019-07-31"
[2019-07-29 08:48:39.128] [INFO] - 2019-07-06
[2019-07-29 08:48:39.129] [INFO] - 2019-07-13
[2019-07-29 08:48:39.129] [INFO] - 2019-07-20
[2019-07-29 08:48:39.130] [INFO] - 2019-07-27
[2019-07-29 08:48:39.130] [INFO] - 2019-07-01
[2019-07-29 08:48:39.131] [INFO] - 2019-07-06
[2019-07-29 08:48:39.131] [INFO] - 2019-07-07
[2019-07-29 08:48:39.132] [INFO] - 2019-07-20
[2019-07-29 08:48:39.133] [INFO] - 2019-07-20
[2019-07-29 08:48:39.135] [INFO] - 2019-07-13
[2019-07-29 08:48:39.136] [INFO] - 2019-07-14
[2019-07-29 08:48:39.136] [INFO] - 2019-07-15
[2019-07-29 08:48:39.136] [INFO] - 2019-07-20
[2019-07-29 08:48:39.136] [INFO] - 2019-07-21
[2019-07-29 08:48:39.137] [INFO] - 2019-07-27
[2019-07-29 08:48:39.138] [INFO] - 2019-07-28
[2019-07-29 08:48:39.139] [INFO] - 2019-07-06
[2019-07-29 08:48:39.139] [INFO] - 2019-07-13
[2019-07-29 08:48:39.139] [INFO] - 2019-07-20
[2019-07-29 08:48:39.140] [INFO] - 2019-07-06
[2019-07-29 08:48:39.140] [INFO] - 2019-07-13
[2019-07-29 08:48:39.140] [INFO] - 2019-07-20
[2019-07-29 08:48:39.140] [INFO] - 2019-07-27
[2019-07-29 08:48:39.141] [INFO] - 2019-07-01
[2019-07-29 08:48:39.141] [INFO] - 2019-07-06
[2019-07-29 08:48:39.142] [INFO] - 2019-07-07
[2019-07-29 08:48:39.142] [INFO] - 2019-07-20
[2019-07-29 08:48:39.142] [INFO] - 2019-07-21
[2019-07-29 08:48:39.143] [INFO] - 2019-07-27
[2019-07-29 08:48:39.143] [INFO] - 2019-07-28
[2019-07-29 08:48:39.143] [INFO] - 2019-07-01
[2019-07-29 08:48:39.144] [INFO] - 2019-07-06
[2019-07-29 08:48:39.144] [INFO] - 2019-07-07
[2019-07-29 08:48:39.144] [INFO] - 2019-07-13
[2019-07-29 08:48:39.144] [INFO] - 2019-07-20
[2019-07-29 08:48:39.145] [INFO] - 2019-07-21
[2019-07-29 08:48:39.145] [INFO] - 2019-07-27
[2019-07-29 08:48:39.145] [INFO] - 2019-07-28
[2019-07-29 08:48:39.145] [INFO] - 2019-07-06
[2019-07-29 08:48:39.146] [INFO] - 2019-07-07
[2019-07-29 08:48:39.146] [INFO] - 2019-07-13
[2019-07-29 08:48:39.146] [INFO] - 2019-07-14
[2019-07-29 08:48:39.146] [INFO] - 2019-07-15
[2019-07-29 08:48:39.146] [INFO] - 2019-07-20
[2019-07-29 08:48:39.147] [INFO] - 2019-07-21
[2019-07-29 08:48:39.147] [INFO] - 2019-07-27
[2019-07-29 08:48:39.147] [INFO] - 2019-07-28
[2019-07-29 08:48:39.148] [INFO] - 2019-07-13
[2019-07-29 08:48:39.148] [INFO] - 2019-07-20
[2019-07-29 08:48:39.148] [INFO] - 2019-07-21
[2019-07-29 08:48:39.148] [INFO] - 2019-07-27
[2019-07-29 08:48:39.148] [INFO] - 2019-07-06
[2019-07-29 08:48:39.149] [INFO] - 2019-07-13
[2019-07-29 08:48:39.149] [INFO] - 2019-07-14
[2019-07-29 08:48:39.151] [INFO] - 2019-07-20
[2019-07-29 08:48:39.152] [INFO] - 2019-07-21
[2019-07-29 08:48:39.152] [INFO] - 2019-07-06
[2019-07-29 08:48:39.152] [INFO] - 2019-07-13
[2019-07-29 08:48:39.152] [INFO] - 2019-07-20
[2019-07-29 08:48:39.153] [INFO] - 2019-07-27
[2019-07-29 08:48:39.153] [INFO] - 2019-07-06
[2019-07-29 08:48:39.154] [INFO] - 2019-07-13
[2019-07-29 08:48:39.154] [INFO] - 2019-07-20
[2019-07-29 08:48:39.155] [INFO] - 2019-07-27
[2019-07-29 08:48:39.155] [INFO] - 2019-07-06
[2019-07-29 08:48:39.156] [INFO] - 2019-07-07
[2019-07-29 08:48:39.156] [INFO] - 2019-07-13
[2019-07-29 08:48:39.156] [INFO] - 2019-07-14
[2019-07-29 08:48:39.157] [INFO] - 2019-07-20
[2019-07-29 08:48:39.158] [INFO] - 2019-07-21
[2019-07-29 08:48:39.158] [INFO] - 2019-07-27
[2019-07-29 08:48:39.158] [INFO] - 2019-07-28
[2019-07-29 08:48:39.158] [INFO] - 2019-07-06
[2019-07-29 08:48:39.159] [INFO] - 2019-07-13
[2019-07-29 08:48:39.159] [INFO] - 2019-07-14
[2019-07-29 08:48:39.159] [INFO] - 2019-07-20
[2019-07-29 08:48:39.159] [INFO] - 2019-07-21
[2019-07-29 08:48:39.161] [INFO] - 2019-07-28
[2019-07-29 08:48:39.161] [INFO] - 2019-07-13
[2019-07-29 08:48:39.161] [INFO] - 2019-07-14
[2019-07-29 08:48:39.161] [INFO] - 2019-07-20
[2019-07-29 08:48:39.162] [INFO] - 2019-07-21
[2019-07-29 08:48:39.162] [INFO] - 2019-07-28
[2019-07-29 08:48:39.162] [INFO] - 2019-07-13
[2019-07-29 08:48:39.162] [INFO] - 2019-07-20
[2019-07-29 08:48:39.163] [INFO] - 2019-07-27
[2019-07-29 08:48:39.163] [INFO] - 2019-07-13
[2019-07-29 08:48:39.163] [INFO] - 2019-07-14
[2019-07-29 08:48:39.163] [INFO] - 2019-07-20
[2019-07-29 08:48:39.164] [INFO] - 2019-07-21
[2019-07-29 08:48:39.164] [INFO] - 2019-07-27
[2019-07-29 08:48:39.164] [INFO] - 2019-07-28
[2019-07-29 08:48:39.164] [INFO] - 2019-07-06
[2019-07-29 08:48:39.164] [INFO] - 2019-07-13
[2019-07-29 08:48:39.165] [INFO] - 2019-07-20
[2019-07-29 08:48:39.165] [INFO] - 2019-07-27
[2019-07-29 08:48:39.165] [INFO] - 2019-07-06
[2019-07-29 08:48:39.165] [INFO] - 2019-07-13
[2019-07-29 08:48:39.166] [INFO] - 2019-07-20
[2019-07-29 08:48:39.166] [INFO] - 2019-07-27
[2019-07-29 08:48:39.166] [INFO] - 2019-07-06
[2019-07-29 08:48:39.166] [INFO] - 2019-07-07
[2019-07-29 08:48:39.167] [INFO] - 2019-07-20
[2019-07-29 08:48:39.167] [INFO] - 2019-07-06
[2019-07-29 08:48:39.167] [INFO] - 2019-07-07
[2019-07-29 08:48:39.167] [INFO] - 2019-07-20
[2019-07-29 08:48:39.168] [INFO] - 2019-07-13
[2019-07-29 08:48:39.168] [INFO] - 2019-07-14
[2019-07-29 08:48:39.168] [INFO] - 2019-07-20
[2019-07-29 08:48:39.168] [INFO] - 2019-07-27
[2019-07-29 08:48:39.168] [INFO] - 2019-07-28
[2019-07-29 08:48:39.169] [INFO] - 2019-07-06
[2019-07-29 08:48:39.169] [INFO] - 2019-07-07
[2019-07-29 08:48:39.170] [INFO] - 2019-07-07
[2019-07-29 08:48:39.170] [INFO] - 2019-07-13
[2019-07-29 08:48:39.171] [INFO] - 2019-07-14
[2019-07-29 08:48:39.171] [INFO] - 2019-07-21
[2019-07-29 08:48:39.171] [INFO] - 2019-07-27
[2019-07-29 08:48:39.172] [INFO] - 2019-07-06
[2019-07-29 08:48:39.172] [INFO] - 2019-07-07
[2019-07-29 08:48:39.172] [INFO] - 2019-07-14
[2019-07-29 08:48:39.173] [INFO] - 2019-07-20
[2019-07-29 08:48:39.173] [INFO] - 2019-07-21
[2019-07-29 08:48:39.173] [INFO] - 2019-07-13
[2019-07-29 08:48:39.174] [INFO] - 2019-07-14
[2019-07-29 08:48:39.174] [INFO] - 2019-07-06
[2019-07-29 08:48:39.175] [INFO] - 2019-07-07
[2019-07-29 08:48:39.175] [INFO] - 2019-07-13
[2019-07-29 08:48:39.176] [INFO] - 2019-07-06
[2019-07-29 08:48:39.176] [INFO] - 2019-07-07
[2019-07-29 08:48:39.176] [INFO] - 2019-07-20
[2019-07-29 08:48:39.176] [INFO] - 2019-07-27
[2019-07-29 08:48:39.177] [INFO] - 2019-07-06
[2019-07-29 08:48:39.177] [INFO] - 2019-07-07
[2019-07-29 08:48:39.177] [INFO] - 2019-07-13
[2019-07-29 08:48:39.177] [INFO] - 2019-07-21
[2019-07-29 08:48:39.178] [INFO] - 2019-07-13
[2019-07-29 08:48:39.178] [INFO] - 2019-07-14
[2019-07-29 08:48:39.178] [INFO] - 2019-07-20
[2019-07-29 08:48:39.179] [INFO] - 2019-07-21
[2019-07-29 08:48:39.179] [INFO] - 2019-07-27
[2019-07-29 08:48:39.179] [INFO] - 2019-07-28
[2019-07-29 08:48:39.179] [INFO] - 2019-07-06
[2019-07-29 08:48:39.179] [INFO] - 2019-07-07
[2019-07-29 08:48:39.180] [INFO] - 2019-07-20
[2019-07-29 08:48:39.180] [INFO] - 2019-07-21
[2019-07-29 08:48:39.180] [INFO] - 2019-07-27
[2019-07-29 08:48:39.180] [INFO] - 2019-07-28
[2019-07-29 08:48:39.181] [INFO] - 2019-07-13
[2019-07-29 08:48:39.181] [INFO] - 2019-07-14
[2019-07-29 13:53:41.771] [INFO] - select a.username,a.outdate,a.department,a.place,b.price from outs a left join price b on a.place = b.place where a.place !="" and a.outdate>="2019-07-01" and a.outdate<="2019-07-31"
[2019-07-29 13:53:41.784] [INFO] - RowDataPacket {
  username: '黄沁',
  outdate: '2019-07-01',
  department: '第一征收重大部',
  place: '车墩',
  price: 30 }
[2019-07-29 13:53:41.786] [INFO] - RowDataPacket {
  username: '黄沁',
  outdate: '2019-07-02',
  department: '第一征收重大部',
  place: '佘山',
  price: 30 }
[2019-07-29 13:53:41.787] [INFO] - RowDataPacket {
  username: '黄沁',
  outdate: '2019-07-03',
  department: '第一征收重大部',
  place: '佘山',
  price: 30 }
[2019-07-29 13:53:41.787] [INFO] - RowDataPacket {
  username: '黄沁',
  outdate: '2019-07-04',
  department: '第一征收重大部',
  place: '车墩',
  price: 30 }
[2019-07-29 13:53:41.788] [INFO] - RowDataPacket {
  username: '黄沁',
  outdate: '2019-07-05',
  department: '第一征收重大部',
  place: '车墩',
  price: 30 }
[2019-07-29 13:53:41.789] [INFO] - RowDataPacket {
  username: '黄沁',
  outdate: '2019-07-06',
  department: '第一征收重大部',
  place: '车墩',
  price: 30 }
[2019-07-29 13:53:41.790] [INFO] - RowDataPacket {
  username: '王强',
  outdate: '2019-07-02',
  department: '第一征收重大部',
  place: '叶榭',
  price: 30 }
[2019-07-29 13:53:41.790] [INFO] - RowDataPacket {
  username: '王强',
  outdate: '2019-07-03',
  department: '第一征收重大部',
  place: '新浜',
  price: 50 }
[2019-07-29 13:53:41.791] [INFO] - RowDataPacket {
  username: '王强',
  outdate: '2019-07-04',
  department: '第一征收重大部',
  place: '上海',
  price: 0 }
[2019-07-29 13:53:41.792] [INFO] - RowDataPacket {
  username: '董乾',
  outdate: '2019-07-02',
  department: '第一征收重大部',
  place: '上海',
  price: 0 }
[2019-07-29 13:53:41.795] [INFO] - RowDataPacket {
  username: '董乾',
  outdate: '2019-07-03',
  department: '第一征收重大部',
  place: '车墩',
  price: 30 }
[2019-07-29 13:53:41.796] [INFO] - RowDataPacket {
  username: '顾元生',
  outdate: '2019-07-01',
  department: '第一征收重大部',
  place: '新浜',
  price: 50 }
[2019-07-29 13:53:41.799] [INFO] - RowDataPacket {
  username: '顾元生',
  outdate: '2019-07-02',
  department: '第一征收重大部',
  place: '叶榭',
  price: 30 }
[2019-07-29 13:53:41.799] [INFO] - RowDataPacket {
  username: '顾元生',
  outdate: '2019-07-03',
  department: '第一征收重大部',
  place: '九亭',
  price: 50 }
[2019-07-29 13:53:41.799] [INFO] - RowDataPacket {
  username: '顾元生',
  outdate: '2019-07-04',
  department: '第一征收重大部',
  place: '九亭',
  price: 50 }
[2019-07-29 13:53:41.800] [INFO] - RowDataPacket {
  username: '顾元生',
  outdate: '2019-07-05',
  department: '第一征收重大部',
  place: '叶榭',
  price: 30 }
[2019-07-29 13:53:41.800] [INFO] - RowDataPacket {
  username: '胡捷',
  outdate: '2019-07-03',
  department: '第一征收重大部',
  place: '新浜',
  price: 50 }
[2019-07-29 13:53:41.801] [INFO] - RowDataPacket {
  username: '孙魁',
  outdate: '2019-07-03',
  department: '第一征收重大部',
  place: '佘山',
  price: 30 }
[2019-07-29 13:53:41.802] [INFO] - RowDataPacket {
  username: '孙魁',
  outdate: '2019-07-04',
  department: '第一征收重大部',
  place: '车墩',
  price: 30 }
[2019-07-29 13:53:41.803] [INFO] - RowDataPacket {
  username: '孙魁',
  outdate: '2019-07-05',
  department: '第一征收重大部',
  place: '车墩',
  price: 30 }
[2019-07-29 13:53:41.804] [INFO] - RowDataPacket {
  username: '孙魁',
  outdate: '2019-07-06',
  department: '第一征收重大部',
  place: '车墩',
  price: 30 }
[2019-07-29 13:53:41.804] [INFO] - RowDataPacket {
  username: '孟存宏',
  outdate: '2019-07-02',
  department: '第一征收重大部',
  place: '车墩',
  price: 30 }
[2019-07-29 13:53:41.804] [INFO] - RowDataPacket {
  username: '孟存宏',
  outdate: '2019-07-03',
  department: '第一征收重大部',
  place: '佘山',
  price: 30 }
[2019-07-29 13:53:41.805] [INFO] - RowDataPacket {
  username: '孟存宏',
  outdate: '2019-07-04',
  department: '第一征收重大部',
  place: '车墩',
  price: 30 }
[2019-07-29 13:53:41.805] [INFO] - RowDataPacket {
  username: '孟存宏',
  outdate: '2019-07-05',
  department: '第一征收重大部',
  place: '车墩',
  price: 30 }
[2019-07-29 13:53:41.806] [INFO] - RowDataPacket {
  username: '孟存宏',
  outdate: '2019-07-06',
  department: '第一征收重大部',
  place: '车墩',
  price: 30 }
[2019-07-29 13:53:41.806] [INFO] - RowDataPacket {
  username: '徐沪',
  outdate: '2019-07-03',
  department: '第一征收重大部',
  place: '新浜',
  price: 50 }
[2019-07-29 13:53:41.807] [INFO] - RowDataPacket {
  username: '徐沪',
  outdate: '2019-07-04',
  department: '第一征收重大部',
  place: '车墩',
  price: 30 }
[2019-07-29 13:53:41.808] [INFO] - RowDataPacket {
  username: '徐沪',
  outdate: '2019-07-06',
  department: '第一征收重大部',
  place: '叶榭',
  price: 30 }
[2019-07-29 13:53:41.808] [INFO] - RowDataPacket {
  username: '朱春辉',
  outdate: '2019-07-03',
  department: '第一征收重大部',
  place: '新浜',
  price: 50 }
[2019-07-29 13:53:41.808] [INFO] - RowDataPacket {
  username: '朱春辉',
  outdate: '2019-07-04',
  department: '第一征收重大部',
  place: '九亭',
  price: 50 }
[2019-07-29 13:53:41.809] [INFO] - RowDataPacket {
  username: '朱春辉',
  outdate: '2019-07-05',
  department: '第一征收重大部',
  place: '叶榭',
  price: 30 }
[2019-07-29 13:53:41.809] [INFO] - RowDataPacket {
  username: '朱春辉',
  outdate: '2019-07-06',
  department: '第一征收重大部',
  place: '叶榭',
  price: 30 }
[2019-07-29 13:53:41.810] [INFO] - RowDataPacket {
  username: '朱玉秀',
  outdate: '2019-07-03',
  department: '第一征收重大部',
  place: '新浜',
  price: 50 }
[2019-07-29 13:53:41.810] [INFO] - RowDataPacket {
  username: '万雪明',
  outdate: '2019-07-04',
  department: '第一征收项目一部',
  place: '九亭',
  price: 50 }
[2019-07-29 13:53:41.811] [INFO] - RowDataPacket {
  username: '赵静妮',
  outdate: '2019-07-06',
  department: '第一征收项目一部',
  place: '泗泾',
  price: 50 }
[2019-07-29 13:53:41.811] [INFO] - RowDataPacket {
  username: '金贞贤',
  outdate: '2019-07-01',
  department: '第一征收项目一部',
  place: '泗泾',
  price: 50 }
[2019-07-29 13:53:41.811] [INFO] - RowDataPacket {
  username: '金贞贤',
  outdate: '2019-07-02',
  department: '第一征收项目一部',
  place: '泗泾',
  price: 50 }
[2019-07-29 13:53:41.812] [INFO] - RowDataPacket {
  username: '金贞贤',
  outdate: '2019-07-03',
  department: '第一征收项目一部',
  place: '泗泾',
  price: 50 }
[2019-07-29 13:53:41.812] [INFO] - RowDataPacket {
  username: '金贞贤',
  outdate: '2019-07-04',
  department: '第一征收项目一部',
  place: '泗泾',
  price: 50 }
[2019-07-29 13:53:41.812] [INFO] - RowDataPacket {
  username: '金贞贤',
  outdate: '2019-07-05',
  department: '第一征收项目一部',
  place: '泗泾',
  price: 50 }
[2019-07-29 13:53:41.813] [INFO] - RowDataPacket {
  username: '金贞贤',
  outdate: '2019-07-06',
  department: '第一征收项目一部',
  place: '泗泾',
  price: 50 }
[2019-07-29 13:53:41.814] [INFO] - RowDataPacket {
  username: '苏从',
  outdate: '2019-07-01',
  department: '第一征收项目一部',
  place: '泗泾',
  price: 50 }
[2019-07-29 13:53:41.814] [INFO] - RowDataPacket {
  username: '苏从',
  outdate: '2019-07-02',
  department: '第一征收项目一部',
  place: '泗泾',
  price: 50 }
[2019-07-29 13:53:41.815] [INFO] - RowDataPacket {
  username: '苏从',
  outdate: '2019-07-03',
  department: '第一征收项目一部',
  place: '泗泾',
  price: 50 }
[2019-07-29 13:53:41.815] [INFO] - RowDataPacket {
  username: '苏从',
  outdate: '2019-07-04',
  department: '第一征收项目一部',
  place: '泗泾',
  price: 50 }
[2019-07-29 13:53:41.816] [INFO] - RowDataPacket {
  username: '苏从',
  outdate: '2019-07-05',
  department: '第一征收项目一部',
  place: '泗泾',
  price: 50 }
[2019-07-29 13:53:41.816] [INFO] - RowDataPacket {
  username: '苏从',
  outdate: '2019-07-06',
  department: '第一征收项目一部',
  place: '泗泾',
  price: 50 }
[2019-07-29 13:53:41.817] [INFO] - RowDataPacket {
  username: '蒋睿峰',
  outdate: '2019-07-01',
  department: '第一征收项目一部',
  place: '小昆山',
  price: 30 }
[2019-07-29 13:53:41.818] [INFO] - RowDataPacket {
  username: '蒋睿峰',
  outdate: '2019-07-02',
  department: '第一征收项目一部',
  place: '小昆山',
  price: 30 }
[2019-07-29 13:53:41.818] [INFO] - RowDataPacket {
  username: '蒋睿峰',
  outdate: '2019-07-03',
  department: '第一征收项目一部',
  place: '小昆山',
  price: 30 }
[2019-07-29 13:53:41.819] [INFO] - RowDataPacket {
  username: '蒋睿峰',
  outdate: '2019-07-04',
  department: '第一征收项目一部',
  place: '新桥',
  price: 30 }
[2019-07-29 13:53:41.819] [INFO] - RowDataPacket {
  username: '蒋睿峰',
  outdate: '2019-07-05',
  department: '第一征收项目一部',
  place: '九亭',
  price: 50 }
[2019-07-29 13:53:41.820] [INFO] - RowDataPacket {
  username: '蒋睿峰',
  outdate: '2019-07-06',
  department: '第一征收项目一部',
  place: '车墩',
  price: 30 }
[2019-07-29 13:53:41.820] [INFO] - RowDataPacket {
  username: '蒋睿峰',
  outdate: '2019-07-07',
  department: '第一征收项目一部',
  place: '小昆山',
  price: 30 }
[2019-07-29 13:53:41.821] [INFO] - RowDataPacket {
  username: '江淼',
  outdate: '2019-07-01',
  department: '第一征收项目一部',
  place: '九亭',
  price: 50 }
[2019-07-29 13:53:41.821] [INFO] - RowDataPacket {
  username: '江淼',
  outdate: '2019-07-02',
  department: '第一征收项目一部',
  place: '九亭',
  price: 50 }
[2019-07-29 13:53:41.821] [INFO] - RowDataPacket {
  username: '江淼',
  outdate: '2019-07-04',
  department: '第一征收项目一部',
  place: '九亭',
  price: 50 }
[2019-07-29 13:53:41.822] [INFO] - RowDataPacket {
  username: '江淼',
  outdate: '2019-07-06',
  department: '第一征收项目一部',
  place: '车墩',
  price: 30 }
[2019-07-29 13:53:41.822] [INFO] - RowDataPacket {
  username: '董春辉',
  outdate: '2019-07-02',
  department: '第一征收项目一部',
  place: '泗泾',
  price: 50 }
[2019-07-29 13:53:41.822] [INFO] - RowDataPacket {
  username: '单喆',
  outdate: '2019-07-01',
  department: '第一征收项目一部',
  place: '泗泾',
  price: 50 }
[2019-07-29 13:53:41.823] [INFO] - RowDataPacket {
  username: '单喆',
  outdate: '2019-07-02',
  department: '第一征收项目一部',
  place: '泗泾',
  price: 50 }
[2019-07-29 13:53:41.823] [INFO] - RowDataPacket {
  username: '单喆',
  outdate: '2019-07-03',
  department: '第一征收项目一部',
  place: '泗泾',
  price: 50 }
[2019-07-29 13:53:41.823] [INFO] - RowDataPacket {
  username: '单喆',
  outdate: '2019-07-04',
  department: '第一征收项目一部',
  place: '泗泾',
  price: 50 }
[2019-07-29 13:53:41.824] [INFO] - RowDataPacket {
  username: '单喆',
  outdate: '2019-07-05',
  department: '第一征收项目一部',
  place: '泗泾',
  price: 50 }
[2019-07-29 13:53:41.825] [INFO] - RowDataPacket {
  username: '徐莹',
  outdate: '2019-07-01',
  department: '第一征收项目一部',
  place: '泗泾',
  price: 50 }
[2019-07-29 13:53:41.825] [INFO] - RowDataPacket {
  username: '徐莹',
  outdate: '2019-07-02',
  department: '第一征收项目一部',
  place: '泗泾',
  price: 50 }
[2019-07-29 13:53:41.826] [INFO] - RowDataPacket {
  username: '徐莹',
  outdate: '2019-07-03',
  department: '第一征收项目一部',
  place: '泗泾',
  price: 50 }
[2019-07-29 13:53:41.826] [INFO] - RowDataPacket {
  username: '徐莹',
  outdate: '2019-07-04',
  department: '第一征收项目一部',
  place: '泗泾',
  price: 50 }
[2019-07-29 13:53:41.826] [INFO] - RowDataPacket {
  username: '徐莹',
  outdate: '2019-07-05',
  department: '第一征收项目一部',
  place: '泗泾',
  price: 50 }
[2019-07-29 13:53:41.827] [INFO] - RowDataPacket {
  username: '徐莹',
  outdate: '2019-07-06',
  department: '第一征收项目一部',
  place: '泗泾',
  price: 50 }
[2019-07-29 13:53:41.827] [INFO] - RowDataPacket {
  username: '沈军梅',
  outdate: '2019-07-01',
  department: '第一征收项目一部',
  place: '九亭',
  price: 50 }
[2019-07-29 13:53:41.828] [INFO] - RowDataPacket {
  username: '沈军梅',
  outdate: '2019-07-02',
  department: '第一征收项目一部',
  place: '九亭',
  price: 50 }
[2019-07-29 13:53:41.828] [INFO] - RowDataPacket {
  username: '沈军梅',
  outdate: '2019-07-03',
  department: '第一征收项目一部',
  place: '九亭',
  price: 50 }
[2019-07-29 13:53:41.829] [INFO] - RowDataPacket {
  username: '沈军梅',
  outdate: '2019-07-06',
  department: '第一征收项目一部',
  place: '车墩',
  price: 30 }
[2019-07-29 13:53:41.829] [INFO] - RowDataPacket {
  username: '夏翔',
  outdate: '2019-07-01',
  department: '第一征收项目二部',
  place: '泗泾',
  price: 50 }
[2019-07-29 13:53:41.830] [INFO] - RowDataPacket {
  username: '夏翔',
  outdate: '2019-07-02',
  department: '第一征收项目二部',
  place: '佘山',
  price: 30 }
[2019-07-29 13:53:41.831] [INFO] - RowDataPacket {
  username: '夏翔',
  outdate: '2019-07-03',
  department: '第一征收项目二部',
  place: '佘山',
  price: 30 }
[2019-07-29 13:53:41.831] [INFO] - RowDataPacket {
  username: '夏翔',
  outdate: '2019-07-04',
  department: '第一征收项目二部',
  place: '小昆山',
  price: 30 }
[2019-07-29 13:53:41.832] [INFO] - RowDataPacket {
  username: '夏翔',
  outdate: '2019-07-06',
  department: '第一征收项目二部',
  place: '佘山',
  price: 30 }
[2019-07-29 13:53:41.832] [INFO] - RowDataPacket {
  username: '夏翔',
  outdate: '2019-07-07',
  department: '第一征收项目二部',
  place: '佘山',
  price: 30 }
[2019-07-29 13:53:41.833] [INFO] - RowDataPacket {
  username: '张奇',
  outdate: '2019-07-02',
  department: '第一征收项目二部',
  place: '佘山',
  price: 30 }
[2019-07-29 13:53:41.834] [INFO] - RowDataPacket {
  username: '张奇',
  outdate: '2019-07-03',
  department: '第一征收项目二部',
  place: '叶榭',
  price: 30 }
[2019-07-29 13:53:41.835] [INFO] - RowDataPacket {
  username: '张奇',
  outdate: '2019-07-04',
  department: '第一征收项目二部',
  place: '小昆山',
  price: 30 }
[2019-07-29 13:53:41.835] [INFO] - RowDataPacket {
  username: '张奇',
  outdate: '2019-07-05',
  department: '第一征收项目二部',
  place: '小昆山',
  price: 30 }
[2019-07-29 13:53:41.836] [INFO] - RowDataPacket {
  username: '张奇',
  outdate: '2019-07-06',
  department: '第一征收项目二部',
  place: '佘山',
  price: 30 }
[2019-07-29 13:53:41.836] [INFO] - RowDataPacket {
  username: '张奇',
  outdate: '2019-07-07',
  department: '第一征收项目二部',
  place: '佘山',
  price: 30 }
[2019-07-29 13:53:41.837] [INFO] - RowDataPacket {
  username: '陆伟',
  outdate: '2019-07-01',
  department: '第一征收项目二部',
  place: '佘山',
  price: 30 }
[2019-07-29 13:53:41.838] [INFO] - RowDataPacket {
  username: '陆伟',
  outdate: '2019-07-02',
  department: '第一征收项目二部',
  place: '佘山',
  price: 30 }
[2019-07-29 13:53:41.839] [INFO] - RowDataPacket {
  username: '陆伟',
  outdate: '2019-07-03',
  department: '第一征收项目二部',
  place: '佘山',
  price: 30 }
[2019-07-29 13:53:41.839] [INFO] - RowDataPacket {
  username: '陆伟',
  outdate: '2019-07-04',
  department: '第一征收项目二部',
  place: '佘山',
  price: 30 }
[2019-07-29 13:53:41.839] [INFO] - RowDataPacket {
  username: '朱祎婷',
  outdate: '2019-07-04',
  department: '第一征收项目二部',
  place: '佘山',
  price: 30 }
[2019-07-29 13:53:41.840] [INFO] - RowDataPacket {
  username: '赵峥嵘',
  outdate: '2019-07-01',
  department: '第一征收项目二部',
  place: '新浜',
  price: 50 }
[2019-07-29 13:53:41.840] [INFO] - RowDataPacket {
  username: '赵峥嵘',
  outdate: '2019-07-02',
  department: '第一征收项目二部',
  place: '新浜',
  price: 50 }
[2019-07-29 13:53:41.841] [INFO] - RowDataPacket {
  username: '赵峥嵘',
  outdate: '2019-07-03',
  department: '第一征收项目二部',
  place: '新浜',
  price: 50 }
[2019-07-29 13:53:41.841] [INFO] - RowDataPacket {
  username: '赵峥嵘',
  outdate: '2019-07-04',
  department: '第一征收项目二部',
  place: '小昆山',
  price: 30 }
[2019-07-29 13:53:41.841] [INFO] - RowDataPacket {
  username: '赵峥嵘',
  outdate: '2019-07-05',
  department: '第一征收项目二部',
  place: '新浜',
  price: 50 }
[2019-07-29 13:53:41.842] [INFO] - RowDataPacket {
  username: '沈丽君',
  outdate: '2019-07-01',
  department: '第一征收项目二部',
  place: '小昆山',
  price: 30 }
[2019-07-29 13:53:41.842] [INFO] - RowDataPacket {
  username: '沈丽君',
  outdate: '2019-07-04',
  department: '第一征收项目二部',
  place: '佘山',
  price: 30 }
[2019-07-29 13:53:41.843] [INFO] - RowDataPacket {
  username: '杨肖叶',
  outdate: '2019-07-01',
  department: '第一征收项目二部',
  place: '佘山',
  price: 30 }
[2019-07-29 13:53:41.843] [INFO] - RowDataPacket {
  username: '杨肖叶',
  outdate: '2019-07-02',
  department: '第一征收项目二部',
  place: '佘山',
  price: 30 }
[2019-07-29 13:53:41.843] [INFO] - RowDataPacket {
  username: '杨肖叶',
  outdate: '2019-07-03',
  department: '第一征收项目二部',
  place: '佘山',
  price: 30 }
[2019-07-29 13:53:41.844] [INFO] - RowDataPacket {
  username: '杨肖叶',
  outdate: '2019-07-04',
  department: '第一征收项目二部',
  place: '佘山',
  price: 30 }
[2019-07-29 13:53:41.844] [INFO] - RowDataPacket {
  username: '杨肖叶',
  outdate: '2019-07-05',
  department: '第一征收项目二部',
  place: '佘山',
  price: 30 }
[2019-07-29 13:53:41.844] [INFO] - RowDataPacket {
  username: '周忠高',
  outdate: '2019-07-02',
  department: '第一征收项目二部',
  place: '佘山',
  price: 30 }
[2019-07-29 13:53:41.845] [INFO] - RowDataPacket {
  username: '周忠高',
  outdate: '2019-07-03',
  department: '第一征收项目二部',
  place: '佘山',
  price: 30 }
[2019-07-29 13:53:41.845] [INFO] - RowDataPacket {
  username: '周忠高',
  outdate: '2019-07-07',
  department: '第一征收项目二部',
  place: '佘山',
  price: 30 }
[2019-07-29 13:53:41.847] [INFO] - RowDataPacket {
  username: '姚文军',
  outdate: '2019-07-01',
  department: '第一征收项目二部',
  place: '泗泾',
  price: 50 }
[2019-07-29 13:53:41.848] [INFO] - RowDataPacket {
  username: '姚文军',
  outdate: '2019-07-02',
  department: '第一征收项目二部',
  place: '佘山',
  price: 30 }
[2019-07-29 13:53:41.849] [INFO] - RowDataPacket {
  username: '姚文军',
  outdate: '2019-07-04',
  department: '第一征收项目二部',
  place: '佘山',
  price: 30 }
[2019-07-29 13:53:41.850] [INFO] - RowDataPacket {
  username: '姚文军',
  outdate: '2019-07-05',
  department: '第一征收项目二部',
  place: '佘山',
  price: 30 }
[2019-07-29 13:53:41.851] [INFO] - RowDataPacket {
  username: '姚文军',
  outdate: '2019-07-06',
  department: '第一征收项目二部',
  place: '佘山',
  price: 30 }
[2019-07-29 13:53:41.852] [INFO] - RowDataPacket {
  username: '姚文军',
  outdate: '2019-07-07',
  department: '第一征收项目二部',
  place: '佘山',
  price: 30 }
[2019-07-29 13:53:41.852] [INFO] - RowDataPacket {
  username: '何健',
  outdate: '2019-07-01',
  department: '第一征收项目二部',
  place: '佘山',
  price: 30 }
[2019-07-29 13:53:41.854] [INFO] - RowDataPacket {
  username: '何健',
  outdate: '2019-07-02',
  department: '第一征收项目二部',
  place: '佘山',
  price: 30 }
[2019-07-29 13:53:41.854] [INFO] - RowDataPacket {
  username: '何健',
  outdate: '2019-07-03',
  department: '第一征收项目二部',
  place: '佘山',
  price: 30 }
[2019-07-29 13:53:41.855] [INFO] - RowDataPacket {
  username: '何健',
  outdate: '2019-07-04',
  department: '第一征收项目二部',
  place: '佘山',
  price: 30 }
[2019-07-29 13:53:41.855] [INFO] - RowDataPacket {
  username: '何健',
  outdate: '2019-07-05',
  department: '第一征收项目二部',
  place: '佘山',
  price: 30 }
[2019-07-29 13:53:41.856] [INFO] - RowDataPacket {
  username: '谢方琴',
  outdate: '2019-07-01',
  department: '第一征收项目二部',
  place: '佘山',
  price: 30 }
[2019-07-29 13:53:41.856] [INFO] - RowDataPacket {
  username: '谢方琴',
  outdate: '2019-07-02',
  department: '第一征收项目二部',
  place: '佘山',
  price: 30 }
[2019-07-29 13:53:41.857] [INFO] - RowDataPacket {
  username: '谢方琴',
  outdate: '2019-07-03',
  department: '第一征收项目二部',
  place: '佘山',
  price: 30 }
[2019-07-29 13:53:41.857] [INFO] - RowDataPacket {
  username: '谢方琴',
  outdate: '2019-07-05',
  department: '第一征收项目二部',
  place: '佘山',
  price: 30 }
[2019-07-29 13:53:41.858] [INFO] - RowDataPacket {
  username: '谢方琴',
  outdate: '2019-07-06',
  department: '第一征收项目二部',
  place: '佘山',
  price: 30 }
[2019-07-29 13:53:41.858] [INFO] - RowDataPacket {
  username: '谢方琴',
  outdate: '2019-07-07',
  department: '第一征收项目二部',
  place: '佘山',
  price: 30 }
[2019-07-29 13:53:41.859] [INFO] - RowDataPacket {
  username: '邓圆英',
  outdate: '2019-07-04',
  department: '第一征收项目二部',
  place: '小昆山',
  price: 30 }
[2019-07-29 14:43:47.131] [INFO] - select a.username,a.outdate,a.department,a.place,b.price from outs a left join price b on a.place = b.place where a.place !="" and a.outdate>="2019-07-01" and a.outdate<="2019-07-31"
[2019-07-29 14:43:47.142] [INFO] - RowDataPacket {
  username: '彭德军',
  outdate: '2019-07-09',
  department: '第一征收办公室',
  place: '泗泾',
  price: 50 }
[2019-07-29 14:43:47.143] [INFO] - RowDataPacket {
  username: '黄沁',
  outdate: '2019-07-01',
  department: '第一征收重大部',
  place: '车墩',
  price: 30 }
[2019-07-29 14:43:47.145] [INFO] - RowDataPacket {
  username: '黄沁',
  outdate: '2019-07-02',
  department: '第一征收重大部',
  place: '佘山',
  price: 30 }
[2019-07-29 14:43:47.145] [INFO] - RowDataPacket {
  username: '黄沁',
  outdate: '2019-07-03',
  department: '第一征收重大部',
  place: '佘山',
  price: 30 }
[2019-07-29 14:43:47.146] [INFO] - RowDataPacket {
  username: '黄沁',
  outdate: '2019-07-04',
  department: '第一征收重大部',
  place: '车墩',
  price: 30 }
[2019-07-29 14:43:47.146] [INFO] - RowDataPacket {
  username: '黄沁',
  outdate: '2019-07-05',
  department: '第一征收重大部',
  place: '车墩',
  price: 30 }
[2019-07-29 14:43:47.147] [INFO] - RowDataPacket {
  username: '黄沁',
  outdate: '2019-07-06',
  department: '第一征收重大部',
  place: '车墩',
  price: 30 }
[2019-07-29 14:43:47.148] [INFO] - RowDataPacket {
  username: '黄沁',
  outdate: '2019-07-08',
  department: '第一征收重大部',
  place: '车墩',
  price: 30 }
[2019-07-29 14:43:47.148] [INFO] - RowDataPacket {
  username: '黄沁',
  outdate: '2019-07-09',
  department: '第一征收重大部',
  place: '佘山',
  price: 30 }
[2019-07-29 14:43:47.149] [INFO] - RowDataPacket {
  username: '黄沁',
  outdate: '2019-07-10',
  department: '第一征收重大部',
  place: '车墩',
  price: 30 }
[2019-07-29 14:43:47.150] [INFO] - RowDataPacket {
  username: '黄沁',
  outdate: '2019-07-11',
  department: '第一征收重大部',
  place: '佘山',
  price: 30 }
[2019-07-29 14:43:47.150] [INFO] - RowDataPacket {
  username: '黄沁',
  outdate: '2019-07-12',
  department: '第一征收重大部',
  place: '车墩',
  price: 30 }
[2019-07-29 14:43:47.150] [INFO] - RowDataPacket {
  username: '黄沁',
  outdate: '2019-07-13',
  department: '第一征收重大部',
  place: '车墩',
  price: 30 }
[2019-07-29 14:43:47.151] [INFO] - RowDataPacket {
  username: '王强',
  outdate: '2019-07-02',
  department: '第一征收重大部',
  place: '叶榭',
  price: 30 }
[2019-07-29 14:43:47.151] [INFO] - RowDataPacket {
  username: '王强',
  outdate: '2019-07-03',
  department: '第一征收重大部',
  place: '新浜',
  price: 50 }
[2019-07-29 14:43:47.152] [INFO] - RowDataPacket {
  username: '王强',
  outdate: '2019-07-04',
  department: '第一征收重大部',
  place: '上海',
  price: 0 }
[2019-07-29 14:43:47.152] [INFO] - RowDataPacket {
  username: '王强',
  outdate: '2019-07-11',
  department: '第一征收重大部',
  place: '叶榭',
  price: 30 }
[2019-07-29 14:43:47.153] [INFO] - RowDataPacket {
  username: '王强',
  outdate: '2019-07-12',
  department: '第一征收重大部',
  place: '新浜',
  price: 50 }
[2019-07-29 14:43:47.153] [INFO] - RowDataPacket {
  username: '董乾',
  outdate: '2019-07-02',
  department: '第一征收重大部',
  place: '上海',
  price: 0 }
[2019-07-29 14:43:47.153] [INFO] - RowDataPacket {
  username: '董乾',
  outdate: '2019-07-03',
  department: '第一征收重大部',
  place: '车墩',
  price: 30 }
[2019-07-29 14:43:47.154] [INFO] - RowDataPacket {
  username: '董乾',
  outdate: '2019-07-08',
  department: '第一征收重大部',
  place: '车墩',
  price: 30 }
[2019-07-29 14:43:47.154] [INFO] - RowDataPacket {
  username: '董乾',
  outdate: '2019-07-09',
  department: '第一征收重大部',
  place: '车墩',
  price: 30 }
[2019-07-29 14:43:47.154] [INFO] - RowDataPacket {
  username: '顾元生',
  outdate: '2019-07-01',
  department: '第一征收重大部',
  place: '新浜',
  price: 50 }
[2019-07-29 14:43:47.155] [INFO] - RowDataPacket {
  username: '顾元生',
  outdate: '2019-07-02',
  department: '第一征收重大部',
  place: '叶榭',
  price: 30 }
[2019-07-29 14:43:47.155] [INFO] - RowDataPacket {
  username: '顾元生',
  outdate: '2019-07-03',
  department: '第一征收重大部',
  place: '九亭',
  price: 50 }
[2019-07-29 14:43:47.155] [INFO] - RowDataPacket {
  username: '顾元生',
  outdate: '2019-07-04',
  department: '第一征收重大部',
  place: '九亭',
  price: 50 }
[2019-07-29 14:43:47.156] [INFO] - RowDataPacket {
  username: '顾元生',
  outdate: '2019-07-05',
  department: '第一征收重大部',
  place: '叶榭',
  price: 30 }
[2019-07-29 14:43:47.156] [INFO] - RowDataPacket {
  username: '顾元生',
  outdate: '2019-07-08',
  department: '第一征收重大部',
  place: '泗泾',
  price: 50 }
[2019-07-29 14:43:47.157] [INFO] - RowDataPacket {
  username: '顾元生',
  outdate: '2019-07-09',
  department: '第一征收重大部',
  place: '叶榭',
  price: 30 }
[2019-07-29 14:43:47.157] [INFO] - RowDataPacket {
  username: '顾元生',
  outdate: '2019-07-10',
  department: '第一征收重大部',
  place: '叶榭',
  price: 30 }
[2019-07-29 14:43:47.157] [INFO] - RowDataPacket {
  username: '胡捷',
  outdate: '2019-07-03',
  department: '第一征收重大部',
  place: '新浜',
  price: 50 }
[2019-07-29 14:43:47.158] [INFO] - RowDataPacket {
  username: '胡捷',
  outdate: '2019-07-08',
  department: '第一征收重大部',
  place: '泖港',
  price: 30 }
[2019-07-29 14:43:47.159] [INFO] - RowDataPacket {
  username: '胡捷',
  outdate: '2019-07-12',
  department: '第一征收重大部',
  place: '新浜',
  price: 50 }
[2019-07-29 14:43:47.160] [INFO] - RowDataPacket {
  username: '胡捷',
  outdate: '2019-07-13',
  department: '第一征收重大部',
  place: '新浜',
  price: 50 }
[2019-07-29 14:43:47.161] [INFO] - RowDataPacket {
  username: '孙魁',
  outdate: '2019-07-03',
  department: '第一征收重大部',
  place: '佘山',
  price: 30 }
[2019-07-29 14:43:47.161] [INFO] - RowDataPacket {
  username: '孙魁',
  outdate: '2019-07-04',
  department: '第一征收重大部',
  place: '车墩',
  price: 30 }
[2019-07-29 14:43:47.162] [INFO] - RowDataPacket {
  username: '孙魁',
  outdate: '2019-07-05',
  department: '第一征收重大部',
  place: '车墩',
  price: 30 }
[2019-07-29 14:43:47.162] [INFO] - RowDataPacket {
  username: '孙魁',
  outdate: '2019-07-06',
  department: '第一征收重大部',
  place: '车墩',
  price: 30 }
[2019-07-29 14:43:47.163] [INFO] - RowDataPacket {
  username: '孙魁',
  outdate: '2019-07-08',
  department: '第一征收重大部',
  place: '车墩',
  price: 30 }
[2019-07-29 14:43:47.164] [INFO] - RowDataPacket {
  username: '孙魁',
  outdate: '2019-07-09',
  department: '第一征收重大部',
  place: '车墩',
  price: 30 }
[2019-07-29 14:43:47.165] [INFO] - RowDataPacket {
  username: '孙魁',
  outdate: '2019-07-10',
  department: '第一征收重大部',
  place: '车墩',
  price: 30 }
[2019-07-29 14:43:47.166] [INFO] - RowDataPacket {
  username: '孙魁',
  outdate: '2019-07-11',
  department: '第一征收重大部',
  place: '车墩',
  price: 30 }
[2019-07-29 14:43:47.167] [INFO] - RowDataPacket {
  username: '孙魁',
  outdate: '2019-07-12',
  department: '第一征收重大部',
  place: '车墩',
  price: 30 }
[2019-07-29 14:43:47.168] [INFO] - RowDataPacket {
  username: '孙魁',
  outdate: '2019-07-13',
  department: '第一征收重大部',
  place: '车墩',
  price: 30 }
[2019-07-29 14:43:47.169] [INFO] - RowDataPacket {
  username: '孟存宏',
  outdate: '2019-07-02',
  department: '第一征收重大部',
  place: '车墩',
  price: 30 }
[2019-07-29 14:43:47.169] [INFO] - RowDataPacket {
  username: '孟存宏',
  outdate: '2019-07-03',
  department: '第一征收重大部',
  place: '佘山',
  price: 30 }
[2019-07-29 14:43:47.170] [INFO] - RowDataPacket {
  username: '孟存宏',
  outdate: '2019-07-04',
  department: '第一征收重大部',
  place: '车墩',
  price: 30 }
[2019-07-29 14:43:47.170] [INFO] - RowDataPacket {
  username: '孟存宏',
  outdate: '2019-07-05',
  department: '第一征收重大部',
  place: '车墩',
  price: 30 }
[2019-07-29 14:43:47.171] [INFO] - RowDataPacket {
  username: '孟存宏',
  outdate: '2019-07-06',
  department: '第一征收重大部',
  place: '车墩',
  price: 30 }
[2019-07-29 14:43:47.171] [INFO] - RowDataPacket {
  username: '孟存宏',
  outdate: '2019-07-08',
  department: '第一征收重大部',
  place: '车墩',
  price: 30 }
[2019-07-29 14:43:47.171] [INFO] - RowDataPacket {
  username: '孟存宏',
  outdate: '2019-07-09',
  department: '第一征收重大部',
  place: '佘山',
  price: 30 }
[2019-07-29 14:43:47.172] [INFO] - RowDataPacket {
  username: '孟存宏',
  outdate: '2019-07-11',
  department: '第一征收重大部',
  place: '车墩',
  price: 30 }
[2019-07-29 14:43:47.172] [INFO] - RowDataPacket {
  username: '孟存宏',
  outdate: '2019-07-12',
  department: '第一征收重大部',
  place: '车墩',
  price: 30 }
[2019-07-29 14:43:47.173] [INFO] - RowDataPacket {
  username: '孟存宏',
  outdate: '2019-07-13',
  department: '第一征收重大部',
  place: '车墩',
  price: 30 }
[2019-07-29 14:43:47.173] [INFO] - RowDataPacket {
  username: '徐沪',
  outdate: '2019-07-03',
  department: '第一征收重大部',
  place: '新浜',
  price: 50 }
[2019-07-29 14:43:47.174] [INFO] - RowDataPacket {
  username: '徐沪',
  outdate: '2019-07-04',
  department: '第一征收重大部',
  place: '车墩',
  price: 30 }
[2019-07-29 14:43:47.174] [INFO] - RowDataPacket {
  username: '徐沪',
  outdate: '2019-07-06',
  department: '第一征收重大部',
  place: '叶榭',
  price: 30 }
[2019-07-29 14:43:47.175] [INFO] - RowDataPacket {
  username: '徐沪',
  outdate: '2019-07-08',
  department: '第一征收重大部',
  place: '九亭',
  price: 50 }
[2019-07-29 14:43:47.175] [INFO] - RowDataPacket {
  username: '徐沪',
  outdate: '2019-07-09',
  department: '第一征收重大部',
  place: '叶榭',
  price: 30 }
[2019-07-29 14:43:47.175] [INFO] - RowDataPacket {
  username: '徐沪',
  outdate: '2019-07-10',
  department: '第一征收重大部',
  place: '叶榭',
  price: 30 }
[2019-07-29 14:43:47.176] [INFO] - RowDataPacket {
  username: '徐沪',
  outdate: '2019-07-12',
  department: '第一征收重大部',
  place: '叶榭',
  price: 30 }
[2019-07-29 14:43:47.176] [INFO] - RowDataPacket {
  username: '朱春辉',
  outdate: '2019-07-03',
  department: '第一征收重大部',
  place: '新浜',
  price: 50 }
[2019-07-29 14:43:47.176] [INFO] - RowDataPacket {
  username: '朱春辉',
  outdate: '2019-07-04',
  department: '第一征收重大部',
  place: '九亭',
  price: 50 }
[2019-07-29 14:43:47.177] [INFO] - RowDataPacket {
  username: '朱春辉',
  outdate: '2019-07-05',
  department: '第一征收重大部',
  place: '叶榭',
  price: 30 }
[2019-07-29 14:43:47.177] [INFO] - RowDataPacket {
  username: '朱春辉',
  outdate: '2019-07-06',
  department: '第一征收重大部',
  place: '叶榭',
  price: 30 }
[2019-07-29 14:43:47.178] [INFO] - RowDataPacket {
  username: '朱春辉',
  outdate: '2019-07-08',
  department: '第一征收重大部',
  place: '车墩',
  price: 30 }
[2019-07-29 14:43:47.178] [INFO] - RowDataPacket {
  username: '朱春辉',
  outdate: '2019-07-09',
  department: '第一征收重大部',
  place: '叶榭',
  price: 30 }
[2019-07-29 14:43:47.179] [INFO] - RowDataPacket {
  username: '朱春辉',
  outdate: '2019-07-11',
  department: '第一征收重大部',
  place: '叶榭',
  price: 30 }
[2019-07-29 14:43:47.179] [INFO] - RowDataPacket {
  username: '朱春辉',
  outdate: '2019-07-13',
  department: '第一征收重大部',
  place: '新浜',
  price: 50 }
[2019-07-29 14:43:47.180] [INFO] - RowDataPacket {
  username: '朱玉秀',
  outdate: '2019-07-03',
  department: '第一征收重大部',
  place: '新浜',
  price: 50 }
[2019-07-29 14:43:47.181] [INFO] - RowDataPacket {
  username: '朱玉秀',
  outdate: '2019-07-08',
  department: '第一征收重大部',
  place: '泖港',
  price: 30 }
[2019-07-29 14:43:47.181] [INFO] - RowDataPacket {
  username: '朱玉秀',
  outdate: '2019-07-12',
  department: '第一征收重大部',
  place: '新浜',
  price: 50 }
[2019-07-29 14:43:47.182] [INFO] - RowDataPacket {
  username: '朱玉秀',
  outdate: '2019-07-13',
  department: '第一征收重大部',
  place: '新浜',
  price: 50 }
[2019-07-29 14:43:47.182] [INFO] - RowDataPacket {
  username: '万雪明',
  outdate: '2019-07-04',
  department: '第一征收项目一部',
  place: '九亭',
  price: 50 }
[2019-07-29 14:43:47.183] [INFO] - RowDataPacket {
  username: '万雪明',
  outdate: '2019-07-09',
  department: '第一征收项目一部',
  place: '泗泾',
  price: 50 }
[2019-07-29 14:43:47.185] [INFO] - RowDataPacket {
  username: '万雪明',
  outdate: '2019-07-12',
  department: '第一征收项目一部',
  place: '泗泾',
  price: 50 }
[2019-07-29 14:43:47.186] [INFO] - RowDataPacket {
  username: '赵静妮',
  outdate: '2019-07-06',
  department: '第一征收项目一部',
  place: '泗泾',
  price: 50 }
[2019-07-29 14:43:47.186] [INFO] - RowDataPacket {
  username: '赵静妮',
  outdate: '2019-07-09',
  department: '第一征收项目一部',
  place: '泗泾',
  price: 50 }
[2019-07-29 14:43:47.187] [INFO] - RowDataPacket {
  username: '赵静妮',
  outdate: '2019-07-11',
  department: '第一征收项目一部',
  place: '新桥',
  price: 30 }
[2019-07-29 14:43:47.187] [INFO] - RowDataPacket {
  username: '赵静妮',
  outdate: '2019-07-13',
  department: '第一征收项目一部',
  place: '泗泾',
  price: 50 }
[2019-07-29 14:43:47.188] [INFO] - RowDataPacket {
  username: '金贞贤',
  outdate: '2019-07-01',
  department: '第一征收项目一部',
  place: '泗泾',
  price: 50 }
[2019-07-29 14:43:47.188] [INFO] - RowDataPacket {
  username: '金贞贤',
  outdate: '2019-07-02',
  department: '第一征收项目一部',
  place: '泗泾',
  price: 50 }
[2019-07-29 14:43:47.188] [INFO] - RowDataPacket {
  username: '金贞贤',
  outdate: '2019-07-03',
  department: '第一征收项目一部',
  place: '泗泾',
  price: 50 }
[2019-07-29 14:43:47.189] [INFO] - RowDataPacket {
  username: '金贞贤',
  outdate: '2019-07-04',
  department: '第一征收项目一部',
  place: '泗泾',
  price: 50 }
[2019-07-29 14:43:47.189] [INFO] - RowDataPacket {
  username: '金贞贤',
  outdate: '2019-07-05',
  department: '第一征收项目一部',
  place: '泗泾',
  price: 50 }
[2019-07-29 14:43:47.190] [INFO] - RowDataPacket {
  username: '金贞贤',
  outdate: '2019-07-06',
  department: '第一征收项目一部',
  place: '泗泾',
  price: 50 }
[2019-07-29 14:43:47.190] [INFO] - RowDataPacket {
  username: '金贞贤',
  outdate: '2019-07-08',
  department: '第一征收项目一部',
  place: '泗泾',
  price: 50 }
[2019-07-29 14:43:47.190] [INFO] - RowDataPacket {
  username: '金贞贤',
  outdate: '2019-07-09',
  department: '第一征收项目一部',
  place: '泗泾',
  price: 50 }
[2019-07-29 14:43:47.191] [INFO] - RowDataPacket {
  username: '金贞贤',
  outdate: '2019-07-10',
  department: '第一征收项目一部',
  place: '泗泾',
  price: 50 }
[2019-07-29 14:43:47.191] [INFO] - RowDataPacket {
  username: '金贞贤',
  outdate: '2019-07-11',
  department: '第一征收项目一部',
  place: '泗泾',
  price: 50 }
[2019-07-29 14:43:47.191] [INFO] - RowDataPacket {
  username: '金贞贤',
  outdate: '2019-07-12',
  department: '第一征收项目一部',
  place: '泗泾',
  price: 50 }
[2019-07-29 14:43:47.192] [INFO] - RowDataPacket {
  username: '金贞贤',
  outdate: '2019-07-13',
  department: '第一征收项目一部',
  place: '泗泾',
  price: 50 }
[2019-07-29 14:43:47.192] [INFO] - RowDataPacket {
  username: '苏从',
  outdate: '2019-07-01',
  department: '第一征收项目一部',
  place: '泗泾',
  price: 50 }
[2019-07-29 14:43:47.192] [INFO] - RowDataPacket {
  username: '苏从',
  outdate: '2019-07-02',
  department: '第一征收项目一部',
  place: '泗泾',
  price: 50 }
[2019-07-29 14:43:47.193] [INFO] - RowDataPacket {
  username: '苏从',
  outdate: '2019-07-03',
  department: '第一征收项目一部',
  place: '泗泾',
  price: 50 }
[2019-07-29 14:43:47.193] [INFO] - RowDataPacket {
  username: '苏从',
  outdate: '2019-07-04',
  department: '第一征收项目一部',
  place: '泗泾',
  price: 50 }
[2019-07-29 14:43:47.193] [INFO] - RowDataPacket {
  username: '苏从',
  outdate: '2019-07-05',
  department: '第一征收项目一部',
  place: '泗泾',
  price: 50 }
[2019-07-29 14:43:47.194] [INFO] - RowDataPacket {
  username: '苏从',
  outdate: '2019-07-06',
  department: '第一征收项目一部',
  place: '泗泾',
  price: 50 }
[2019-07-29 14:43:47.194] [INFO] - RowDataPacket {
  username: '苏从',
  outdate: '2019-07-08',
  department: '第一征收项目一部',
  place: '泗泾',
  price: 50 }
[2019-07-29 14:43:47.194] [INFO] - RowDataPacket {
  username: '苏从',
  outdate: '2019-07-09',
  department: '第一征收项目一部',
  place: '泗泾',
  price: 50 }
[2019-07-29 14:43:47.195] [INFO] - RowDataPacket {
  username: '苏从',
  outdate: '2019-07-10',
  department: '第一征收项目一部',
  place: '泗泾',
  price: 50 }
[2019-07-29 14:43:47.197] [INFO] - RowDataPacket {
  username: '苏从',
  outdate: '2019-07-11',
  department: '第一征收项目一部',
  place: '泗泾',
  price: 50 }
[2019-07-29 14:43:47.198] [INFO] - RowDataPacket {
  username: '苏从',
  outdate: '2019-07-12',
  department: '第一征收项目一部',
  place: '泗泾',
  price: 50 }
[2019-07-29 14:43:47.198] [INFO] - RowDataPacket {
  username: '苏从',
  outdate: '2019-07-13',
  department: '第一征收项目一部',
  place: '泗泾',
  price: 50 }
[2019-07-29 14:43:47.199] [INFO] - RowDataPacket {
  username: '蒋睿峰',
  outdate: '2019-07-01',
  department: '第一征收项目一部',
  place: '小昆山',
  price: 30 }
[2019-07-29 14:43:47.200] [INFO] - RowDataPacket {
  username: '蒋睿峰',
  outdate: '2019-07-02',
  department: '第一征收项目一部',
  place: '小昆山',
  price: 30 }
[2019-07-29 14:43:47.201] [INFO] - RowDataPacket {
  username: '蒋睿峰',
  outdate: '2019-07-03',
  department: '第一征收项目一部',
  place: '小昆山',
  price: 30 }
[2019-07-29 14:43:47.201] [INFO] - RowDataPacket {
  username: '蒋睿峰',
  outdate: '2019-07-04',
  department: '第一征收项目一部',
  place: '新桥',
  price: 30 }
[2019-07-29 14:43:47.201] [INFO] - RowDataPacket {
  username: '蒋睿峰',
  outdate: '2019-07-05',
  department: '第一征收项目一部',
  place: '九亭',
  price: 50 }
[2019-07-29 14:43:47.202] [INFO] - RowDataPacket {
  username: '蒋睿峰',
  outdate: '2019-07-06',
  department: '第一征收项目一部',
  place: '车墩',
  price: 30 }
[2019-07-29 14:43:47.202] [INFO] - RowDataPacket {
  username: '蒋睿峰',
  outdate: '2019-07-07',
  department: '第一征收项目一部',
  place: '小昆山',
  price: 30 }
[2019-07-29 14:43:47.203] [INFO] - RowDataPacket {
  username: '蒋睿峰',
  outdate: '2019-07-08',
  department: '第一征收项目一部',
  place: '九亭',
  price: 50 }
[2019-07-29 14:43:47.203] [INFO] - RowDataPacket {
  username: '蒋睿峰',
  outdate: '2019-07-09',
  department: '第一征收项目一部',
  place: '小昆山',
  price: 30 }
[2019-07-29 14:43:47.204] [INFO] - RowDataPacket {
  username: '蒋睿峰',
  outdate: '2019-07-10',
  department: '第一征收项目一部',
  place: '小昆山',
  price: 30 }
[2019-07-29 14:43:47.204] [INFO] - RowDataPacket {
  username: '蒋睿峰',
  outdate: '2019-07-11',
  department: '第一征收项目一部',
  place: '新桥',
  price: 30 }
[2019-07-29 14:43:47.204] [INFO] - RowDataPacket {
  username: '蒋睿峰',
  outdate: '2019-07-13',
  department: '第一征收项目一部',
  place: '小昆山',
  price: 30 }
[2019-07-29 14:43:47.205] [INFO] - RowDataPacket {
  username: '蒋睿峰',
  outdate: '2019-07-14',
  department: '第一征收项目一部',
  place: '车墩',
  price: 30 }
[2019-07-29 14:43:47.205] [INFO] - RowDataPacket {
  username: '江淼',
  outdate: '2019-07-01',
  department: '第一征收项目一部',
  place: '九亭',
  price: 50 }
[2019-07-29 14:43:47.206] [INFO] - RowDataPacket {
  username: '江淼',
  outdate: '2019-07-02',
  department: '第一征收项目一部',
  place: '九亭',
  price: 50 }
[2019-07-29 14:43:47.206] [INFO] - RowDataPacket {
  username: '江淼',
  outdate: '2019-07-04',
  department: '第一征收项目一部',
  place: '九亭',
  price: 50 }
[2019-07-29 14:43:47.206] [INFO] - RowDataPacket {
  username: '江淼',
  outdate: '2019-07-06',
  department: '第一征收项目一部',
  place: '车墩',
  price: 30 }
[2019-07-29 14:43:47.207] [INFO] - RowDataPacket {
  username: '江淼',
  outdate: '2019-07-08',
  department: '第一征收项目一部',
  place: '车墩',
  price: 30 }
[2019-07-29 14:43:47.207] [INFO] - RowDataPacket {
  username: '江淼',
  outdate: '2019-07-12',
  department: '第一征收项目一部',
  place: '泗泾',
  price: 50 }
[2019-07-29 14:43:47.207] [INFO] - RowDataPacket {
  username: '江淼',
  outdate: '2019-07-13',
  department: '第一征收项目一部',
  place: '车墩',
  price: 30 }
[2019-07-29 14:43:47.208] [INFO] - RowDataPacket {
  username: '江淼',
  outdate: '2019-07-14',
  department: '第一征收项目一部',
  place: '车墩',
  price: 30 }
[2019-07-29 14:43:47.209] [INFO] - RowDataPacket {
  username: '董春辉',
  outdate: '2019-07-02',
  department: '第一征收项目一部',
  place: '泗泾',
  price: 50 }
[2019-07-29 14:43:47.209] [INFO] - RowDataPacket {
  username: '董春辉',
  outdate: '2019-07-09',
  department: '第一征收项目一部',
  place: '泗泾',
  price: 50 }
[2019-07-29 14:43:47.210] [INFO] - RowDataPacket {
  username: '董春辉',
  outdate: '2019-07-12',
  department: '第一征收项目一部',
  place: '泗泾',
  price: 50 }
[2019-07-29 14:43:47.210] [INFO] - RowDataPacket {
  username: '董春辉',
  outdate: '2019-07-13',
  department: '第一征收项目一部',
  place: '车墩',
  price: 30 }
[2019-07-29 14:43:47.211] [INFO] - RowDataPacket {
  username: '单喆',
  outdate: '2019-07-01',
  department: '第一征收项目一部',
  place: '泗泾',
  price: 50 }
[2019-07-29 14:43:47.211] [INFO] - RowDataPacket {
  username: '单喆',
  outdate: '2019-07-02',
  department: '第一征收项目一部',
  place: '泗泾',
  price: 50 }
[2019-07-29 14:43:47.212] [INFO] - RowDataPacket {
  username: '单喆',
  outdate: '2019-07-03',
  department: '第一征收项目一部',
  place: '泗泾',
  price: 50 }
[2019-07-29 14:43:47.212] [INFO] - RowDataPacket {
  username: '单喆',
  outdate: '2019-07-04',
  department: '第一征收项目一部',
  place: '泗泾',
  price: 50 }
[2019-07-29 14:43:47.212] [INFO] - RowDataPacket {
  username: '单喆',
  outdate: '2019-07-05',
  department: '第一征收项目一部',
  place: '泗泾',
  price: 50 }
[2019-07-29 14:43:47.214] [INFO] - RowDataPacket {
  username: '单喆',
  outdate: '2019-07-08',
  department: '第一征收项目一部',
  place: '泗泾',
  price: 50 }
[2019-07-29 14:43:47.215] [INFO] - RowDataPacket {
  username: '单喆',
  outdate: '2019-07-09',
  department: '第一征收项目一部',
  place: '泗泾',
  price: 50 }
[2019-07-29 14:43:47.216] [INFO] - RowDataPacket {
  username: '单喆',
  outdate: '2019-07-10',
  department: '第一征收项目一部',
  place: '泗泾',
  price: 50 }
[2019-07-29 14:43:47.216] [INFO] - RowDataPacket {
  username: '单喆',
  outdate: '2019-07-11',
  department: '第一征收项目一部',
  place: '泗泾',
  price: 50 }
[2019-07-29 14:43:47.217] [INFO] - RowDataPacket {
  username: '单喆',
  outdate: '2019-07-13',
  department: '第一征收项目一部',
  place: '泗泾',
  price: 50 }
[2019-07-29 14:43:47.220] [INFO] - RowDataPacket {
  username: '陆顺良',
  outdate: '2019-07-09',
  department: '第一征收项目一部',
  place: '泗泾',
  price: 50 }
[2019-07-29 14:43:47.220] [INFO] - RowDataPacket {
  username: '陆顺良',
  outdate: '2019-07-14',
  department: '第一征收项目一部',
  place: '车墩',
  price: 30 }
[2019-07-29 14:43:47.221] [INFO] - RowDataPacket {
  username: '徐莹',
  outdate: '2019-07-01',
  department: '第一征收项目一部',
  place: '泗泾',
  price: 50 }
[2019-07-29 14:43:47.221] [INFO] - RowDataPacket {
  username: '徐莹',
  outdate: '2019-07-02',
  department: '第一征收项目一部',
  place: '泗泾',
  price: 50 }
[2019-07-29 14:43:47.222] [INFO] - RowDataPacket {
  username: '徐莹',
  outdate: '2019-07-03',
  department: '第一征收项目一部',
  place: '泗泾',
  price: 50 }
[2019-07-29 14:43:47.222] [INFO] - RowDataPacket {
  username: '徐莹',
  outdate: '2019-07-04',
  department: '第一征收项目一部',
  place: '泗泾',
  price: 50 }
[2019-07-29 14:43:47.222] [INFO] - RowDataPacket {
  username: '徐莹',
  outdate: '2019-07-05',
  department: '第一征收项目一部',
  place: '泗泾',
  price: 50 }
[2019-07-29 14:43:47.223] [INFO] - RowDataPacket {
  username: '徐莹',
  outdate: '2019-07-06',
  department: '第一征收项目一部',
  place: '泗泾',
  price: 50 }
[2019-07-29 14:43:47.223] [INFO] - RowDataPacket {
  username: '徐莹',
  outdate: '2019-07-08',
  department: '第一征收项目一部',
  place: '泗泾',
  price: 50 }
[2019-07-29 14:43:47.224] [INFO] - RowDataPacket {
  username: '徐莹',
  outdate: '2019-07-09',
  department: '第一征收项目一部',
  place: '泗泾',
  price: 50 }
[2019-07-29 14:43:47.224] [INFO] - RowDataPacket {
  username: '徐莹',
  outdate: '2019-07-10',
  department: '第一征收项目一部',
  place: '泗泾',
  price: 50 }
[2019-07-29 14:43:47.224] [INFO] - RowDataPacket {
  username: '徐莹',
  outdate: '2019-07-11',
  department: '第一征收项目一部',
  place: '泗泾',
  price: 50 }
[2019-07-29 14:43:47.225] [INFO] - RowDataPacket {
  username: '徐莹',
  outdate: '2019-07-12',
  department: '第一征收项目一部',
  place: '泗泾',
  price: 50 }
[2019-07-29 14:43:47.225] [INFO] - RowDataPacket {
  username: '徐莹',
  outdate: '2019-07-13',
  department: '第一征收项目一部',
  place: '泗泾',
  price: 50 }
[2019-07-29 14:43:47.226] [INFO] - RowDataPacket {
  username: '沈军梅',
  outdate: '2019-07-01',
  department: '第一征收项目一部',
  place: '九亭',
  price: 50 }
[2019-07-29 14:43:47.226] [INFO] - RowDataPacket {
  username: '沈军梅',
  outdate: '2019-07-02',
  department: '第一征收项目一部',
  place: '九亭',
  price: 50 }
[2019-07-29 14:43:47.226] [INFO] - RowDataPacket {
  username: '沈军梅',
  outdate: '2019-07-03',
  department: '第一征收项目一部',
  place: '九亭',
  price: 50 }
[2019-07-29 14:43:47.227] [INFO] - RowDataPacket {
  username: '沈军梅',
  outdate: '2019-07-06',
  department: '第一征收项目一部',
  place: '车墩',
  price: 30 }
[2019-07-29 14:43:47.227] [INFO] - RowDataPacket {
  username: '沈军梅',
  outdate: '2019-07-08',
  department: '第一征收项目一部',
  place: '车墩',
  price: 30 }
[2019-07-29 14:43:47.228] [INFO] - RowDataPacket {
  username: '沈军梅',
  outdate: '2019-07-11',
  department: '第一征收项目一部',
  place: '车墩',
  price: 30 }
[2019-07-29 14:43:47.231] [INFO] - RowDataPacket {
  username: '沈军梅',
  outdate: '2019-07-13',
  department: '第一征收项目一部',
  place: '车墩',
  price: 30 }
[2019-07-29 14:43:47.233] [INFO] - RowDataPacket {
  username: '夏翔',
  outdate: '2019-07-01',
  department: '第一征收项目二部',
  place: '泗泾',
  price: 50 }
[2019-07-29 14:43:47.234] [INFO] - RowDataPacket {
  username: '夏翔',
  outdate: '2019-07-02',
  department: '第一征收项目二部',
  place: '佘山',
  price: 30 }
[2019-07-29 14:43:47.235] [INFO] - RowDataPacket {
  username: '夏翔',
  outdate: '2019-07-03',
  department: '第一征收项目二部',
  place: '佘山',
  price: 30 }
[2019-07-29 14:43:47.235] [INFO] - RowDataPacket {
  username: '夏翔',
  outdate: '2019-07-04',
  department: '第一征收项目二部',
  place: '小昆山',
  price: 30 }
[2019-07-29 14:43:47.236] [INFO] - RowDataPacket {
  username: '夏翔',
  outdate: '2019-07-06',
  department: '第一征收项目二部',
  place: '佘山',
  price: 30 }
[2019-07-29 14:43:47.237] [INFO] - RowDataPacket {
  username: '夏翔',
  outdate: '2019-07-07',
  department: '第一征收项目二部',
  place: '佘山',
  price: 30 }
[2019-07-29 14:43:47.237] [INFO] - RowDataPacket {
  username: '夏翔',
  outdate: '2019-07-08',
  department: '第一征收项目二部',
  place: '叶榭',
  price: 30 }
[2019-07-29 14:43:47.238] [INFO] - RowDataPacket {
  username: '夏翔',
  outdate: '2019-07-10',
  department: '第一征收项目二部',
  place: '小昆山',
  price: 30 }
[2019-07-29 14:43:47.239] [INFO] - RowDataPacket {
  username: '夏翔',
  outdate: '2019-07-12',
  department: '第一征收项目二部',
  place: '叶榭',
  price: 30 }
[2019-07-29 14:43:47.239] [INFO] - RowDataPacket {
  username: '张奇',
  outdate: '2019-07-02',
  department: '第一征收项目二部',
  place: '佘山',
  price: 30 }
[2019-07-29 14:43:47.240] [INFO] - RowDataPacket {
  username: '张奇',
  outdate: '2019-07-03',
  department: '第一征收项目二部',
  place: '叶榭',
  price: 30 }
[2019-07-29 14:43:47.240] [INFO] - RowDataPacket {
  username: '张奇',
  outdate: '2019-07-04',
  department: '第一征收项目二部',
  place: '小昆山',
  price: 30 }
[2019-07-29 14:43:47.240] [INFO] - RowDataPacket {
  username: '张奇',
  outdate: '2019-07-05',
  department: '第一征收项目二部',
  place: '小昆山',
  price: 30 }
[2019-07-29 14:43:47.241] [INFO] - RowDataPacket {
  username: '张奇',
  outdate: '2019-07-06',
  department: '第一征收项目二部',
  place: '佘山',
  price: 30 }
[2019-07-29 14:43:47.242] [INFO] - RowDataPacket {
  username: '张奇',
  outdate: '2019-07-07',
  department: '第一征收项目二部',
  place: '佘山',
  price: 30 }
[2019-07-29 14:43:47.242] [INFO] - RowDataPacket {
  username: '张奇',
  outdate: '2019-07-08',
  department: '第一征收项目二部',
  place: '叶榭',
  price: 30 }
[2019-07-29 14:43:47.243] [INFO] - RowDataPacket {
  username: '张奇',
  outdate: '2019-07-09',
  department: '第一征收项目二部',
  place: '叶榭',
  price: 30 }
[2019-07-29 14:43:47.243] [INFO] - RowDataPacket {
  username: '张奇',
  outdate: '2019-07-10',
  department: '第一征收项目二部',
  place: '小昆山',
  price: 30 }
[2019-07-29 14:43:47.244] [INFO] - RowDataPacket {
  username: '张奇',
  outdate: '2019-07-11',
  department: '第一征收项目二部',
  place: '叶榭',
  price: 30 }
[2019-07-29 14:43:47.244] [INFO] - RowDataPacket {
  username: '张奇',
  outdate: '2019-07-12',
  department: '第一征收项目二部',
  place: '叶榭',
  price: 30 }
[2019-07-29 14:43:47.245] [INFO] - RowDataPacket {
  username: '陆伟',
  outdate: '2019-07-01',
  department: '第一征收项目二部',
  place: '佘山',
  price: 30 }
[2019-07-29 14:43:47.246] [INFO] - RowDataPacket {
  username: '陆伟',
  outdate: '2019-07-02',
  department: '第一征收项目二部',
  place: '佘山',
  price: 30 }
[2019-07-29 14:43:47.248] [INFO] - RowDataPacket {
  username: '陆伟',
  outdate: '2019-07-03',
  department: '第一征收项目二部',
  place: '佘山',
  price: 30 }
[2019-07-29 14:43:47.248] [INFO] - RowDataPacket {
  username: '陆伟',
  outdate: '2019-07-04',
  department: '第一征收项目二部',
  place: '佘山',
  price: 30 }
[2019-07-29 14:43:47.249] [INFO] - RowDataPacket {
  username: '陆伟',
  outdate: '2019-07-08',
  department: '第一征收项目二部',
  place: '佘山',
  price: 30 }
[2019-07-29 14:43:47.250] [INFO] - RowDataPacket {
  username: '陆伟',
  outdate: '2019-07-09',
  department: '第一征收项目二部',
  place: '佘山',
  price: 30 }
[2019-07-29 14:43:47.251] [INFO] - RowDataPacket {
  username: '陆伟',
  outdate: '2019-07-10',
  department: '第一征收项目二部',
  place: '佘山',
  price: 30 }
[2019-07-29 14:43:47.251] [INFO] - RowDataPacket {
  username: '陆伟',
  outdate: '2019-07-11',
  department: '第一征收项目二部',
  place: '佘山',
  price: 30 }
[2019-07-29 14:43:47.252] [INFO] - RowDataPacket {
  username: '陆伟',
  outdate: '2019-07-13',
  department: '第一征收项目二部',
  place: '佘山',
  price: 30 }
[2019-07-29 14:43:47.252] [INFO] - RowDataPacket {
  username: '朱祎婷',
  outdate: '2019-07-04',
  department: '第一征收项目二部',
  place: '佘山',
  price: 30 }
[2019-07-29 14:43:47.253] [INFO] - RowDataPacket {
  username: '朱祎婷',
  outdate: '2019-07-09',
  department: '第一征收项目二部',
  place: '佘山',
  price: 30 }
[2019-07-29 14:43:47.253] [INFO] - RowDataPacket {
  username: '朱祎婷',
  outdate: '2019-07-10',
  department: '第一征收项目二部',
  place: '佘山',
  price: 30 }
[2019-07-29 14:43:47.253] [INFO] - RowDataPacket {
  username: '朱祎婷',
  outdate: '2019-07-11',
  department: '第一征收项目二部',
  place: '佘山',
  price: 30 }
[2019-07-29 14:43:47.254] [INFO] - RowDataPacket {
  username: '朱祎婷',
  outdate: '2019-07-12',
  department: '第一征收项目二部',
  place: '佘山',
  price: 30 }
[2019-07-29 14:43:47.254] [INFO] - RowDataPacket {
  username: '赵峥嵘',
  outdate: '2019-07-01',
  department: '第一征收项目二部',
  place: '新浜',
  price: 50 }
[2019-07-29 14:43:47.254] [INFO] - RowDataPacket {
  username: '赵峥嵘',
  outdate: '2019-07-02',
  department: '第一征收项目二部',
  place: '新浜',
  price: 50 }
[2019-07-29 14:43:47.255] [INFO] - RowDataPacket {
  username: '赵峥嵘',
  outdate: '2019-07-03',
  department: '第一征收项目二部',
  place: '新浜',
  price: 50 }
[2019-07-29 14:43:47.255] [INFO] - RowDataPacket {
  username: '赵峥嵘',
  outdate: '2019-07-04',
  department: '第一征收项目二部',
  place: '小昆山',
  price: 30 }
[2019-07-29 14:43:47.255] [INFO] - RowDataPacket {
  username: '赵峥嵘',
  outdate: '2019-07-05',
  department: '第一征收项目二部',
  place: '新浜',
  price: 50 }
[2019-07-29 14:43:47.256] [INFO] - RowDataPacket {
  username: '赵峥嵘',
  outdate: '2019-07-08',
  department: '第一征收项目二部',
  place: '新浜',
  price: 50 }
[2019-07-29 14:43:47.256] [INFO] - RowDataPacket {
  username: '赵峥嵘',
  outdate: '2019-07-09',
  department: '第一征收项目二部',
  place: '小昆山',
  price: 30 }
[2019-07-29 14:43:47.256] [INFO] - RowDataPacket {
  username: '赵峥嵘',
  outdate: '2019-07-10',
  department: '第一征收项目二部',
  place: '新浜',
  price: 50 }
[2019-07-29 14:43:47.257] [INFO] - RowDataPacket {
  username: '赵峥嵘',
  outdate: '2019-07-11',
  department: '第一征收项目二部',
  place: '佘山',
  price: 30 }
[2019-07-29 14:43:47.257] [INFO] - RowDataPacket {
  username: '王珂',
  outdate: '2019-07-09',
  department: '第一征收项目二部',
  place: '佘山',
  price: 30 }
[2019-07-29 14:43:47.258] [INFO] - RowDataPacket {
  username: '王珂',
  outdate: '2019-07-10',
  department: '第一征收项目二部',
  place: '佘山',
  price: 30 }
[2019-07-29 14:43:47.258] [INFO] - RowDataPacket {
  username: '王珂',
  outdate: '2019-07-11',
  department: '第一征收项目二部',
  place: '佘山',
  price: 30 }
[2019-07-29 14:43:47.258] [INFO] - RowDataPacket {
  username: '王珂',
  outdate: '2019-07-12',
  department: '第一征收项目二部',
  place: '佘山',
  price: 30 }
[2019-07-29 14:43:47.259] [INFO] - RowDataPacket {
  username: '沈丽君',
  outdate: '2019-07-01',
  department: '第一征收项目二部',
  place: '小昆山',
  price: 30 }
[2019-07-29 14:43:47.259] [INFO] - RowDataPacket {
  username: '沈丽君',
  outdate: '2019-07-04',
  department: '第一征收项目二部',
  place: '佘山',
  price: 30 }
[2019-07-29 14:43:47.260] [INFO] - RowDataPacket {
  username: '沈丽君',
  outdate: '2019-07-11',
  department: '第一征收项目二部',
  place: '佘山',
  price: 30 }
[2019-07-29 14:43:47.260] [INFO] - RowDataPacket {
  username: '杨肖叶',
  outdate: '2019-07-01',
  department: '第一征收项目二部',
  place: '佘山',
  price: 30 }
[2019-07-29 14:43:47.260] [INFO] - RowDataPacket {
  username: '杨肖叶',
  outdate: '2019-07-02',
  department: '第一征收项目二部',
  place: '佘山',
  price: 30 }
[2019-07-29 14:43:47.261] [INFO] - RowDataPacket {
  username: '杨肖叶',
  outdate: '2019-07-03',
  department: '第一征收项目二部',
  place: '佘山',
  price: 30 }
[2019-07-29 14:43:47.261] [INFO] - RowDataPacket {
  username: '杨肖叶',
  outdate: '2019-07-04',
  department: '第一征收项目二部',
  place: '佘山',
  price: 30 }
[2019-07-29 14:43:47.261] [INFO] - RowDataPacket {
  username: '杨肖叶',
  outdate: '2019-07-05',
  department: '第一征收项目二部',
  place: '佘山',
  price: 30 }
[2019-07-29 14:43:47.262] [INFO] - RowDataPacket {
  username: '杨肖叶',
  outdate: '2019-07-08',
  department: '第一征收项目二部',
  place: '佘山',
  price: 30 }
[2019-07-29 14:43:47.262] [INFO] - RowDataPacket {
  username: '杨肖叶',
  outdate: '2019-07-09',
  department: '第一征收项目二部',
  place: '佘山',
  price: 30 }
[2019-07-29 14:43:47.263] [INFO] - RowDataPacket {
  username: '杨肖叶',
  outdate: '2019-07-11',
  department: '第一征收项目二部',
  place: '佘山',
  price: 30 }
[2019-07-29 14:43:47.264] [INFO] - RowDataPacket {
  username: '杨肖叶',
  outdate: '2019-07-13',
  department: '第一征收项目二部',
  place: '佘山',
  price: 30 }
[2019-07-29 14:43:47.265] [INFO] - RowDataPacket {
  username: '周忠高',
  outdate: '2019-07-02',
  department: '第一征收项目二部',
  place: '佘山',
  price: 30 }
[2019-07-29 14:43:47.265] [INFO] - RowDataPacket {
  username: '周忠高',
  outdate: '2019-07-03',
  department: '第一征收项目二部',
  place: '佘山',
  price: 30 }
[2019-07-29 14:43:47.266] [INFO] - RowDataPacket {
  username: '周忠高',
  outdate: '2019-07-07',
  department: '第一征收项目二部',
  place: '佘山',
  price: 30 }
[2019-07-29 14:43:47.267] [INFO] - RowDataPacket {
  username: '周忠高',
  outdate: '2019-07-08',
  department: '第一征收项目二部',
  place: '佘山',
  price: 30 }
[2019-07-29 14:43:47.268] [INFO] - RowDataPacket {
  username: '周忠高',
  outdate: '2019-07-09',
  department: '第一征收项目二部',
  place: '佘山',
  price: 30 }
[2019-07-29 14:43:47.268] [INFO] - RowDataPacket {
  username: '周忠高',
  outdate: '2019-07-10',
  department: '第一征收项目二部',
  place: '佘山',
  price: 30 }
[2019-07-29 14:43:47.269] [INFO] - RowDataPacket {
  username: '姚文军',
  outdate: '2019-07-01',
  department: '第一征收项目二部',
  place: '泗泾',
  price: 50 }
[2019-07-29 14:43:47.269] [INFO] - RowDataPacket {
  username: '姚文军',
  outdate: '2019-07-02',
  department: '第一征收项目二部',
  place: '佘山',
  price: 30 }
[2019-07-29 14:43:47.270] [INFO] - RowDataPacket {
  username: '姚文军',
  outdate: '2019-07-04',
  department: '第一征收项目二部',
  place: '佘山',
  price: 30 }
[2019-07-29 14:43:47.270] [INFO] - RowDataPacket {
  username: '姚文军',
  outdate: '2019-07-05',
  department: '第一征收项目二部',
  place: '佘山',
  price: 30 }
[2019-07-29 14:43:47.271] [INFO] - RowDataPacket {
  username: '姚文军',
  outdate: '2019-07-06',
  department: '第一征收项目二部',
  place: '佘山',
  price: 30 }
[2019-07-29 14:43:47.271] [INFO] - RowDataPacket {
  username: '姚文军',
  outdate: '2019-07-07',
  department: '第一征收项目二部',
  place: '佘山',
  price: 30 }
[2019-07-29 14:43:47.271] [INFO] - RowDataPacket {
  username: '姚文军',
  outdate: '2019-07-08',
  department: '第一征收项目二部',
  place: '佘山',
  price: 30 }
[2019-07-29 14:43:47.272] [INFO] - RowDataPacket {
  username: '姚文军',
  outdate: '2019-07-09',
  department: '第一征收项目二部',
  place: '佘山',
  price: 30 }
[2019-07-29 14:43:47.272] [INFO] - RowDataPacket {
  username: '姚文军',
  outdate: '2019-07-10',
  department: '第一征收项目二部',
  place: '佘山',
  price: 30 }
[2019-07-29 14:43:47.273] [INFO] - RowDataPacket {
  username: '姚文军',
  outdate: '2019-07-11',
  department: '第一征收项目二部',
  place: '佘山',
  price: 30 }
[2019-07-29 14:43:47.273] [INFO] - RowDataPacket {
  username: '姚文军',
  outdate: '2019-07-13',
  department: '第一征收项目二部',
  place: '佘山',
  price: 30 }
[2019-07-29 14:43:47.273] [INFO] - RowDataPacket {
  username: '何健',
  outdate: '2019-07-01',
  department: '第一征收项目二部',
  place: '佘山',
  price: 30 }
[2019-07-29 14:43:47.274] [INFO] - RowDataPacket {
  username: '何健',
  outdate: '2019-07-02',
  department: '第一征收项目二部',
  place: '佘山',
  price: 30 }
[2019-07-29 14:43:47.274] [INFO] - RowDataPacket {
  username: '何健',
  outdate: '2019-07-03',
  department: '第一征收项目二部',
  place: '佘山',
  price: 30 }
[2019-07-29 14:43:47.276] [INFO] - RowDataPacket {
  username: '何健',
  outdate: '2019-07-04',
  department: '第一征收项目二部',
  place: '佘山',
  price: 30 }
[2019-07-29 14:43:47.277] [INFO] - RowDataPacket {
  username: '何健',
  outdate: '2019-07-05',
  department: '第一征收项目二部',
  place: '佘山',
  price: 30 }
[2019-07-29 14:43:47.278] [INFO] - RowDataPacket {
  username: '何健',
  outdate: '2019-07-08',
  department: '第一征收项目二部',
  place: '佘山',
  price: 30 }
[2019-07-29 14:43:47.278] [INFO] - RowDataPacket {
  username: '何健',
  outdate: '2019-07-09',
  department: '第一征收项目二部',
  place: '佘山',
  price: 30 }
[2019-07-29 14:43:47.278] [INFO] - RowDataPacket {
  username: '何健',
  outdate: '2019-07-10',
  department: '第一征收项目二部',
  place: '佘山',
  price: 30 }
[2019-07-29 14:43:47.279] [INFO] - RowDataPacket {
  username: '何健',
  outdate: '2019-07-11',
  department: '第一征收项目二部',
  place: '佘山',
  price: 30 }
[2019-07-29 14:43:47.279] [INFO] - RowDataPacket {
  username: '何健',
  outdate: '2019-07-13',
  department: '第一征收项目二部',
  place: '佘山',
  price: 30 }
[2019-07-29 14:43:47.280] [INFO] - RowDataPacket {
  username: '何健',
  outdate: '2019-07-14',
  department: '第一征收项目二部',
  place: '佘山',
  price: 30 }
[2019-07-29 14:43:47.281] [INFO] - RowDataPacket {
  username: '谢方琴',
  outdate: '2019-07-01',
  department: '第一征收项目二部',
  place: '佘山',
  price: 30 }
[2019-07-29 14:43:47.282] [INFO] - RowDataPacket {
  username: '谢方琴',
  outdate: '2019-07-02',
  department: '第一征收项目二部',
  place: '佘山',
  price: 30 }
[2019-07-29 14:43:47.282] [INFO] - RowDataPacket {
  username: '谢方琴',
  outdate: '2019-07-03',
  department: '第一征收项目二部',
  place: '佘山',
  price: 30 }
[2019-07-29 14:43:47.283] [INFO] - RowDataPacket {
  username: '谢方琴',
  outdate: '2019-07-05',
  department: '第一征收项目二部',
  place: '佘山',
  price: 30 }
[2019-07-29 14:43:47.283] [INFO] - RowDataPacket {
  username: '谢方琴',
  outdate: '2019-07-06',
  department: '第一征收项目二部',
  place: '佘山',
  price: 30 }
[2019-07-29 14:43:47.284] [INFO] - RowDataPacket {
  username: '谢方琴',
  outdate: '2019-07-07',
  department: '第一征收项目二部',
  place: '佘山',
  price: 30 }
[2019-07-29 14:43:47.284] [INFO] - RowDataPacket {
  username: '谢方琴',
  outdate: '2019-07-08',
  department: '第一征收项目二部',
  place: '叶榭',
  price: 30 }
[2019-07-29 14:43:47.284] [INFO] - RowDataPacket {
  username: '谢方琴',
  outdate: '2019-07-10',
  department: '第一征收项目二部',
  place: '佘山',
  price: 30 }
[2019-07-29 14:43:47.285] [INFO] - RowDataPacket {
  username: '谢方琴',
  outdate: '2019-07-11',
  department: '第一征收项目二部',
  place: '叶榭',
  price: 30 }
[2019-07-29 14:43:47.285] [INFO] - RowDataPacket {
  username: '邓圆英',
  outdate: '2019-07-04',
  department: '第一征收项目二部',
  place: '小昆山',
  price: 30 }
[2019-07-29 14:43:47.286] [INFO] - RowDataPacket {
  username: '邓圆英',
  outdate: '2019-07-13',
  department: '第一征收项目二部',
  place: '佘山',
  price: 30 }
[2019-07-29 14:43:47.286] [INFO] - RowDataPacket {
  username: '邓圆英',
  outdate: '2019-07-14',
  department: '第一征收项目二部',
  place: '佘山',
  price: 30 }
