[2019-08-01 08:13:52.846] [INFO] - home
[2019-08-01 08:13:52.881] [INFO] - Listening on port 8880
[2019-08-01 08:13:59.265] [INFO] - select a.username,a.outdate,a.department,a.place,b.price from outs a left join price b on a.place = b.place where a.place !="" and a.outdate>="2019-07-01" and a.outdate<="2019-07-31"
[2019-08-01 08:13:59.288] [INFO] - RowDataPacket {
  username: '彭德军',
  outdate: '2019-07-09',
  department: '第一征收办公室',
  place: '泗泾',
  price: 50 }
[2019-08-01 08:13:59.293] [INFO] - RowDataPacket {
  username: '彭德军',
  outdate: '2019-07-18',
  department: '第一征收办公室',
  place: '泗泾',
  price: 50 }
[2019-08-01 08:13:59.294] [INFO] - RowDataPacket {
  username: '彭德军',
  outdate: '2019-07-19',
  department: '第一征收办公室',
  place: '车墩',
  price: 30 }
[2019-08-01 08:13:59.296] [INFO] - RowDataPacket {
  username: '黄沁',
  outdate: '2019-07-01',
  department: '第一征收重大部',
  place: '车墩',
  price: 30 }
[2019-08-01 08:13:59.297] [INFO] - RowDataPacket {
  username: '黄沁',
  outdate: '2019-07-02',
  department: '第一征收重大部',
  place: '佘山',
  price: 30 }
[2019-08-01 08:13:59.298] [INFO] - RowDataPacket {
  username: '黄沁',
  outdate: '2019-07-03',
  department: '第一征收重大部',
  place: '佘山',
  price: 30 }
[2019-08-01 08:13:59.299] [INFO] - RowDataPacket {
  username: '黄沁',
  outdate: '2019-07-04',
  department: '第一征收重大部',
  place: '车墩',
  price: 30 }
[2019-08-01 08:13:59.300] [INFO] - RowDataPacket {
  username: '黄沁',
  outdate: '2019-07-05',
  department: '第一征收重大部',
  place: '车墩',
  price: 30 }
[2019-08-01 08:13:59.301] [INFO] - RowDataPacket {
  username: '黄沁',
  outdate: '2019-07-06',
  department: '第一征收重大部',
  place: '车墩',
  price: 30 }
[2019-08-01 08:13:59.301] [INFO] - RowDataPacket {
  username: '黄沁',
  outdate: '2019-07-08',
  department: '第一征收重大部',
  place: '车墩',
  price: 30 }
[2019-08-01 08:13:59.305] [INFO] - RowDataPacket {
  username: '黄沁',
  outdate: '2019-07-09',
  department: '第一征收重大部',
  place: '佘山',
  price: 30 }
[2019-08-01 08:13:59.306] [INFO] - RowDataPacket {
  username: '黄沁',
  outdate: '2019-07-10',
  department: '第一征收重大部',
  place: '车墩',
  price: 30 }
[2019-08-01 08:13:59.306] [INFO] - RowDataPacket {
  username: '黄沁',
  outdate: '2019-07-11',
  department: '第一征收重大部',
  place: '佘山',
  price: 30 }
[2019-08-01 08:13:59.307] [INFO] - RowDataPacket {
  username: '黄沁',
  outdate: '2019-07-12',
  department: '第一征收重大部',
  place: '车墩',
  price: 30 }
[2019-08-01 08:13:59.307] [INFO] - RowDataPacket {
  username: '黄沁',
  outdate: '2019-07-13',
  department: '第一征收重大部',
  place: '车墩',
  price: 30 }
[2019-08-01 08:13:59.308] [INFO] - RowDataPacket {
  username: '黄沁',
  outdate: '2019-07-15',
  department: '第一征收重大部',
  place: '车墩',
  price: 30 }
[2019-08-01 08:13:59.308] [INFO] - RowDataPacket {
  username: '黄沁',
  outdate: '2019-07-16',
  department: '第一征收重大部',
  place: '车墩',
  price: 30 }
[2019-08-01 08:13:59.309] [INFO] - RowDataPacket {
  username: '黄沁',
  outdate: '2019-07-17',
  department: '第一征收重大部',
  place: '车墩',
  price: 30 }
[2019-08-01 08:13:59.309] [INFO] - RowDataPacket {
  username: '黄沁',
  outdate: '2019-07-18',
  department: '第一征收重大部',
  place: '佘山',
  price: 30 }
[2019-08-01 08:13:59.310] [INFO] - RowDataPacket {
  username: '黄沁',
  outdate: '2019-07-19',
  department: '第一征收重大部',
  place: '车墩',
  price: 30 }
[2019-08-01 08:13:59.310] [INFO] - RowDataPacket {
  username: '黄沁',
  outdate: '2019-07-20',
  department: '第一征收重大部',
  place: '车墩',
  price: 30 }
[2019-08-01 08:13:59.311] [INFO] - RowDataPacket {
  username: '黄沁',
  outdate: '2019-07-27',
  department: '第一征收重大部',
  place: '车墩',
  price: 30 }
[2019-08-01 08:13:59.311] [INFO] - RowDataPacket {
  username: '黄沁',
  outdate: '2019-07-29',
  department: '第一征收重大部',
  place: '佘山',
  price: 30 }
[2019-08-01 08:13:59.313] [INFO] - RowDataPacket {
  username: '黄沁',
  outdate: '2019-07-30',
  department: '第一征收重大部',
  place: '车墩',
  price: 30 }
[2019-08-01 08:13:59.313] [INFO] - RowDataPacket {
  username: '黄沁',
  outdate: '2019-07-31',
  department: '第一征收重大部',
  place: '车墩',
  price: 30 }
[2019-08-01 08:13:59.316] [INFO] - RowDataPacket {
  username: '董乾',
  outdate: '2019-07-02',
  department: '第一征收重大部',
  place: '上海',
  price: 0 }
[2019-08-01 08:13:59.317] [INFO] - RowDataPacket {
  username: '董乾',
  outdate: '2019-07-03',
  department: '第一征收重大部',
  place: '车墩',
  price: 30 }
[2019-08-01 08:13:59.317] [INFO] - RowDataPacket {
  username: '董乾',
  outdate: '2019-07-08',
  department: '第一征收重大部',
  place: '车墩',
  price: 30 }
[2019-08-01 08:13:59.318] [INFO] - RowDataPacket {
  username: '董乾',
  outdate: '2019-07-09',
  department: '第一征收重大部',
  place: '车墩',
  price: 30 }
[2019-08-01 08:13:59.318] [INFO] - RowDataPacket {
  username: '董乾',
  outdate: '2019-07-17',
  department: '第一征收重大部',
  place: '车墩',
  price: 30 }
[2019-08-01 08:13:59.319] [INFO] - RowDataPacket {
  username: '董乾',
  outdate: '2019-07-18',
  department: '第一征收重大部',
  place: '叶榭',
  price: 30 }
[2019-08-01 08:13:59.319] [INFO] - RowDataPacket {
  username: '董乾',
  outdate: '2019-07-19',
  department: '第一征收重大部',
  place: '车墩',
  price: 30 }
[2019-08-01 08:13:59.320] [INFO] - RowDataPacket {
  username: '董乾',
  outdate: '2019-07-20',
  department: '第一征收重大部',
  place: '车墩',
  price: 30 }
[2019-08-01 08:13:59.320] [INFO] - RowDataPacket {
  username: '董乾',
  outdate: '2019-07-24',
  department: '第一征收重大部',
  place: '车墩',
  price: 30 }
[2019-08-01 08:13:59.321] [INFO] - RowDataPacket {
  username: '董乾',
  outdate: '2019-07-25',
  department: '第一征收重大部',
  place: '车墩',
  price: 30 }
[2019-08-01 08:13:59.321] [INFO] - RowDataPacket {
  username: '董乾',
  outdate: '2019-07-26',
  department: '第一征收重大部',
  place: '佘山',
  price: 30 }
[2019-08-01 08:13:59.322] [INFO] - RowDataPacket {
  username: '董乾',
  outdate: '2019-07-30',
  department: '第一征收重大部',
  place: '车墩',
  price: 30 }
[2019-08-01 08:13:59.322] [INFO] - RowDataPacket {
  username: '董乾',
  outdate: '2019-07-31',
  department: '第一征收重大部',
  place: '车墩',
  price: 30 }
[2019-08-01 08:13:59.323] [INFO] - RowDataPacket {
  username: '胡捷',
  outdate: '2019-07-03',
  department: '第一征收重大部',
  place: '新浜',
  price: 50 }
[2019-08-01 08:13:59.323] [INFO] - RowDataPacket {
  username: '胡捷',
  outdate: '2019-07-08',
  department: '第一征收重大部',
  place: '泖港',
  price: 30 }
[2019-08-01 08:13:59.325] [INFO] - RowDataPacket {
  username: '胡捷',
  outdate: '2019-07-12',
  department: '第一征收重大部',
  place: '新浜',
  price: 50 }
[2019-08-01 08:13:59.327] [INFO] - RowDataPacket {
  username: '胡捷',
  outdate: '2019-07-13',
  department: '第一征收重大部',
  place: '新浜',
  price: 50 }
[2019-08-01 08:13:59.329] [INFO] - RowDataPacket {
  username: '胡捷',
  outdate: '2019-07-17',
  department: '第一征收重大部',
  place: '洞泾',
  price: 30 }
[2019-08-01 08:13:59.330] [INFO] - RowDataPacket {
  username: '胡捷',
  outdate: '2019-07-19',
  department: '第一征收重大部',
  place: '泖港',
  price: 30 }
[2019-08-01 08:13:59.331] [INFO] - RowDataPacket {
  username: '胡捷',
  outdate: '2019-07-24',
  department: '第一征收重大部',
  place: '新浜',
  price: 50 }
[2019-08-01 08:13:59.332] [INFO] - RowDataPacket {
  username: '胡捷',
  outdate: '2019-07-25',
  department: '第一征收重大部',
  place: '泖港',
  price: 30 }
[2019-08-01 08:13:59.333] [INFO] - RowDataPacket {
  username: '王强',
  outdate: '2019-07-02',
  department: '第一征收重大部',
  place: '叶榭',
  price: 30 }
[2019-08-01 08:13:59.334] [INFO] - RowDataPacket {
  username: '王强',
  outdate: '2019-07-03',
  department: '第一征收重大部',
  place: '新浜',
  price: 50 }
[2019-08-01 08:13:59.335] [INFO] - RowDataPacket {
  username: '王强',
  outdate: '2019-07-04',
  department: '第一征收重大部',
  place: '上海',
  price: 0 }
[2019-08-01 08:13:59.338] [INFO] - RowDataPacket {
  username: '王强',
  outdate: '2019-07-11',
  department: '第一征收重大部',
  place: '叶榭',
  price: 30 }
[2019-08-01 08:13:59.339] [INFO] - RowDataPacket {
  username: '王强',
  outdate: '2019-07-12',
  department: '第一征收重大部',
  place: '新浜',
  price: 50 }
[2019-08-01 08:13:59.339] [INFO] - RowDataPacket {
  username: '王强',
  outdate: '2019-07-17',
  department: '第一征收重大部',
  place: '洞泾',
  price: 30 }
[2019-08-01 08:13:59.340] [INFO] - RowDataPacket {
  username: '王强',
  outdate: '2019-07-18',
  department: '第一征收重大部',
  place: '叶榭',
  price: 30 }
[2019-08-01 08:13:59.340] [INFO] - RowDataPacket {
  username: '王强',
  outdate: '2019-07-19',
  department: '第一征收重大部',
  place: '泖港',
  price: 30 }
[2019-08-01 08:13:59.341] [INFO] - RowDataPacket {
  username: '王强',
  outdate: '2019-07-24',
  department: '第一征收重大部',
  place: '新浜',
  price: 50 }
[2019-08-01 08:13:59.341] [INFO] - RowDataPacket {
  username: '顾元生',
  outdate: '2019-07-01',
  department: '第一征收重大部',
  place: '新浜',
  price: 50 }
[2019-08-01 08:13:59.342] [INFO] - RowDataPacket {
  username: '顾元生',
  outdate: '2019-07-02',
  department: '第一征收重大部',
  place: '叶榭',
  price: 30 }
[2019-08-01 08:13:59.342] [INFO] - RowDataPacket {
  username: '顾元生',
  outdate: '2019-07-03',
  department: '第一征收重大部',
  place: '九亭',
  price: 50 }
[2019-08-01 08:13:59.343] [INFO] - RowDataPacket {
  username: '顾元生',
  outdate: '2019-07-04',
  department: '第一征收重大部',
  place: '九亭',
  price: 50 }
[2019-08-01 08:13:59.343] [INFO] - RowDataPacket {
  username: '顾元生',
  outdate: '2019-07-05',
  department: '第一征收重大部',
  place: '叶榭',
  price: 30 }
[2019-08-01 08:13:59.344] [INFO] - RowDataPacket {
  username: '顾元生',
  outdate: '2019-07-08',
  department: '第一征收重大部',
  place: '泗泾',
  price: 50 }
[2019-08-01 08:13:59.344] [INFO] - RowDataPacket {
  username: '顾元生',
  outdate: '2019-07-09',
  department: '第一征收重大部',
  place: '叶榭',
  price: 30 }
[2019-08-01 08:13:59.346] [INFO] - RowDataPacket {
  username: '顾元生',
  outdate: '2019-07-10',
  department: '第一征收重大部',
  place: '叶榭',
  price: 30 }
[2019-08-01 08:13:59.349] [INFO] - RowDataPacket {
  username: '顾元生',
  outdate: '2019-07-15',
  department: '第一征收重大部',
  place: '九亭',
  price: 50 }
[2019-08-01 08:13:59.349] [INFO] - RowDataPacket {
  username: '顾元生',
  outdate: '2019-07-16',
  department: '第一征收重大部',
  place: '九亭',
  price: 50 }
[2019-08-01 08:13:59.350] [INFO] - RowDataPacket {
  username: '顾元生',
  outdate: '2019-07-19',
  department: '第一征收重大部',
  place: '车墩',
  price: 30 }
[2019-08-01 08:13:59.351] [INFO] - RowDataPacket {
  username: '顾元生',
  outdate: '2019-07-20',
  department: '第一征收重大部',
  place: '叶榭',
  price: 30 }
[2019-08-01 08:13:59.351] [INFO] - RowDataPacket {
  username: '顾元生',
  outdate: '2019-07-22',
  department: '第一征收重大部',
  place: '叶榭',
  price: 30 }
[2019-08-01 08:13:59.352] [INFO] - RowDataPacket {
  username: '顾元生',
  outdate: '2019-07-23',
  department: '第一征收重大部',
  place: '泖港',
  price: 30 }
[2019-08-01 08:13:59.352] [INFO] - RowDataPacket {
  username: '朱玉秀',
  outdate: '2019-07-03',
  department: '第一征收重大部',
  place: '新浜',
  price: 50 }
[2019-08-01 08:13:59.353] [INFO] - RowDataPacket {
  username: '朱玉秀',
  outdate: '2019-07-08',
  department: '第一征收重大部',
  place: '泖港',
  price: 30 }
[2019-08-01 08:13:59.353] [INFO] - RowDataPacket {
  username: '朱玉秀',
  outdate: '2019-07-12',
  department: '第一征收重大部',
  place: '新浜',
  price: 50 }
[2019-08-01 08:13:59.353] [INFO] - RowDataPacket {
  username: '朱玉秀',
  outdate: '2019-07-13',
  department: '第一征收重大部',
  place: '新浜',
  price: 50 }
[2019-08-01 08:13:59.354] [INFO] - RowDataPacket {
  username: '朱玉秀',
  outdate: '2019-07-19',
  department: '第一征收重大部',
  place: '泖港',
  price: 30 }
[2019-08-01 08:13:59.354] [INFO] - RowDataPacket {
  username: '朱玉秀',
  outdate: '2019-07-24',
  department: '第一征收重大部',
  place: '新浜',
  price: 50 }
[2019-08-01 08:13:59.355] [INFO] - RowDataPacket {
  username: '朱玉秀',
  outdate: '2019-07-25',
  department: '第一征收重大部',
  place: '泖港',
  price: 30 }
[2019-08-01 08:13:59.355] [INFO] - RowDataPacket {
  username: '孟存宏',
  outdate: '2019-07-02',
  department: '第一征收重大部',
  place: '车墩',
  price: 30 }
[2019-08-01 08:13:59.356] [INFO] - RowDataPacket {
  username: '孟存宏',
  outdate: '2019-07-03',
  department: '第一征收重大部',
  place: '佘山',
  price: 30 }
[2019-08-01 08:13:59.356] [INFO] - RowDataPacket {
  username: '孟存宏',
  outdate: '2019-07-04',
  department: '第一征收重大部',
  place: '车墩',
  price: 30 }
[2019-08-01 08:13:59.358] [INFO] - RowDataPacket {
  username: '孟存宏',
  outdate: '2019-07-05',
  department: '第一征收重大部',
  place: '车墩',
  price: 30 }
[2019-08-01 08:13:59.360] [INFO] - RowDataPacket {
  username: '孟存宏',
  outdate: '2019-07-06',
  department: '第一征收重大部',
  place: '车墩',
  price: 30 }
[2019-08-01 08:13:59.361] [INFO] - RowDataPacket {
  username: '孟存宏',
  outdate: '2019-07-08',
  department: '第一征收重大部',
  place: '车墩',
  price: 30 }
[2019-08-01 08:13:59.363] [INFO] - RowDataPacket {
  username: '孟存宏',
  outdate: '2019-07-09',
  department: '第一征收重大部',
  place: '佘山',
  price: 30 }
[2019-08-01 08:13:59.363] [INFO] - RowDataPacket {
  username: '孟存宏',
  outdate: '2019-07-11',
  department: '第一征收重大部',
  place: '车墩',
  price: 30 }
[2019-08-01 08:13:59.364] [INFO] - RowDataPacket {
  username: '孟存宏',
  outdate: '2019-07-12',
  department: '第一征收重大部',
  place: '车墩',
  price: 30 }
[2019-08-01 08:13:59.365] [INFO] - RowDataPacket {
  username: '孟存宏',
  outdate: '2019-07-13',
  department: '第一征收重大部',
  place: '车墩',
  price: 30 }
[2019-08-01 08:13:59.366] [INFO] - RowDataPacket {
  username: '孟存宏',
  outdate: '2019-07-15',
  department: '第一征收重大部',
  place: '车墩',
  price: 30 }
[2019-08-01 08:13:59.367] [INFO] - RowDataPacket {
  username: '孟存宏',
  outdate: '2019-07-16',
  department: '第一征收重大部',
  place: '车墩',
  price: 30 }
[2019-08-01 08:13:59.370] [INFO] - RowDataPacket {
  username: '孟存宏',
  outdate: '2019-07-17',
  department: '第一征收重大部',
  place: '车墩',
  price: 30 }
[2019-08-01 08:13:59.371] [INFO] - RowDataPacket {
  username: '孟存宏',
  outdate: '2019-07-18',
  department: '第一征收重大部',
  place: '佘山',
  price: 30 }
[2019-08-01 08:13:59.372] [INFO] - RowDataPacket {
  username: '孟存宏',
  outdate: '2019-07-19',
  department: '第一征收重大部',
  place: '车墩',
  price: 30 }
[2019-08-01 08:13:59.373] [INFO] - RowDataPacket {
  username: '孟存宏',
  outdate: '2019-07-20',
  department: '第一征收重大部',
  place: '车墩',
  price: 30 }
[2019-08-01 08:13:59.373] [INFO] - RowDataPacket {
  username: '孟存宏',
  outdate: '2019-07-22',
  department: '第一征收重大部',
  place: '新桥',
  price: 30 }
[2019-08-01 08:13:59.374] [INFO] - RowDataPacket {
  username: '孟存宏',
  outdate: '2019-07-27',
  department: '第一征收重大部',
  place: '车墩',
  price: 30 }
[2019-08-01 08:13:59.374] [INFO] - RowDataPacket {
  username: '孟存宏',
  outdate: '2019-07-29',
  department: '第一征收重大部',
  place: '佘山',
  price: 30 }
[2019-08-01 08:13:59.375] [INFO] - RowDataPacket {
  username: '孟存宏',
  outdate: '2019-07-30',
  department: '第一征收重大部',
  place: '九亭',
  price: 50 }
[2019-08-01 08:13:59.375] [INFO] - RowDataPacket {
  username: '朱春辉',
  outdate: '2019-07-03',
  department: '第一征收重大部',
  place: '叶榭',
  price: 30 }
[2019-08-01 08:13:59.376] [INFO] - RowDataPacket {
  username: '朱春辉',
  outdate: '2019-07-04',
  department: '第一征收重大部',
  place: '九亭',
  price: 50 }
[2019-08-01 08:13:59.377] [INFO] - RowDataPacket {
  username: '朱春辉',
  outdate: '2019-07-05',
  department: '第一征收重大部',
  place: '叶榭',
  price: 30 }
[2019-08-01 08:13:59.377] [INFO] - RowDataPacket {
  username: '朱春辉',
  outdate: '2019-07-06',
  department: '第一征收重大部',
  place: '叶榭',
  price: 30 }
[2019-08-01 08:13:59.378] [INFO] - RowDataPacket {
  username: '朱春辉',
  outdate: '2019-07-08',
  department: '第一征收重大部',
  place: '九亭',
  price: 50 }
[2019-08-01 08:13:59.381] [INFO] - RowDataPacket {
  username: '朱春辉',
  outdate: '2019-07-09',
  department: '第一征收重大部',
  place: '叶榭',
  price: 30 }
[2019-08-01 08:13:59.382] [INFO] - RowDataPacket {
  username: '朱春辉',
  outdate: '2019-07-11',
  department: '第一征收重大部',
  place: '叶榭',
  price: 30 }
[2019-08-01 08:13:59.383] [INFO] - RowDataPacket {
  username: '朱春辉',
  outdate: '2019-07-13',
  department: '第一征收重大部',
  place: '新浜',
  price: 50 }
[2019-08-01 08:13:59.384] [INFO] - RowDataPacket {
  username: '朱春辉',
  outdate: '2019-07-15',
  department: '第一征收重大部',
  place: '九亭',
  price: 50 }
[2019-08-01 08:13:59.384] [INFO] - RowDataPacket {
  username: '朱春辉',
  outdate: '2019-07-16',
  department: '第一征收重大部',
  place: '九亭',
  price: 50 }
[2019-08-01 08:13:59.385] [INFO] - RowDataPacket {
  username: '朱春辉',
  outdate: '2019-07-18',
  department: '第一征收重大部',
  place: '叶榭',
  price: 30 }
[2019-08-01 08:13:59.385] [INFO] - RowDataPacket {
  username: '朱春辉',
  outdate: '2019-07-19',
  department: '第一征收重大部',
  place: '车墩',
  price: 30 }
[2019-08-01 08:13:59.386] [INFO] - RowDataPacket {
  username: '朱春辉',
  outdate: '2019-07-20',
  department: '第一征收重大部',
  place: '叶榭',
  price: 30 }
[2019-08-01 08:13:59.386] [INFO] - RowDataPacket {
  username: '朱春辉',
  outdate: '2019-07-21',
  department: '第一征收重大部',
  place: '叶榭',
  price: 30 }
[2019-08-01 08:13:59.387] [INFO] - RowDataPacket {
  username: '朱春辉',
  outdate: '2019-07-22',
  department: '第一征收重大部',
  place: '叶榭',
  price: 30 }
[2019-08-01 08:13:59.387] [INFO] - RowDataPacket {
  username: '朱春辉',
  outdate: '2019-07-23',
  department: '第一征收重大部',
  place: '叶榭',
  price: 30 }
[2019-08-01 08:13:59.388] [INFO] - RowDataPacket {
  username: '朱春辉',
  outdate: '2019-07-24',
  department: '第一征收重大部',
  place: '泗泾',
  price: 50 }
[2019-08-01 08:13:59.388] [INFO] - RowDataPacket {
  username: '朱春辉',
  outdate: '2019-07-25',
  department: '第一征收重大部',
  place: '泗泾',
  price: 50 }
[2019-08-01 08:13:59.389] [INFO] - RowDataPacket {
  username: '朱春辉',
  outdate: '2019-07-27',
  department: '第一征收重大部',
  place: '泗泾',
  price: 50 }
[2019-08-01 08:13:59.391] [INFO] - RowDataPacket {
  username: '朱春辉',
  outdate: '2019-07-28',
  department: '第一征收重大部',
  place: '泗泾',
  price: 50 }
[2019-08-01 08:13:59.392] [INFO] - RowDataPacket {
  username: '朱春辉',
  outdate: '2019-07-29',
  department: '第一征收重大部',
  place: '叶榭',
  price: 30 }
[2019-08-01 08:13:59.393] [INFO] - RowDataPacket {
  username: '朱春辉',
  outdate: '2019-07-30',
  department: '第一征收重大部',
  place: '泗泾',
  price: 50 }
[2019-08-01 08:13:59.393] [INFO] - RowDataPacket {
  username: '朱春辉',
  outdate: '2019-07-31',
  department: '第一征收重大部',
  place: '泗泾',
  price: 50 }
[2019-08-01 08:13:59.394] [INFO] - RowDataPacket {
  username: '孙魁',
  outdate: '2019-07-03',
  department: '第一征收重大部',
  place: '佘山',
  price: 30 }
[2019-08-01 08:13:59.394] [INFO] - RowDataPacket {
  username: '孙魁',
  outdate: '2019-07-04',
  department: '第一征收重大部',
  place: '车墩',
  price: 30 }
[2019-08-01 08:13:59.395] [INFO] - RowDataPacket {
  username: '孙魁',
  outdate: '2019-07-05',
  department: '第一征收重大部',
  place: '车墩',
  price: 30 }
[2019-08-01 08:13:59.396] [INFO] - RowDataPacket {
  username: '孙魁',
  outdate: '2019-07-06',
  department: '第一征收重大部',
  place: '车墩',
  price: 30 }
[2019-08-01 08:13:59.397] [INFO] - RowDataPacket {
  username: '孙魁',
  outdate: '2019-07-08',
  department: '第一征收重大部',
  place: '车墩',
  price: 30 }
[2019-08-01 08:13:59.398] [INFO] - RowDataPacket {
  username: '孙魁',
  outdate: '2019-07-09',
  department: '第一征收重大部',
  place: '车墩',
  price: 30 }
[2019-08-01 08:13:59.404] [INFO] - RowDataPacket {
  username: '孙魁',
  outdate: '2019-07-10',
  department: '第一征收重大部',
  place: '车墩',
  price: 30 }
[2019-08-01 08:13:59.406] [INFO] - RowDataPacket {
  username: '孙魁',
  outdate: '2019-07-11',
  department: '第一征收重大部',
  place: '车墩',
  price: 30 }
[2019-08-01 08:13:59.407] [INFO] - RowDataPacket {
  username: '孙魁',
  outdate: '2019-07-12',
  department: '第一征收重大部',
  place: '车墩',
  price: 30 }
[2019-08-01 08:13:59.408] [INFO] - RowDataPacket {
  username: '孙魁',
  outdate: '2019-07-13',
  department: '第一征收重大部',
  place: '车墩',
  price: 30 }
[2019-08-01 08:13:59.409] [INFO] - RowDataPacket {
  username: '孙魁',
  outdate: '2019-07-15',
  department: '第一征收重大部',
  place: '车墩',
  price: 30 }
[2019-08-01 08:13:59.409] [INFO] - RowDataPacket {
  username: '孙魁',
  outdate: '2019-07-16',
  department: '第一征收重大部',
  place: '车墩',
  price: 30 }
[2019-08-01 08:13:59.410] [INFO] - RowDataPacket {
  username: '孙魁',
  outdate: '2019-07-17',
  department: '第一征收重大部',
  place: '车墩',
  price: 30 }
[2019-08-01 08:13:59.411] [INFO] - RowDataPacket {
  username: '孙魁',
  outdate: '2019-07-18',
  department: '第一征收重大部',
  place: '佘山',
  price: 30 }
[2019-08-01 08:13:59.413] [INFO] - RowDataPacket {
  username: '孙魁',
  outdate: '2019-07-19',
  department: '第一征收重大部',
  place: '车墩',
  price: 30 }
[2019-08-01 08:13:59.416] [INFO] - RowDataPacket {
  username: '孙魁',
  outdate: '2019-07-20',
  department: '第一征收重大部',
  place: '车墩',
  price: 30 }
[2019-08-01 08:13:59.417] [INFO] - RowDataPacket {
  username: '孙魁',
  outdate: '2019-07-22',
  department: '第一征收重大部',
  place: '车墩',
  price: 30 }
[2019-08-01 08:13:59.418] [INFO] - RowDataPacket {
  username: '孙魁',
  outdate: '2019-07-30',
  department: '第一征收重大部',
  place: '车墩',
  price: 30 }
[2019-08-01 08:13:59.418] [INFO] - RowDataPacket {
  username: '孙魁',
  outdate: '2019-07-31',
  department: '第一征收重大部',
  place: '车墩',
  price: 30 }
[2019-08-01 08:13:59.419] [INFO] - RowDataPacket {
  username: '徐沪',
  outdate: '2019-07-03',
  department: '第一征收重大部',
  place: '新浜',
  price: 50 }
[2019-08-01 08:13:59.420] [INFO] - RowDataPacket {
  username: '徐沪',
  outdate: '2019-07-04',
  department: '第一征收重大部',
  place: '车墩',
  price: 30 }
[2019-08-01 08:13:59.420] [INFO] - RowDataPacket {
  username: '徐沪',
  outdate: '2019-07-06',
  department: '第一征收重大部',
  place: '叶榭',
  price: 30 }
[2019-08-01 08:13:59.421] [INFO] - RowDataPacket {
  username: '徐沪',
  outdate: '2019-07-08',
  department: '第一征收重大部',
  place: '九亭',
  price: 50 }
[2019-08-01 08:13:59.421] [INFO] - RowDataPacket {
  username: '徐沪',
  outdate: '2019-07-09',
  department: '第一征收重大部',
  place: '叶榭',
  price: 30 }
[2019-08-01 08:13:59.422] [INFO] - RowDataPacket {
  username: '徐沪',
  outdate: '2019-07-10',
  department: '第一征收重大部',
  place: '叶榭',
  price: 30 }
[2019-08-01 08:13:59.422] [INFO] - RowDataPacket {
  username: '徐沪',
  outdate: '2019-07-12',
  department: '第一征收重大部',
  place: '叶榭',
  price: 30 }
[2019-08-01 08:13:59.423] [INFO] - RowDataPacket {
  username: '徐沪',
  outdate: '2019-07-15',
  department: '第一征收重大部',
  place: '九亭',
  price: 50 }
[2019-08-01 08:13:59.425] [INFO] - RowDataPacket {
  username: '徐沪',
  outdate: '2019-07-16',
  department: '第一征收重大部',
  place: '九亭',
  price: 50 }
[2019-08-01 08:13:59.426] [INFO] - RowDataPacket {
  username: '徐沪',
  outdate: '2019-07-18',
  department: '第一征收重大部',
  place: '叶榭',
  price: 30 }
[2019-08-01 08:13:59.427] [INFO] - RowDataPacket {
  username: '徐沪',
  outdate: '2019-07-19',
  department: '第一征收重大部',
  place: '车墩',
  price: 30 }
[2019-08-01 08:13:59.428] [INFO] - RowDataPacket {
  username: '徐沪',
  outdate: '2019-07-20',
  department: '第一征收重大部',
  place: '叶榭',
  price: 30 }
[2019-08-01 08:13:59.428] [INFO] - RowDataPacket {
  username: '徐沪',
  outdate: '2019-07-21',
  department: '第一征收重大部',
  place: '叶榭',
  price: 30 }
[2019-08-01 08:13:59.429] [INFO] - RowDataPacket {
  username: '徐沪',
  outdate: '2019-07-22',
  department: '第一征收重大部',
  place: '泗泾',
  price: 50 }
[2019-08-01 08:13:59.430] [INFO] - RowDataPacket {
  username: '徐沪',
  outdate: '2019-07-23',
  department: '第一征收重大部',
  place: '叶榭',
  price: 30 }
[2019-08-01 08:13:59.431] [INFO] - RowDataPacket {
  username: '徐沪',
  outdate: '2019-07-24',
  department: '第一征收重大部',
  place: '泗泾',
  price: 50 }
[2019-08-01 08:13:59.432] [INFO] - RowDataPacket {
  username: '徐沪',
  outdate: '2019-07-25',
  department: '第一征收重大部',
  place: '泗泾',
  price: 50 }
[2019-08-01 08:13:59.433] [INFO] - RowDataPacket {
  username: '徐沪',
  outdate: '2019-07-27',
  department: '第一征收重大部',
  place: '泗泾',
  price: 50 }
[2019-08-01 08:13:59.435] [INFO] - RowDataPacket {
  username: '徐沪',
  outdate: '2019-07-28',
  department: '第一征收重大部',
  place: '泗泾',
  price: 50 }
[2019-08-01 08:13:59.436] [INFO] - RowDataPacket {
  username: '徐沪',
  outdate: '2019-07-29',
  department: '第一征收重大部',
  place: '叶榭',
  price: 30 }
[2019-08-01 08:13:59.436] [INFO] - RowDataPacket {
  username: '徐沪',
  outdate: '2019-07-30',
  department: '第一征收重大部',
  place: '泗泾',
  price: 50 }
[2019-08-01 08:13:59.437] [INFO] - RowDataPacket {
  username: '徐沪',
  outdate: '2019-07-31',
  department: '第一征收重大部',
  place: '泗泾',
  price: 50 }
[2019-08-01 08:13:59.437] [INFO] - RowDataPacket {
  username: '蒋睿峰',
  outdate: '2019-07-01',
  department: '第一征收项目一部',
  place: '小昆山',
  price: 30 }
[2019-08-01 08:13:59.438] [INFO] - RowDataPacket {
  username: '蒋睿峰',
  outdate: '2019-07-02',
  department: '第一征收项目一部',
  place: '小昆山',
  price: 30 }
[2019-08-01 08:13:59.438] [INFO] - RowDataPacket {
  username: '蒋睿峰',
  outdate: '2019-07-03',
  department: '第一征收项目一部',
  place: '小昆山',
  price: 30 }
[2019-08-01 08:13:59.439] [INFO] - RowDataPacket {
  username: '蒋睿峰',
  outdate: '2019-07-04',
  department: '第一征收项目一部',
  place: '新桥',
  price: 30 }
[2019-08-01 08:13:59.439] [INFO] - RowDataPacket {
  username: '蒋睿峰',
  outdate: '2019-07-05',
  department: '第一征收项目一部',
  place: '九亭',
  price: 50 }
[2019-08-01 08:13:59.440] [INFO] - RowDataPacket {
  username: '蒋睿峰',
  outdate: '2019-07-06',
  department: '第一征收项目一部',
  place: '车墩',
  price: 30 }
[2019-08-01 08:13:59.440] [INFO] - RowDataPacket {
  username: '蒋睿峰',
  outdate: '2019-07-07',
  department: '第一征收项目一部',
  place: '小昆山',
  price: 30 }
[2019-08-01 08:13:59.441] [INFO] - RowDataPacket {
  username: '蒋睿峰',
  outdate: '2019-07-08',
  department: '第一征收项目一部',
  place: '九亭',
  price: 50 }
[2019-08-01 08:13:59.441] [INFO] - RowDataPacket {
  username: '蒋睿峰',
  outdate: '2019-07-09',
  department: '第一征收项目一部',
  place: '小昆山',
  price: 30 }
[2019-08-01 08:13:59.442] [INFO] - RowDataPacket {
  username: '蒋睿峰',
  outdate: '2019-07-10',
  department: '第一征收项目一部',
  place: '小昆山',
  price: 30 }
[2019-08-01 08:13:59.442] [INFO] - RowDataPacket {
  username: '蒋睿峰',
  outdate: '2019-07-11',
  department: '第一征收项目一部',
  place: '新桥',
  price: 30 }
[2019-08-01 08:13:59.442] [INFO] - RowDataPacket {
  username: '蒋睿峰',
  outdate: '2019-07-13',
  department: '第一征收项目一部',
  place: '小昆山',
  price: 30 }
[2019-08-01 08:13:59.443] [INFO] - RowDataPacket {
  username: '蒋睿峰',
  outdate: '2019-07-14',
  department: '第一征收项目一部',
  place: '车墩',
  price: 30 }
[2019-08-01 08:13:59.447] [INFO] - RowDataPacket {
  username: '蒋睿峰',
  outdate: '2019-07-15',
  department: '第一征收项目一部',
  place: '小昆山',
  price: 30 }
[2019-08-01 08:13:59.447] [INFO] - RowDataPacket {
  username: '蒋睿峰',
  outdate: '2019-07-16',
  department: '第一征收项目一部',
  place: '车墩',
  price: 30 }
[2019-08-01 08:13:59.448] [INFO] - RowDataPacket {
  username: '蒋睿峰',
  outdate: '2019-07-17',
  department: '第一征收项目一部',
  place: '新桥',
  price: 30 }
[2019-08-01 08:13:59.449] [INFO] - RowDataPacket {
  username: '蒋睿峰',
  outdate: '2019-07-18',
  department: '第一征收项目一部',
  place: '新桥',
  price: 30 }
[2019-08-01 08:13:59.450] [INFO] - RowDataPacket {
  username: '蒋睿峰',
  outdate: '2019-07-22',
  department: '第一征收项目一部',
  place: '新桥',
  price: 30 }
[2019-08-01 08:13:59.451] [INFO] - RowDataPacket {
  username: '蒋睿峰',
  outdate: '2019-07-24',
  department: '第一征收项目一部',
  place: '新桥',
  price: 30 }
[2019-08-01 08:13:59.451] [INFO] - RowDataPacket {
  username: '蒋睿峰',
  outdate: '2019-07-25',
  department: '第一征收项目一部',
  place: '小昆山',
  price: 30 }
[2019-08-01 08:13:59.452] [INFO] - RowDataPacket {
  username: '蒋睿峰',
  outdate: '2019-07-26',
  department: '第一征收项目一部',
  place: '新桥',
  price: 30 }
[2019-08-01 08:13:59.452] [INFO] - RowDataPacket {
  username: '蒋睿峰',
  outdate: '2019-07-28',
  department: '第一征收项目一部',
  place: '小昆山',
  price: 30 }
[2019-08-01 08:13:59.453] [INFO] - RowDataPacket {
  username: '蒋睿峰',
  outdate: '2019-07-29',
  department: '第一征收项目一部',
  place: '小昆山',
  price: 30 }
[2019-08-01 08:13:59.454] [INFO] - RowDataPacket {
  username: '蒋睿峰',
  outdate: '2019-07-30',
  department: '第一征收项目一部',
  place: '小昆山',
  price: 30 }
[2019-08-01 08:13:59.456] [INFO] - RowDataPacket {
  username: '蒋睿峰',
  outdate: '2019-07-31',
  department: '第一征收项目一部',
  place: '小昆山',
  price: 30 }
[2019-08-01 08:13:59.458] [INFO] - RowDataPacket {
  username: '董春辉',
  outdate: '2019-07-02',
  department: '第一征收项目一部',
  place: '泗泾',
  price: 50 }
[2019-08-01 08:13:59.459] [INFO] - RowDataPacket {
  username: '董春辉',
  outdate: '2019-07-09',
  department: '第一征收项目一部',
  place: '泗泾',
  price: 50 }
[2019-08-01 08:13:59.460] [INFO] - RowDataPacket {
  username: '董春辉',
  outdate: '2019-07-12',
  department: '第一征收项目一部',
  place: '泗泾',
  price: 50 }
[2019-08-01 08:13:59.461] [INFO] - RowDataPacket {
  username: '董春辉',
  outdate: '2019-07-13',
  department: '第一征收项目一部',
  place: '车墩',
  price: 30 }
[2019-08-01 08:13:59.461] [INFO] - RowDataPacket {
  username: '董春辉',
  outdate: '2019-07-15',
  department: '第一征收项目一部',
  place: '车墩',
  price: 30 }
[2019-08-01 08:13:59.463] [INFO] - RowDataPacket {
  username: '董春辉',
  outdate: '2019-07-16',
  department: '第一征收项目一部',
  place: '车墩',
  price: 30 }
[2019-08-01 08:13:59.463] [INFO] - RowDataPacket {
  username: '董春辉',
  outdate: '2019-07-17',
  department: '第一征收项目一部',
  place: '车墩',
  price: 30 }
[2019-08-01 08:13:59.464] [INFO] - RowDataPacket {
  username: '董春辉',
  outdate: '2019-07-19',
  department: '第一征收项目一部',
  place: '车墩',
  price: 30 }
[2019-08-01 08:13:59.467] [INFO] - RowDataPacket {
  username: '董春辉',
  outdate: '2019-07-20',
  department: '第一征收项目一部',
  place: '车墩',
  price: 30 }
[2019-08-01 08:13:59.468] [INFO] - RowDataPacket {
  username: '董春辉',
  outdate: '2019-07-21',
  department: '第一征收项目一部',
  place: '车墩',
  price: 30 }
[2019-08-01 08:13:59.468] [INFO] - RowDataPacket {
  username: '董春辉',
  outdate: '2019-07-23',
  department: '第一征收项目一部',
  place: '车墩',
  price: 30 }
[2019-08-01 08:13:59.469] [INFO] - RowDataPacket {
  username: '董春辉',
  outdate: '2019-07-28',
  department: '第一征收项目一部',
  place: '车墩',
  price: 30 }
[2019-08-01 08:13:59.469] [INFO] - RowDataPacket {
  username: '董春辉',
  outdate: '2019-07-29',
  department: '第一征收项目一部',
  place: '车墩',
  price: 30 }
[2019-08-01 08:13:59.470] [INFO] - RowDataPacket {
  username: '董春辉',
  outdate: '2019-07-31',
  department: '第一征收项目一部',
  place: '车墩',
  price: 30 }
[2019-08-01 08:13:59.471] [INFO] - RowDataPacket {
  username: '金贞贤',
  outdate: '2019-07-01',
  department: '第一征收项目一部',
  place: '泗泾',
  price: 50 }
[2019-08-01 08:13:59.471] [INFO] - RowDataPacket {
  username: '金贞贤',
  outdate: '2019-07-02',
  department: '第一征收项目一部',
  place: '泗泾',
  price: 50 }
[2019-08-01 08:13:59.471] [INFO] - RowDataPacket {
  username: '金贞贤',
  outdate: '2019-07-03',
  department: '第一征收项目一部',
  place: '泗泾',
  price: 50 }
[2019-08-01 08:13:59.472] [INFO] - RowDataPacket {
  username: '金贞贤',
  outdate: '2019-07-04',
  department: '第一征收项目一部',
  place: '泗泾',
  price: 50 }
[2019-08-01 08:13:59.474] [INFO] - RowDataPacket {
  username: '金贞贤',
  outdate: '2019-07-05',
  department: '第一征收项目一部',
  place: '泗泾',
  price: 50 }
[2019-08-01 08:13:59.475] [INFO] - RowDataPacket {
  username: '金贞贤',
  outdate: '2019-07-06',
  department: '第一征收项目一部',
  place: '泗泾',
  price: 50 }
[2019-08-01 08:13:59.477] [INFO] - RowDataPacket {
  username: '金贞贤',
  outdate: '2019-07-08',
  department: '第一征收项目一部',
  place: '泗泾',
  price: 50 }
[2019-08-01 08:13:59.479] [INFO] - RowDataPacket {
  username: '金贞贤',
  outdate: '2019-07-09',
  department: '第一征收项目一部',
  place: '泗泾',
  price: 50 }
[2019-08-01 08:13:59.481] [INFO] - RowDataPacket {
  username: '金贞贤',
  outdate: '2019-07-10',
  department: '第一征收项目一部',
  place: '泗泾',
  price: 50 }
[2019-08-01 08:13:59.482] [INFO] - RowDataPacket {
  username: '金贞贤',
  outdate: '2019-07-11',
  department: '第一征收项目一部',
  place: '泗泾',
  price: 50 }
[2019-08-01 08:13:59.483] [INFO] - RowDataPacket {
  username: '金贞贤',
  outdate: '2019-07-12',
  department: '第一征收项目一部',
  place: '泗泾',
  price: 50 }
[2019-08-01 08:13:59.484] [INFO] - RowDataPacket {
  username: '金贞贤',
  outdate: '2019-07-13',
  department: '第一征收项目一部',
  place: '泗泾',
  price: 50 }
[2019-08-01 08:13:59.485] [INFO] - RowDataPacket {
  username: '金贞贤',
  outdate: '2019-07-15',
  department: '第一征收项目一部',
  place: '泗泾',
  price: 50 }
[2019-08-01 08:13:59.488] [INFO] - RowDataPacket {
  username: '金贞贤',
  outdate: '2019-07-16',
  department: '第一征收项目一部',
  place: '泗泾',
  price: 50 }
[2019-08-01 08:13:59.488] [INFO] - RowDataPacket {
  username: '金贞贤',
  outdate: '2019-07-17',
  department: '第一征收项目一部',
  place: '泗泾',
  price: 50 }
[2019-08-01 08:13:59.489] [INFO] - RowDataPacket {
  username: '金贞贤',
  outdate: '2019-07-18',
  department: '第一征收项目一部',
  place: '泗泾',
  price: 50 }
[2019-08-01 08:13:59.490] [INFO] - RowDataPacket {
  username: '金贞贤',
  outdate: '2019-07-19',
  department: '第一征收项目一部',
  place: '泗泾',
  price: 50 }
[2019-08-01 08:13:59.490] [INFO] - RowDataPacket {
  username: '金贞贤',
  outdate: '2019-07-20',
  department: '第一征收项目一部',
  place: '泗泾',
  price: 50 }
[2019-08-01 08:13:59.491] [INFO] - RowDataPacket {
  username: '金贞贤',
  outdate: '2019-07-22',
  department: '第一征收项目一部',
  place: '泗泾',
  price: 50 }
[2019-08-01 08:13:59.492] [INFO] - RowDataPacket {
  username: '金贞贤',
  outdate: '2019-07-24',
  department: '第一征收项目一部',
  place: '泗泾',
  price: 50 }
[2019-08-01 08:13:59.493] [INFO] - RowDataPacket {
  username: '金贞贤',
  outdate: '2019-07-25',
  department: '第一征收项目一部',
  place: '泗泾',
  price: 50 }
[2019-08-01 08:13:59.494] [INFO] - RowDataPacket {
  username: '金贞贤',
  outdate: '2019-07-27',
  department: '第一征收项目一部',
  place: '泗泾',
  price: 50 }
[2019-08-01 08:13:59.495] [INFO] - RowDataPacket {
  username: '金贞贤',
  outdate: '2019-07-29',
  department: '第一征收项目一部',
  place: '泗泾',
  price: 50 }
[2019-08-01 08:13:59.498] [INFO] - RowDataPacket {
  username: '单喆',
  outdate: '2019-07-01',
  department: '第一征收项目一部',
  place: '泗泾',
  price: 50 }
[2019-08-01 08:13:59.499] [INFO] - RowDataPacket {
  username: '单喆',
  outdate: '2019-07-02',
  department: '第一征收项目一部',
  place: '泗泾',
  price: 50 }
[2019-08-01 08:13:59.499] [INFO] - RowDataPacket {
  username: '单喆',
  outdate: '2019-07-03',
  department: '第一征收项目一部',
  place: '泗泾',
  price: 50 }
[2019-08-01 08:13:59.500] [INFO] - RowDataPacket {
  username: '单喆',
  outdate: '2019-07-04',
  department: '第一征收项目一部',
  place: '泗泾',
  price: 50 }
[2019-08-01 08:13:59.501] [INFO] - RowDataPacket {
  username: '单喆',
  outdate: '2019-07-05',
  department: '第一征收项目一部',
  place: '泗泾',
  price: 50 }
[2019-08-01 08:13:59.501] [INFO] - RowDataPacket {
  username: '单喆',
  outdate: '2019-07-08',
  department: '第一征收项目一部',
  place: '泗泾',
  price: 50 }
[2019-08-01 08:13:59.502] [INFO] - RowDataPacket {
  username: '单喆',
  outdate: '2019-07-09',
  department: '第一征收项目一部',
  place: '泗泾',
  price: 50 }
[2019-08-01 08:13:59.503] [INFO] - RowDataPacket {
  username: '单喆',
  outdate: '2019-07-10',
  department: '第一征收项目一部',
  place: '泗泾',
  price: 50 }
[2019-08-01 08:13:59.503] [INFO] - RowDataPacket {
  username: '单喆',
  outdate: '2019-07-11',
  department: '第一征收项目一部',
  place: '泗泾',
  price: 50 }
[2019-08-01 08:13:59.504] [INFO] - RowDataPacket {
  username: '单喆',
  outdate: '2019-07-13',
  department: '第一征收项目一部',
  place: '泗泾',
  price: 50 }
[2019-08-01 08:13:59.504] [INFO] - RowDataPacket {
  username: '单喆',
  outdate: '2019-07-15',
  department: '第一征收项目一部',
  place: '泗泾',
  price: 50 }
[2019-08-01 08:13:59.505] [INFO] - RowDataPacket {
  username: '单喆',
  outdate: '2019-07-16',
  department: '第一征收项目一部',
  place: '泗泾',
  price: 50 }
[2019-08-01 08:13:59.505] [INFO] - RowDataPacket {
  username: '单喆',
  outdate: '2019-07-17',
  department: '第一征收项目一部',
  place: '泗泾',
  price: 50 }
[2019-08-01 08:13:59.506] [INFO] - RowDataPacket {
  username: '单喆',
  outdate: '2019-07-19',
  department: '第一征收项目一部',
  place: '泗泾',
  price: 50 }
[2019-08-01 08:13:59.506] [INFO] - RowDataPacket {
  username: '单喆',
  outdate: '2019-07-20',
  department: '第一征收项目一部',
  place: '泗泾',
  price: 50 }
[2019-08-01 08:13:59.510] [INFO] - RowDataPacket {
  username: '单喆',
  outdate: '2019-07-22',
  department: '第一征收项目一部',
  place: '泗泾',
  price: 50 }
[2019-08-01 08:13:59.510] [INFO] - RowDataPacket {
  username: '单喆',
  outdate: '2019-07-24',
  department: '第一征收项目一部',
  place: '泗泾',
  price: 50 }
[2019-08-01 08:13:59.511] [INFO] - RowDataPacket {
  username: '单喆',
  outdate: '2019-07-25',
  department: '第一征收项目一部',
  place: '泗泾',
  price: 50 }
[2019-08-01 08:13:59.511] [INFO] - RowDataPacket {
  username: '单喆',
  outdate: '2019-07-27',
  department: '第一征收项目一部',
  place: '泗泾',
  price: 50 }
[2019-08-01 08:13:59.513] [INFO] - RowDataPacket {
  username: '单喆',
  outdate: '2019-07-29',
  department: '第一征收项目一部',
  place: '泗泾',
  price: 50 }
[2019-08-01 08:13:59.514] [INFO] - RowDataPacket {
  username: '单喆',
  outdate: '2019-07-30',
  department: '第一征收项目一部',
  place: '泗泾',
  price: 50 }
[2019-08-01 08:13:59.514] [INFO] - RowDataPacket {
  username: '单喆',
  outdate: '2019-07-31',
  department: '第一征收项目一部',
  place: '泗泾',
  price: 50 }
[2019-08-01 08:13:59.515] [INFO] - RowDataPacket {
  username: '苏从',
  outdate: '2019-07-01',
  department: '第一征收项目一部',
  place: '泗泾',
  price: 50 }
[2019-08-01 08:13:59.516] [INFO] - RowDataPacket {
  username: '苏从',
  outdate: '2019-07-02',
  department: '第一征收项目一部',
  place: '泗泾',
  price: 50 }
[2019-08-01 08:13:59.516] [INFO] - RowDataPacket {
  username: '苏从',
  outdate: '2019-07-03',
  department: '第一征收项目一部',
  place: '泗泾',
  price: 50 }
[2019-08-01 08:13:59.517] [INFO] - RowDataPacket {
  username: '苏从',
  outdate: '2019-07-04',
  department: '第一征收项目一部',
  place: '泗泾',
  price: 50 }
[2019-08-01 08:13:59.519] [INFO] - RowDataPacket {
  username: '苏从',
  outdate: '2019-07-05',
  department: '第一征收项目一部',
  place: '泗泾',
  price: 50 }
[2019-08-01 08:13:59.520] [INFO] - RowDataPacket {
  username: '苏从',
  outdate: '2019-07-06',
  department: '第一征收项目一部',
  place: '泗泾',
  price: 50 }
[2019-08-01 08:13:59.521] [INFO] - RowDataPacket {
  username: '苏从',
  outdate: '2019-07-08',
  department: '第一征收项目一部',
  place: '泗泾',
  price: 50 }
[2019-08-01 08:13:59.521] [INFO] - RowDataPacket {
  username: '苏从',
  outdate: '2019-07-09',
  department: '第一征收项目一部',
  place: '泗泾',
  price: 50 }
[2019-08-01 08:13:59.522] [INFO] - RowDataPacket {
  username: '苏从',
  outdate: '2019-07-10',
  department: '第一征收项目一部',
  place: '泗泾',
  price: 50 }
[2019-08-01 08:13:59.522] [INFO] - RowDataPacket {
  username: '苏从',
  outdate: '2019-07-11',
  department: '第一征收项目一部',
  place: '泗泾',
  price: 50 }
[2019-08-01 08:13:59.523] [INFO] - RowDataPacket {
  username: '苏从',
  outdate: '2019-07-12',
  department: '第一征收项目一部',
  place: '泗泾',
  price: 50 }
[2019-08-01 08:13:59.523] [INFO] - RowDataPacket {
  username: '苏从',
  outdate: '2019-07-13',
  department: '第一征收项目一部',
  place: '泗泾',
  price: 50 }
[2019-08-01 08:13:59.525] [INFO] - RowDataPacket {
  username: '苏从',
  outdate: '2019-07-15',
  department: '第一征收项目一部',
  place: '泗泾',
  price: 50 }
[2019-08-01 08:13:59.525] [INFO] - RowDataPacket {
  username: '苏从',
  outdate: '2019-07-16',
  department: '第一征收项目一部',
  place: '泗泾',
  price: 50 }
[2019-08-01 08:13:59.526] [INFO] - RowDataPacket {
  username: '苏从',
  outdate: '2019-07-17',
  department: '第一征收项目一部',
  place: '泗泾',
  price: 50 }
[2019-08-01 08:13:59.527] [INFO] - RowDataPacket {
  username: '苏从',
  outdate: '2019-07-18',
  department: '第一征收项目一部',
  place: '泗泾',
  price: 50 }
[2019-08-01 08:13:59.527] [INFO] - RowDataPacket {
  username: '苏从',
  outdate: '2019-07-19',
  department: '第一征收项目一部',
  place: '泗泾',
  price: 50 }
[2019-08-01 08:13:59.530] [INFO] - RowDataPacket {
  username: '苏从',
  outdate: '2019-07-20',
  department: '第一征收项目一部',
  place: '泗泾',
  price: 50 }
[2019-08-01 08:13:59.531] [INFO] - RowDataPacket {
  username: '苏从',
  outdate: '2019-07-22',
  department: '第一征收项目一部',
  place: '泗泾',
  price: 50 }
[2019-08-01 08:13:59.531] [INFO] - RowDataPacket {
  username: '苏从',
  outdate: '2019-07-24',
  department: '第一征收项目一部',
  place: '泗泾',
  price: 50 }
[2019-08-01 08:13:59.532] [INFO] - RowDataPacket {
  username: '苏从',
  outdate: '2019-07-25',
  department: '第一征收项目一部',
  place: '泗泾',
  price: 50 }
[2019-08-01 08:13:59.533] [INFO] - RowDataPacket {
  username: '苏从',
  outdate: '2019-07-27',
  department: '第一征收项目一部',
  place: '泗泾',
  price: 50 }
[2019-08-01 08:13:59.533] [INFO] - RowDataPacket {
  username: '苏从',
  outdate: '2019-07-29',
  department: '第一征收项目一部',
  place: '泗泾',
  price: 50 }
[2019-08-01 08:13:59.534] [INFO] - RowDataPacket {
  username: '苏从',
  outdate: '2019-07-31',
  department: '第一征收项目一部',
  place: '泗泾',
  price: 50 }
[2019-08-01 08:13:59.534] [INFO] - RowDataPacket {
  username: '徐莹',
  outdate: '2019-07-01',
  department: '第一征收项目一部',
  place: '泗泾',
  price: 50 }
[2019-08-01 08:13:59.535] [INFO] - RowDataPacket {
  username: '徐莹',
  outdate: '2019-07-02',
  department: '第一征收项目一部',
  place: '泗泾',
  price: 50 }
[2019-08-01 08:13:59.535] [INFO] - RowDataPacket {
  username: '徐莹',
  outdate: '2019-07-03',
  department: '第一征收项目一部',
  place: '泗泾',
  price: 50 }
[2019-08-01 08:13:59.536] [INFO] - RowDataPacket {
  username: '徐莹',
  outdate: '2019-07-04',
  department: '第一征收项目一部',
  place: '泗泾',
  price: 50 }
[2019-08-01 08:13:59.536] [INFO] - RowDataPacket {
  username: '徐莹',
  outdate: '2019-07-05',
  department: '第一征收项目一部',
  place: '泗泾',
  price: 50 }
[2019-08-01 08:13:59.538] [INFO] - RowDataPacket {
  username: '徐莹',
  outdate: '2019-07-06',
  department: '第一征收项目一部',
  place: '泗泾',
  price: 50 }
[2019-08-01 08:13:59.539] [INFO] - RowDataPacket {
  username: '徐莹',
  outdate: '2019-07-08',
  department: '第一征收项目一部',
  place: '泗泾',
  price: 50 }
[2019-08-01 08:13:59.540] [INFO] - RowDataPacket {
  username: '徐莹',
  outdate: '2019-07-09',
  department: '第一征收项目一部',
  place: '泗泾',
  price: 50 }
[2019-08-01 08:13:59.540] [INFO] - RowDataPacket {
  username: '徐莹',
  outdate: '2019-07-10',
  department: '第一征收项目一部',
  place: '泗泾',
  price: 50 }
[2019-08-01 08:13:59.542] [INFO] - RowDataPacket {
  username: '徐莹',
  outdate: '2019-07-11',
  department: '第一征收项目一部',
  place: '泗泾',
  price: 50 }
[2019-08-01 08:13:59.543] [INFO] - RowDataPacket {
  username: '徐莹',
  outdate: '2019-07-12',
  department: '第一征收项目一部',
  place: '泗泾',
  price: 50 }
[2019-08-01 08:13:59.543] [INFO] - RowDataPacket {
  username: '徐莹',
  outdate: '2019-07-13',
  department: '第一征收项目一部',
  place: '泗泾',
  price: 50 }
[2019-08-01 08:13:59.544] [INFO] - RowDataPacket {
  username: '徐莹',
  outdate: '2019-07-16',
  department: '第一征收项目一部',
  place: '泗泾',
  price: 50 }
[2019-08-01 08:13:59.544] [INFO] - RowDataPacket {
  username: '徐莹',
  outdate: '2019-07-17',
  department: '第一征收项目一部',
  place: '泗泾',
  price: 50 }
[2019-08-01 08:13:59.545] [INFO] - RowDataPacket {
  username: '徐莹',
  outdate: '2019-07-18',
  department: '第一征收项目一部',
  place: '泗泾',
  price: 50 }
[2019-08-01 08:13:59.547] [INFO] - RowDataPacket {
  username: '徐莹',
  outdate: '2019-07-19',
  department: '第一征收项目一部',
  place: '泗泾',
  price: 50 }
[2019-08-01 08:13:59.549] [INFO] - RowDataPacket {
  username: '徐莹',
  outdate: '2019-07-20',
  department: '第一征收项目一部',
  place: '泗泾',
  price: 50 }
[2019-08-01 08:13:59.549] [INFO] - RowDataPacket {
  username: '徐莹',
  outdate: '2019-07-22',
  department: '第一征收项目一部',
  place: '泗泾',
  price: 50 }
[2019-08-01 08:13:59.550] [INFO] - RowDataPacket {
  username: '徐莹',
  outdate: '2019-07-24',
  department: '第一征收项目一部',
  place: '泗泾',
  price: 50 }
[2019-08-01 08:13:59.551] [INFO] - RowDataPacket {
  username: '徐莹',
  outdate: '2019-07-25',
  department: '第一征收项目一部',
  place: '泗泾',
  price: 50 }
[2019-08-01 08:13:59.551] [INFO] - RowDataPacket {
  username: '徐莹',
  outdate: '2019-07-27',
  department: '第一征收项目一部',
  place: '泗泾',
  price: 50 }
[2019-08-01 08:13:59.552] [INFO] - RowDataPacket {
  username: '徐莹',
  outdate: '2019-07-29',
  department: '第一征收项目一部',
  place: '泗泾',
  price: 50 }
[2019-08-01 08:13:59.552] [INFO] - RowDataPacket {
  username: '江淼',
  outdate: '2019-07-01',
  department: '第一征收项目一部',
  place: '九亭',
  price: 50 }
[2019-08-01 08:13:59.553] [INFO] - RowDataPacket {
  username: '江淼',
  outdate: '2019-07-02',
  department: '第一征收项目一部',
  place: '九亭',
  price: 50 }
[2019-08-01 08:13:59.553] [INFO] - RowDataPacket {
  username: '江淼',
  outdate: '2019-07-04',
  department: '第一征收项目一部',
  place: '九亭',
  price: 50 }
[2019-08-01 08:13:59.554] [INFO] - RowDataPacket {
  username: '江淼',
  outdate: '2019-07-06',
  department: '第一征收项目一部',
  place: '车墩',
  price: 30 }
[2019-08-01 08:13:59.555] [INFO] - RowDataPacket {
  username: '江淼',
  outdate: '2019-07-08',
  department: '第一征收项目一部',
  place: '车墩',
  price: 30 }
[2019-08-01 08:13:59.555] [INFO] - RowDataPacket {
  username: '江淼',
  outdate: '2019-07-12',
  department: '第一征收项目一部',
  place: '泗泾',
  price: 50 }
[2019-08-01 08:13:59.556] [INFO] - RowDataPacket {
  username: '江淼',
  outdate: '2019-07-13',
  department: '第一征收项目一部',
  place: '车墩',
  price: 30 }
[2019-08-01 08:13:59.556] [INFO] - RowDataPacket {
  username: '江淼',
  outdate: '2019-07-14',
  department: '第一征收项目一部',
  place: '车墩',
  price: 30 }
[2019-08-01 08:13:59.559] [INFO] - RowDataPacket {
  username: '江淼',
  outdate: '2019-07-15',
  department: '第一征收项目一部',
  place: '车墩',
  price: 30 }
[2019-08-01 08:13:59.560] [INFO] - RowDataPacket {
  username: '江淼',
  outdate: '2019-07-16',
  department: '第一征收项目一部',
  place: '车墩',
  price: 30 }
[2019-08-01 08:13:59.561] [INFO] - RowDataPacket {
  username: '江淼',
  outdate: '2019-07-17',
  department: '第一征收项目一部',
  place: '车墩',
  price: 30 }
[2019-08-01 08:13:59.561] [INFO] - RowDataPacket {
  username: '江淼',
  outdate: '2019-07-19',
  department: '第一征收项目一部',
  place: '车墩',
  price: 30 }
[2019-08-01 08:13:59.563] [INFO] - RowDataPacket {
  username: '江淼',
  outdate: '2019-07-20',
  department: '第一征收项目一部',
  place: '车墩',
  price: 30 }
[2019-08-01 08:13:59.564] [INFO] - RowDataPacket {
  username: '江淼',
  outdate: '2019-07-21',
  department: '第一征收项目一部',
  place: '车墩',
  price: 30 }
[2019-08-01 08:13:59.564] [INFO] - RowDataPacket {
  username: '江淼',
  outdate: '2019-07-23',
  department: '第一征收项目一部',
  place: '车墩',
  price: 30 }
[2019-08-01 08:13:59.565] [INFO] - RowDataPacket {
  username: '江淼',
  outdate: '2019-07-25',
  department: '第一征收项目一部',
  place: '车墩',
  price: 30 }
[2019-08-01 08:13:59.566] [INFO] - RowDataPacket {
  username: '江淼',
  outdate: '2019-07-28',
  department: '第一征收项目一部',
  place: '车墩',
  price: 30 }
[2019-08-01 08:13:59.566] [INFO] - RowDataPacket {
  username: '江淼',
  outdate: '2019-07-29',
  department: '第一征收项目一部',
  place: '车墩',
  price: 30 }
[2019-08-01 08:13:59.567] [INFO] - RowDataPacket {
  username: '江淼',
  outdate: '2019-07-31',
  department: '第一征收项目一部',
  place: '车墩',
  price: 30 }
[2019-08-01 08:13:59.567] [INFO] - RowDataPacket {
  username: '沈军梅',
  outdate: '2019-07-01',
  department: '第一征收项目一部',
  place: '九亭',
  price: 50 }
[2019-08-01 08:13:59.568] [INFO] - RowDataPacket {
  username: '沈军梅',
  outdate: '2019-07-02',
  department: '第一征收项目一部',
  place: '九亭',
  price: 50 }
[2019-08-01 08:13:59.570] [INFO] - RowDataPacket {
  username: '沈军梅',
  outdate: '2019-07-03',
  department: '第一征收项目一部',
  place: '九亭',
  price: 50 }
[2019-08-01 08:13:59.570] [INFO] - RowDataPacket {
  username: '沈军梅',
  outdate: '2019-07-06',
  department: '第一征收项目一部',
  place: '车墩',
  price: 30 }
[2019-08-01 08:13:59.571] [INFO] - RowDataPacket {
  username: '沈军梅',
  outdate: '2019-07-08',
  department: '第一征收项目一部',
  place: '车墩',
  price: 30 }
[2019-08-01 08:13:59.571] [INFO] - RowDataPacket {
  username: '沈军梅',
  outdate: '2019-07-11',
  department: '第一征收项目一部',
  place: '车墩',
  price: 30 }
[2019-08-01 08:13:59.572] [INFO] - RowDataPacket {
  username: '沈军梅',
  outdate: '2019-07-13',
  department: '第一征收项目一部',
  place: '车墩',
  price: 30 }
[2019-08-01 08:13:59.573] [INFO] - RowDataPacket {
  username: '沈军梅',
  outdate: '2019-07-15',
  department: '第一征收项目一部',
  place: '车墩',
  price: 30 }
[2019-08-01 08:13:59.573] [INFO] - RowDataPacket {
  username: '沈军梅',
  outdate: '2019-07-17',
  department: '第一征收项目一部',
  place: '车墩',
  price: 30 }
[2019-08-01 08:13:59.575] [INFO] - RowDataPacket {
  username: '沈军梅',
  outdate: '2019-07-19',
  department: '第一征收项目一部',
  place: '车墩',
  price: 30 }
[2019-08-01 08:13:59.575] [INFO] - RowDataPacket {
  username: '沈军梅',
  outdate: '2019-07-20',
  department: '第一征收项目一部',
  place: '车墩',
  price: 30 }
[2019-08-01 08:13:59.576] [INFO] - RowDataPacket {
  username: '沈军梅',
  outdate: '2019-07-23',
  department: '第一征收项目一部',
  place: '车墩',
  price: 30 }
[2019-08-01 08:13:59.577] [INFO] - RowDataPacket {
  username: '沈军梅',
  outdate: '2019-07-29',
  department: '第一征收项目一部',
  place: '车墩',
  price: 30 }
[2019-08-01 08:13:59.577] [INFO] - RowDataPacket {
  username: '沈军梅',
  outdate: '2019-07-31',
  department: '第一征收项目一部',
  place: '车墩',
  price: 30 }
[2019-08-01 08:13:59.581] [INFO] - RowDataPacket {
  username: '赵静妮',
  outdate: '2019-07-06',
  department: '第一征收项目一部',
  place: '泗泾',
  price: 50 }
[2019-08-01 08:13:59.582] [INFO] - RowDataPacket {
  username: '赵静妮',
  outdate: '2019-07-09',
  department: '第一征收项目一部',
  place: '泗泾',
  price: 50 }
[2019-08-01 08:13:59.583] [INFO] - RowDataPacket {
  username: '赵静妮',
  outdate: '2019-07-11',
  department: '第一征收项目一部',
  place: '新桥',
  price: 30 }
[2019-08-01 08:13:59.585] [INFO] - RowDataPacket {
  username: '赵静妮',
  outdate: '2019-07-13',
  department: '第一征收项目一部',
  place: '泗泾',
  price: 50 }
[2019-08-01 08:13:59.585] [INFO] - RowDataPacket {
  username: '赵静妮',
  outdate: '2019-07-16',
  department: '第一征收项目一部',
  place: '车墩',
  price: 30 }
[2019-08-01 08:13:59.586] [INFO] - RowDataPacket {
  username: '赵静妮',
  outdate: '2019-07-18',
  department: '第一征收项目一部',
  place: '泗泾',
  price: 50 }
[2019-08-01 08:13:59.586] [INFO] - RowDataPacket {
  username: '赵静妮',
  outdate: '2019-07-20',
  department: '第一征收项目一部',
  place: '泗泾',
  price: 50 }
[2019-08-01 08:13:59.587] [INFO] - RowDataPacket {
  username: '赵静妮',
  outdate: '2019-07-21',
  department: '第一征收项目一部',
  place: '车墩',
  price: 30 }
[2019-08-01 08:13:59.587] [INFO] - RowDataPacket {
  username: '陆顺良',
  outdate: '2019-07-09',
  department: '第一征收项目一部',
  place: '泗泾',
  price: 50 }
[2019-08-01 08:13:59.588] [INFO] - RowDataPacket {
  username: '陆顺良',
  outdate: '2019-07-14',
  department: '第一征收项目一部',
  place: '车墩',
  price: 30 }
[2019-08-01 08:13:59.588] [INFO] - RowDataPacket {
  username: '陆顺良',
  outdate: '2019-07-18',
  department: '第一征收项目一部',
  place: '泗泾',
  price: 50 }
[2019-08-01 08:13:59.589] [INFO] - RowDataPacket {
  username: '陆顺良',
  outdate: '2019-07-20',
  department: '第一征收项目一部',
  place: '车墩',
  price: 30 }
[2019-08-01 08:13:59.589] [INFO] - RowDataPacket {
  username: '陆顺良',
  outdate: '2019-07-21',
  department: '第一征收项目一部',
  place: '车墩',
  price: 30 }
[2019-08-01 08:13:59.590] [INFO] - RowDataPacket {
  username: '万雪明',
  outdate: '2019-07-04',
  department: '第一征收项目一部',
  place: '九亭',
  price: 50 }
[2019-08-01 08:13:59.593] [INFO] - RowDataPacket {
  username: '万雪明',
  outdate: '2019-07-09',
  department: '第一征收项目一部',
  place: '泗泾',
  price: 50 }
[2019-08-01 08:13:59.594] [INFO] - RowDataPacket {
  username: '万雪明',
  outdate: '2019-07-12',
  department: '第一征收项目一部',
  place: '泗泾',
  price: 50 }
[2019-08-01 08:13:59.594] [INFO] - RowDataPacket {
  username: '万雪明',
  outdate: '2019-07-16',
  department: '第一征收项目一部',
  place: '车墩',
  price: 30 }
[2019-08-01 08:13:59.595] [INFO] - RowDataPacket {
  username: '万雪明',
  outdate: '2019-07-18',
  department: '第一征收项目一部',
  place: '泗泾',
  price: 50 }
[2019-08-01 08:13:59.596] [INFO] - RowDataPacket {
  username: '万雪明',
  outdate: '2019-07-19',
  department: '第一征收项目一部',
  place: '车墩',
  price: 30 }
[2019-08-01 08:13:59.597] [INFO] - RowDataPacket {
  username: '万雪明',
  outdate: '2019-07-20',
  department: '第一征收项目一部',
  place: '车墩',
  price: 30 }
[2019-08-01 08:13:59.598] [INFO] - RowDataPacket {
  username: '万雪明',
  outdate: '2019-07-21',
  department: '第一征收项目一部',
  place: '车墩',
  price: 30 }
[2019-08-01 08:13:59.598] [INFO] - RowDataPacket {
  username: '万雪明',
  outdate: '2019-07-29',
  department: '第一征收项目一部',
  place: '车墩',
  price: 30 }
[2019-08-01 08:13:59.599] [INFO] - RowDataPacket {
  username: '张奇',
  outdate: '2019-07-02',
  department: '第一征收项目二部',
  place: '佘山',
  price: 30 }
[2019-08-01 08:13:59.599] [INFO] - RowDataPacket {
  username: '张奇',
  outdate: '2019-07-03',
  department: '第一征收项目二部',
  place: '叶榭',
  price: 30 }
[2019-08-01 08:13:59.600] [INFO] - RowDataPacket {
  username: '张奇',
  outdate: '2019-07-04',
  department: '第一征收项目二部',
  place: '小昆山',
  price: 30 }
[2019-08-01 08:13:59.600] [INFO] - RowDataPacket {
  username: '张奇',
  outdate: '2019-07-05',
  department: '第一征收项目二部',
  place: '小昆山',
  price: 30 }
[2019-08-01 08:13:59.601] [INFO] - RowDataPacket {
  username: '张奇',
  outdate: '2019-07-06',
  department: '第一征收项目二部',
  place: '佘山',
  price: 30 }
[2019-08-01 08:13:59.603] [INFO] - RowDataPacket {
  username: '张奇',
  outdate: '2019-07-07',
  department: '第一征收项目二部',
  place: '佘山',
  price: 30 }
[2019-08-01 08:13:59.604] [INFO] - RowDataPacket {
  username: '张奇',
  outdate: '2019-07-08',
  department: '第一征收项目二部',
  place: '叶榭',
  price: 30 }
[2019-08-01 08:13:59.604] [INFO] - RowDataPacket {
  username: '张奇',
  outdate: '2019-07-09',
  department: '第一征收项目二部',
  place: '叶榭',
  price: 30 }
[2019-08-01 08:13:59.605] [INFO] - RowDataPacket {
  username: '张奇',
  outdate: '2019-07-10',
  department: '第一征收项目二部',
  place: '小昆山',
  price: 30 }
[2019-08-01 08:13:59.606] [INFO] - RowDataPacket {
  username: '张奇',
  outdate: '2019-07-11',
  department: '第一征收项目二部',
  place: '叶榭',
  price: 30 }
[2019-08-01 08:13:59.606] [INFO] - RowDataPacket {
  username: '张奇',
  outdate: '2019-07-12',
  department: '第一征收项目二部',
  place: '叶榭',
  price: 30 }
[2019-08-01 08:13:59.607] [INFO] - RowDataPacket {
  username: '张奇',
  outdate: '2019-07-15',
  department: '第一征收项目二部',
  place: '小昆山',
  price: 30 }
[2019-08-01 08:13:59.607] [INFO] - RowDataPacket {
  username: '张奇',
  outdate: '2019-07-16',
  department: '第一征收项目二部',
  place: '佘山',
  price: 30 }
[2019-08-01 08:13:59.609] [INFO] - RowDataPacket {
  username: '张奇',
  outdate: '2019-07-18',
  department: '第一征收项目二部',
  place: '叶榭',
  price: 30 }
[2019-08-01 08:13:59.609] [INFO] - RowDataPacket {
  username: '张奇',
  outdate: '2019-07-19',
  department: '第一征收项目二部',
  place: '小昆山',
  price: 30 }
[2019-08-01 08:13:59.615] [INFO] - RowDataPacket {
  username: '张奇',
  outdate: '2019-07-22',
  department: '第一征收项目二部',
  place: '泖港',
  price: 30 }
[2019-08-01 08:13:59.616] [INFO] - RowDataPacket {
  username: '张奇',
  outdate: '2019-07-24',
  department: '第一征收项目二部',
  place: '叶榭',
  price: 30 }
[2019-08-01 08:13:59.617] [INFO] - RowDataPacket {
  username: '张奇',
  outdate: '2019-07-25',
  department: '第一征收项目二部',
  place: '叶榭',
  price: 30 }
[2019-08-01 08:13:59.618] [INFO] - RowDataPacket {
  username: '张奇',
  outdate: '2019-07-29',
  department: '第一征收项目二部',
  place: '小昆山',
  price: 30 }
[2019-08-01 08:13:59.618] [INFO] - RowDataPacket {
  username: '张奇',
  outdate: '2019-07-31',
  department: '第一征收项目二部',
  place: '小昆山',
  price: 30 }
[2019-08-01 08:13:59.619] [INFO] - RowDataPacket {
  username: '陆伟',
  outdate: '2019-07-01',
  department: '第一征收项目二部',
  place: '佘山',
  price: 30 }
[2019-08-01 08:13:59.619] [INFO] - RowDataPacket {
  username: '陆伟',
  outdate: '2019-07-02',
  department: '第一征收项目二部',
  place: '佘山',
  price: 30 }
[2019-08-01 08:13:59.620] [INFO] - RowDataPacket {
  username: '陆伟',
  outdate: '2019-07-03',
  department: '第一征收项目二部',
  place: '佘山',
  price: 30 }
[2019-08-01 08:13:59.621] [INFO] - RowDataPacket {
  username: '陆伟',
  outdate: '2019-07-04',
  department: '第一征收项目二部',
  place: '佘山',
  price: 30 }
[2019-08-01 08:13:59.621] [INFO] - RowDataPacket {
  username: '陆伟',
  outdate: '2019-07-08',
  department: '第一征收项目二部',
  place: '佘山',
  price: 30 }
[2019-08-01 08:13:59.624] [INFO] - RowDataPacket {
  username: '陆伟',
  outdate: '2019-07-09',
  department: '第一征收项目二部',
  place: '佘山',
  price: 30 }
[2019-08-01 08:13:59.625] [INFO] - RowDataPacket {
  username: '陆伟',
  outdate: '2019-07-10',
  department: '第一征收项目二部',
  place: '佘山',
  price: 30 }
[2019-08-01 08:13:59.626] [INFO] - RowDataPacket {
  username: '陆伟',
  outdate: '2019-07-11',
  department: '第一征收项目二部',
  place: '佘山',
  price: 30 }
[2019-08-01 08:13:59.627] [INFO] - RowDataPacket {
  username: '陆伟',
  outdate: '2019-07-13',
  department: '第一征收项目二部',
  place: '佘山',
  price: 30 }
[2019-08-01 08:13:59.627] [INFO] - RowDataPacket {
  username: '陆伟',
  outdate: '2019-07-15',
  department: '第一征收项目二部',
  place: '佘山',
  price: 30 }
[2019-08-01 08:13:59.629] [INFO] - RowDataPacket {
  username: '陆伟',
  outdate: '2019-07-16',
  department: '第一征收项目二部',
  place: '佘山',
  price: 30 }
[2019-08-01 08:13:59.631] [INFO] - RowDataPacket {
  username: '陆伟',
  outdate: '2019-07-18',
  department: '第一征收项目二部',
  place: '佘山',
  price: 30 }
[2019-08-01 08:13:59.631] [INFO] - RowDataPacket {
  username: '陆伟',
  outdate: '2019-07-19',
  department: '第一征收项目二部',
  place: '佘山',
  price: 30 }
[2019-08-01 08:13:59.633] [INFO] - RowDataPacket {
  username: '陆伟',
  outdate: '2019-07-20',
  department: '第一征收项目二部',
  place: '佘山',
  price: 30 }
[2019-08-01 08:13:59.636] [INFO] - RowDataPacket {
  username: '陆伟',
  outdate: '2019-07-22',
  department: '第一征收项目二部',
  place: '佘山',
  price: 30 }
[2019-08-01 08:13:59.636] [INFO] - RowDataPacket {
  username: '陆伟',
  outdate: '2019-07-24',
  department: '第一征收项目二部',
  place: '佘山',
  price: 30 }
[2019-08-01 08:13:59.637] [INFO] - RowDataPacket {
  username: '陆伟',
  outdate: '2019-07-25',
  department: '第一征收项目二部',
  place: '佘山',
  price: 30 }
[2019-08-01 08:13:59.637] [INFO] - RowDataPacket {
  username: '陆伟',
  outdate: '2019-07-26',
  department: '第一征收项目二部',
  place: '佘山',
  price: 30 }
[2019-08-01 08:13:59.638] [INFO] - RowDataPacket {
  username: '陆伟',
  outdate: '2019-07-27',
  department: '第一征收项目二部',
  place: '佘山',
  price: 30 }
[2019-08-01 08:13:59.638] [INFO] - RowDataPacket {
  username: '陆伟',
  outdate: '2019-07-28',
  department: '第一征收项目二部',
  place: '佘山',
  price: 30 }
[2019-08-01 08:13:59.639] [INFO] - RowDataPacket {
  username: '陆伟',
  outdate: '2019-07-31',
  department: '第一征收项目二部',
  place: '佘山',
  price: 30 }
[2019-08-01 08:13:59.639] [INFO] - RowDataPacket {
  username: '赵峥嵘',
  outdate: '2019-07-01',
  department: '第一征收项目二部',
  place: '新浜',
  price: 50 }
[2019-08-01 08:13:59.640] [INFO] - RowDataPacket {
  username: '赵峥嵘',
  outdate: '2019-07-02',
  department: '第一征收项目二部',
  place: '新浜',
  price: 50 }
[2019-08-01 08:13:59.640] [INFO] - RowDataPacket {
  username: '赵峥嵘',
  outdate: '2019-07-03',
  department: '第一征收项目二部',
  place: '新浜',
  price: 50 }
[2019-08-01 08:13:59.641] [INFO] - RowDataPacket {
  username: '赵峥嵘',
  outdate: '2019-07-04',
  department: '第一征收项目二部',
  place: '小昆山',
  price: 30 }
[2019-08-01 08:13:59.642] [INFO] - RowDataPacket {
  username: '赵峥嵘',
  outdate: '2019-07-05',
  department: '第一征收项目二部',
  place: '新浜',
  price: 50 }
[2019-08-01 08:13:59.645] [INFO] - RowDataPacket {
  username: '赵峥嵘',
  outdate: '2019-07-08',
  department: '第一征收项目二部',
  place: '新浜',
  price: 50 }
[2019-08-01 08:13:59.647] [INFO] - RowDataPacket {
  username: '赵峥嵘',
  outdate: '2019-07-09',
  department: '第一征收项目二部',
  place: '小昆山',
  price: 30 }
[2019-08-01 08:13:59.648] [INFO] - RowDataPacket {
  username: '赵峥嵘',
  outdate: '2019-07-10',
  department: '第一征收项目二部',
  place: '新浜',
  price: 50 }
[2019-08-01 08:13:59.648] [INFO] - RowDataPacket {
  username: '赵峥嵘',
  outdate: '2019-07-11',
  department: '第一征收项目二部',
  place: '佘山',
  price: 30 }
[2019-08-01 08:13:59.649] [INFO] - RowDataPacket {
  username: '赵峥嵘',
  outdate: '2019-07-15',
  department: '第一征收项目二部',
  place: '新浜',
  price: 50 }
[2019-08-01 08:13:59.649] [INFO] - RowDataPacket {
  username: '赵峥嵘',
  outdate: '2019-07-16',
  department: '第一征收项目二部',
  place: '佘山',
  price: 30 }
[2019-08-01 08:13:59.650] [INFO] - RowDataPacket {
  username: '赵峥嵘',
  outdate: '2019-07-17',
  department: '第一征收项目二部',
  place: '新浜',
  price: 50 }
[2019-08-01 08:13:59.650] [INFO] - RowDataPacket {
  username: '赵峥嵘',
  outdate: '2019-07-18',
  department: '第一征收项目二部',
  place: '小昆山',
  price: 30 }
[2019-08-01 08:13:59.651] [INFO] - RowDataPacket {
  username: '赵峥嵘',
  outdate: '2019-07-19',
  department: '第一征收项目二部',
  place: '新浜',
  price: 50 }
[2019-08-01 08:13:59.651] [INFO] - RowDataPacket {
  username: '赵峥嵘',
  outdate: '2019-07-22',
  department: '第一征收项目二部',
  place: '新浜',
  price: 50 }
[2019-08-01 08:13:59.651] [INFO] - RowDataPacket {
  username: '赵峥嵘',
  outdate: '2019-07-24',
  department: '第一征收项目二部',
  place: '小昆山',
  price: 30 }
[2019-08-01 08:13:59.653] [INFO] - RowDataPacket {
  username: '赵峥嵘',
  outdate: '2019-07-25',
  department: '第一征收项目二部',
  place: '新浜',
  price: 50 }
[2019-08-01 08:13:59.654] [INFO] - RowDataPacket {
  username: '赵峥嵘',
  outdate: '2019-07-29',
  department: '第一征收项目二部',
  place: '佘山',
  price: 30 }
[2019-08-01 08:13:59.654] [INFO] - RowDataPacket {
  username: '赵峥嵘',
  outdate: '2019-07-30',
  department: '第一征收项目二部',
  place: '新浜',
  price: 50 }
[2019-08-01 08:13:59.655] [INFO] - RowDataPacket {
  username: '沈丽君',
  outdate: '2019-07-01',
  department: '第一征收项目二部',
  place: '小昆山',
  price: 30 }
[2019-08-01 08:13:59.656] [INFO] - RowDataPacket {
  username: '沈丽君',
  outdate: '2019-07-04',
  department: '第一征收项目二部',
  place: '佘山',
  price: 30 }
[2019-08-01 08:13:59.656] [INFO] - RowDataPacket {
  username: '沈丽君',
  outdate: '2019-07-11',
  department: '第一征收项目二部',
  place: '佘山',
  price: 30 }
[2019-08-01 08:13:59.657] [INFO] - RowDataPacket {
  username: '沈丽君',
  outdate: '2019-07-26',
  department: '第一征收项目二部',
  place: '佘山',
  price: 30 }
[2019-08-01 08:13:59.657] [INFO] - RowDataPacket {
  username: '朱祎婷',
  outdate: '2019-07-04',
  department: '第一征收项目二部',
  place: '佘山',
  price: 30 }
[2019-08-01 08:13:59.658] [INFO] - RowDataPacket {
  username: '朱祎婷',
  outdate: '2019-07-09',
  department: '第一征收项目二部',
  place: '佘山',
  price: 30 }
[2019-08-01 08:13:59.659] [INFO] - RowDataPacket {
  username: '朱祎婷',
  outdate: '2019-07-10',
  department: '第一征收项目二部',
  place: '佘山',
  price: 30 }
[2019-08-01 08:13:59.659] [INFO] - RowDataPacket {
  username: '朱祎婷',
  outdate: '2019-07-11',
  department: '第一征收项目二部',
  place: '佘山',
  price: 30 }
[2019-08-01 08:13:59.660] [INFO] - RowDataPacket {
  username: '朱祎婷',
  outdate: '2019-07-12',
  department: '第一征收项目二部',
  place: '佘山',
  price: 30 }
[2019-08-01 08:13:59.661] [INFO] - RowDataPacket {
  username: '朱祎婷',
  outdate: '2019-07-15',
  department: '第一征收项目二部',
  place: '佘山',
  price: 30 }
[2019-08-01 08:13:59.661] [INFO] - RowDataPacket {
  username: '朱祎婷',
  outdate: '2019-07-16',
  department: '第一征收项目二部',
  place: '小昆山',
  price: 30 }
[2019-08-01 08:13:59.662] [INFO] - RowDataPacket {
  username: '朱祎婷',
  outdate: '2019-07-17',
  department: '第一征收项目二部',
  place: '小昆山',
  price: 30 }
[2019-08-01 08:13:59.665] [INFO] - RowDataPacket {
  username: '朱祎婷',
  outdate: '2019-07-19',
  department: '第一征收项目二部',
  place: '佘山',
  price: 30 }
[2019-08-01 08:13:59.666] [INFO] - RowDataPacket {
  username: '朱祎婷',
  outdate: '2019-07-22',
  department: '第一征收项目二部',
  place: '佘山',
  price: 30 }
[2019-08-01 08:13:59.667] [INFO] - RowDataPacket {
  username: '朱祎婷',
  outdate: '2019-07-23',
  department: '第一征收项目二部',
  place: '佘山',
  price: 30 }
[2019-08-01 08:13:59.667] [INFO] - RowDataPacket {
  username: '朱祎婷',
  outdate: '2019-07-25',
  department: '第一征收项目二部',
  place: '佘山',
  price: 30 }
[2019-08-01 08:13:59.668] [INFO] - RowDataPacket {
  username: '朱祎婷',
  outdate: '2019-07-26',
  department: '第一征收项目二部',
  place: '佘山',
  price: 30 }
[2019-08-01 08:13:59.668] [INFO] - RowDataPacket {
  username: '朱祎婷',
  outdate: '2019-07-29',
  department: '第一征收项目二部',
  place: '佘山',
  price: 30 }
[2019-08-01 08:13:59.669] [INFO] - RowDataPacket {
  username: '朱祎婷',
  outdate: '2019-07-30',
  department: '第一征收项目二部',
  place: '九亭',
  price: 50 }
[2019-08-01 08:13:59.669] [INFO] - RowDataPacket {
  username: '朱祎婷',
  outdate: '2019-07-31',
  department: '第一征收项目二部',
  place: '佘山',
  price: 30 }
[2019-08-01 08:13:59.670] [INFO] - RowDataPacket {
  username: '王珂',
  outdate: '2019-07-09',
  department: '第一征收项目二部',
  place: '佘山',
  price: 30 }
[2019-08-01 08:13:59.670] [INFO] - RowDataPacket {
  username: '王珂',
  outdate: '2019-07-10',
  department: '第一征收项目二部',
  place: '佘山',
  price: 30 }
[2019-08-01 08:13:59.671] [INFO] - RowDataPacket {
  username: '王珂',
  outdate: '2019-07-11',
  department: '第一征收项目二部',
  place: '佘山',
  price: 30 }
[2019-08-01 08:13:59.671] [INFO] - RowDataPacket {
  username: '王珂',
  outdate: '2019-07-12',
  department: '第一征收项目二部',
  place: '佘山',
  price: 30 }
[2019-08-01 08:13:59.672] [INFO] - RowDataPacket {
  username: '王珂',
  outdate: '2019-07-15',
  department: '第一征收项目二部',
  place: '佘山',
  price: 30 }
[2019-08-01 08:13:59.672] [INFO] - RowDataPacket {
  username: '王珂',
  outdate: '2019-07-16',
  department: '第一征收项目二部',
  place: '小昆山',
  price: 30 }
[2019-08-01 08:13:59.673] [INFO] - RowDataPacket {
  username: '王珂',
  outdate: '2019-07-17',
  department: '第一征收项目二部',
  place: '佘山',
  price: 30 }
[2019-08-01 08:13:59.676] [INFO] - RowDataPacket {
  username: '王珂',
  outdate: '2019-07-19',
  department: '第一征收项目二部',
  place: '佘山',
  price: 30 }
[2019-08-01 08:13:59.678] [INFO] - RowDataPacket {
  username: '王珂',
  outdate: '2019-07-20',
  department: '第一征收项目二部',
  place: '佘山',
  price: 30 }
[2019-08-01 08:13:59.680] [INFO] - RowDataPacket {
  username: '王珂',
  outdate: '2019-07-22',
  department: '第一征收项目二部',
  place: '佘山',
  price: 30 }
[2019-08-01 08:13:59.680] [INFO] - RowDataPacket {
  username: '王珂',
  outdate: '2019-07-23',
  department: '第一征收项目二部',
  place: '佘山',
  price: 30 }
[2019-08-01 08:13:59.681] [INFO] - RowDataPacket {
  username: '王珂',
  outdate: '2019-07-25',
  department: '第一征收项目二部',
  place: '佘山',
  price: 30 }
[2019-08-01 08:13:59.682] [INFO] - RowDataPacket {
  username: '王珂',
  outdate: '2019-07-26',
  department: '第一征收项目二部',
  place: '佘山',
  price: 30 }
[2019-08-01 08:13:59.682] [INFO] - RowDataPacket {
  username: '王珂',
  outdate: '2019-07-29',
  department: '第一征收项目二部',
  place: '佘山',
  price: 30 }
[2019-08-01 08:13:59.683] [INFO] - RowDataPacket {
  username: '王珂',
  outdate: '2019-07-30',
  department: '第一征收项目二部',
  place: '九亭',
  price: 50 }
[2019-08-01 08:13:59.683] [INFO] - RowDataPacket {
  username: '王珂',
  outdate: '2019-07-31',
  department: '第一征收项目二部',
  place: '佘山',
  price: 30 }
[2019-08-01 08:13:59.684] [INFO] - RowDataPacket {
  username: '夏翔',
  outdate: '2019-07-01',
  department: '第一征收项目二部',
  place: '泗泾',
  price: 50 }
[2019-08-01 08:13:59.686] [INFO] - RowDataPacket {
  username: '夏翔',
  outdate: '2019-07-02',
  department: '第一征收项目二部',
  place: '佘山',
  price: 30 }
[2019-08-01 08:13:59.687] [INFO] - RowDataPacket {
  username: '夏翔',
  outdate: '2019-07-03',
  department: '第一征收项目二部',
  place: '佘山',
  price: 30 }
[2019-08-01 08:13:59.688] [INFO] - RowDataPacket {
  username: '夏翔',
  outdate: '2019-07-04',
  department: '第一征收项目二部',
  place: '小昆山',
  price: 30 }
[2019-08-01 08:13:59.688] [INFO] - RowDataPacket {
  username: '夏翔',
  outdate: '2019-07-06',
  department: '第一征收项目二部',
  place: '佘山',
  price: 30 }
[2019-08-01 08:13:59.689] [INFO] - RowDataPacket {
  username: '夏翔',
  outdate: '2019-07-07',
  department: '第一征收项目二部',
  place: '佘山',
  price: 30 }
[2019-08-01 08:13:59.689] [INFO] - RowDataPacket {
  username: '夏翔',
  outdate: '2019-07-08',
  department: '第一征收项目二部',
  place: '叶榭',
  price: 30 }
[2019-08-01 08:13:59.690] [INFO] - RowDataPacket {
  username: '夏翔',
  outdate: '2019-07-10',
  department: '第一征收项目二部',
  place: '小昆山',
  price: 30 }
[2019-08-01 08:13:59.690] [INFO] - RowDataPacket {
  username: '夏翔',
  outdate: '2019-07-12',
  department: '第一征收项目二部',
  place: '叶榭',
  price: 30 }
[2019-08-01 08:13:59.691] [INFO] - RowDataPacket {
  username: '夏翔',
  outdate: '2019-07-15',
  department: '第一征收项目二部',
  place: '小昆山',
  price: 30 }
[2019-08-01 08:13:59.693] [INFO] - RowDataPacket {
  username: '夏翔',
  outdate: '2019-07-16',
  department: '第一征收项目二部',
  place: '佘山',
  price: 30 }
[2019-08-01 08:13:59.694] [INFO] - RowDataPacket {
  username: '夏翔',
  outdate: '2019-07-17',
  department: '第一征收项目二部',
  place: '小昆山',
  price: 30 }
[2019-08-01 08:13:59.694] [INFO] - RowDataPacket {
  username: '夏翔',
  outdate: '2019-07-18',
  department: '第一征收项目二部',
  place: '叶榭',
  price: 30 }
[2019-08-01 08:13:59.695] [INFO] - RowDataPacket {
  username: '夏翔',
  outdate: '2019-07-19',
  department: '第一征收项目二部',
  place: '小昆山',
  price: 30 }
[2019-08-01 08:13:59.698] [INFO] - RowDataPacket {
  username: '夏翔',
  outdate: '2019-07-22',
  department: '第一征收项目二部',
  place: '叶榭',
  price: 30 }
[2019-08-01 08:13:59.698] [INFO] - RowDataPacket {
  username: '夏翔',
  outdate: '2019-07-23',
  department: '第一征收项目二部',
  place: '叶榭',
  price: 30 }
[2019-08-01 08:13:59.699] [INFO] - RowDataPacket {
  username: '夏翔',
  outdate: '2019-07-24',
  department: '第一征收项目二部',
  place: '佘山',
  price: 30 }
[2019-08-01 08:13:59.700] [INFO] - RowDataPacket {
  username: '夏翔',
  outdate: '2019-07-25',
  department: '第一征收项目二部',
  place: '叶榭',
  price: 30 }
[2019-08-01 08:13:59.700] [INFO] - RowDataPacket {
  username: '夏翔',
  outdate: '2019-07-29',
  department: '第一征收项目二部',
  place: '小昆山',
  price: 30 }
[2019-08-01 08:13:59.701] [INFO] - RowDataPacket {
  username: '夏翔',
  outdate: '2019-07-31',
  department: '第一征收项目二部',
  place: '小昆山',
  price: 30 }
[2019-08-01 08:13:59.701] [INFO] - RowDataPacket {
  username: '周忠高',
  outdate: '2019-07-02',
  department: '第一征收项目二部',
  place: '佘山',
  price: 30 }
[2019-08-01 08:13:59.702] [INFO] - RowDataPacket {
  username: '周忠高',
  outdate: '2019-07-03',
  department: '第一征收项目二部',
  place: '佘山',
  price: 30 }
[2019-08-01 08:13:59.702] [INFO] - RowDataPacket {
  username: '周忠高',
  outdate: '2019-07-07',
  department: '第一征收项目二部',
  place: '佘山',
  price: 30 }
[2019-08-01 08:13:59.703] [INFO] - RowDataPacket {
  username: '周忠高',
  outdate: '2019-07-08',
  department: '第一征收项目二部',
  place: '佘山',
  price: 30 }
[2019-08-01 08:13:59.703] [INFO] - RowDataPacket {
  username: '周忠高',
  outdate: '2019-07-09',
  department: '第一征收项目二部',
  place: '佘山',
  price: 30 }
[2019-08-01 08:13:59.704] [INFO] - RowDataPacket {
  username: '周忠高',
  outdate: '2019-07-10',
  department: '第一征收项目二部',
  place: '佘山',
  price: 30 }
[2019-08-01 08:13:59.704] [INFO] - RowDataPacket {
  username: '周忠高',
  outdate: '2019-07-15',
  department: '第一征收项目二部',
  place: '佘山',
  price: 30 }
[2019-08-01 08:13:59.704] [INFO] - RowDataPacket {
  username: '周忠高',
  outdate: '2019-07-16',
  department: '第一征收项目二部',
  place: '佘山',
  price: 30 }
[2019-08-01 08:13:59.705] [INFO] - RowDataPacket {
  username: '周忠高',
  outdate: '2019-07-17',
  department: '第一征收项目二部',
  place: '佘山',
  price: 30 }
[2019-08-01 08:13:59.705] [INFO] - RowDataPacket {
  username: '周忠高',
  outdate: '2019-07-18',
  department: '第一征收项目二部',
  place: '佘山',
  price: 30 }
[2019-08-01 08:13:59.706] [INFO] - RowDataPacket {
  username: '周忠高',
  outdate: '2019-07-22',
  department: '第一征收项目二部',
  place: '佘山',
  price: 30 }
[2019-08-01 08:13:59.708] [INFO] - RowDataPacket {
  username: '周忠高',
  outdate: '2019-07-23',
  department: '第一征收项目二部',
  place: '佘山',
  price: 30 }
[2019-08-01 08:13:59.709] [INFO] - RowDataPacket {
  username: '周忠高',
  outdate: '2019-07-24',
  department: '第一征收项目二部',
  place: '佘山',
  price: 30 }
[2019-08-01 08:13:59.710] [INFO] - RowDataPacket {
  username: '周忠高',
  outdate: '2019-07-25',
  department: '第一征收项目二部',
  place: '佘山',
  price: 30 }
[2019-08-01 08:13:59.711] [INFO] - RowDataPacket {
  username: '周忠高',
  outdate: '2019-07-26',
  department: '第一征收项目二部',
  place: '佘山',
  price: 30 }
[2019-08-01 08:13:59.711] [INFO] - RowDataPacket {
  username: '周忠高',
  outdate: '2019-07-27',
  department: '第一征收项目二部',
  place: '佘山',
  price: 30 }
[2019-08-01 08:13:59.712] [INFO] - RowDataPacket {
  username: '周忠高',
  outdate: '2019-07-29',
  department: '第一征收项目二部',
  place: '佘山',
  price: 30 }
[2019-08-01 08:13:59.714] [INFO] - RowDataPacket {
  username: '周忠高',
  outdate: '2019-07-30',
  department: '第一征收项目二部',
  place: '佘山',
  price: 30 }
[2019-08-01 08:13:59.715] [INFO] - RowDataPacket {
  username: '周忠高',
  outdate: '2019-07-31',
  department: '第一征收项目二部',
  place: '佘山',
  price: 30 }
[2019-08-01 08:13:59.715] [INFO] - RowDataPacket {
  username: '杨肖叶',
  outdate: '2019-07-01',
  department: '第一征收项目二部',
  place: '佘山',
  price: 30 }
[2019-08-01 08:13:59.716] [INFO] - RowDataPacket {
  username: '杨肖叶',
  outdate: '2019-07-02',
  department: '第一征收项目二部',
  place: '佘山',
  price: 30 }
[2019-08-01 08:13:59.716] [INFO] - RowDataPacket {
  username: '杨肖叶',
  outdate: '2019-07-03',
  department: '第一征收项目二部',
  place: '佘山',
  price: 30 }
[2019-08-01 08:13:59.717] [INFO] - RowDataPacket {
  username: '杨肖叶',
  outdate: '2019-07-04',
  department: '第一征收项目二部',
  place: '佘山',
  price: 30 }
[2019-08-01 08:13:59.719] [INFO] - RowDataPacket {
  username: '杨肖叶',
  outdate: '2019-07-05',
  department: '第一征收项目二部',
  place: '佘山',
  price: 30 }
[2019-08-01 08:13:59.719] [INFO] - RowDataPacket {
  username: '杨肖叶',
  outdate: '2019-07-08',
  department: '第一征收项目二部',
  place: '佘山',
  price: 30 }
[2019-08-01 08:13:59.720] [INFO] - RowDataPacket {
  username: '杨肖叶',
  outdate: '2019-07-09',
  department: '第一征收项目二部',
  place: '佘山',
  price: 30 }
[2019-08-01 08:13:59.720] [INFO] - RowDataPacket {
  username: '杨肖叶',
  outdate: '2019-07-11',
  department: '第一征收项目二部',
  place: '佘山',
  price: 30 }
[2019-08-01 08:13:59.721] [INFO] - RowDataPacket {
  username: '杨肖叶',
  outdate: '2019-07-13',
  department: '第一征收项目二部',
  place: '佘山',
  price: 30 }
[2019-08-01 08:13:59.721] [INFO] - RowDataPacket {
  username: '杨肖叶',
  outdate: '2019-07-15',
  department: '第一征收项目二部',
  place: '佘山',
  price: 30 }
[2019-08-01 08:13:59.722] [INFO] - RowDataPacket {
  username: '杨肖叶',
  outdate: '2019-07-16',
  department: '第一征收项目二部',
  place: '佘山',
  price: 30 }
[2019-08-01 08:13:59.722] [INFO] - RowDataPacket {
  username: '杨肖叶',
  outdate: '2019-07-17',
  department: '第一征收项目二部',
  place: '佘山',
  price: 30 }
[2019-08-01 08:13:59.723] [INFO] - RowDataPacket {
  username: '杨肖叶',
  outdate: '2019-07-18',
  department: '第一征收项目二部',
  place: '佘山',
  price: 30 }
[2019-08-01 08:13:59.723] [INFO] - RowDataPacket {
  username: '杨肖叶',
  outdate: '2019-07-19',
  department: '第一征收项目二部',
  place: '佘山',
  price: 30 }
[2019-08-01 08:13:59.723] [INFO] - RowDataPacket {
  username: '杨肖叶',
  outdate: '2019-07-29',
  department: '第一征收项目二部',
  place: '佘山',
  price: 30 }
[2019-08-01 08:13:59.724] [INFO] - RowDataPacket {
  username: '杨肖叶',
  outdate: '2019-07-30',
  department: '第一征收项目二部',
  place: '佘山',
  price: 30 }
[2019-08-01 08:13:59.725] [INFO] - RowDataPacket {
  username: '杨肖叶',
  outdate: '2019-07-31',
  department: '第一征收项目二部',
  place: '佘山',
  price: 30 }
[2019-08-01 08:13:59.726] [INFO] - RowDataPacket {
  username: '姚文军',
  outdate: '2019-07-01',
  department: '第一征收项目二部',
  place: '泗泾',
  price: 50 }
[2019-08-01 08:13:59.730] [INFO] - RowDataPacket {
  username: '姚文军',
  outdate: '2019-07-02',
  department: '第一征收项目二部',
  place: '佘山',
  price: 30 }
[2019-08-01 08:13:59.731] [INFO] - RowDataPacket {
  username: '姚文军',
  outdate: '2019-07-04',
  department: '第一征收项目二部',
  place: '佘山',
  price: 30 }
[2019-08-01 08:13:59.732] [INFO] - RowDataPacket {
  username: '姚文军',
  outdate: '2019-07-05',
  department: '第一征收项目二部',
  place: '佘山',
  price: 30 }
[2019-08-01 08:13:59.732] [INFO] - RowDataPacket {
  username: '姚文军',
  outdate: '2019-07-06',
  department: '第一征收项目二部',
  place: '佘山',
  price: 30 }
[2019-08-01 08:13:59.733] [INFO] - RowDataPacket {
  username: '姚文军',
  outdate: '2019-07-07',
  department: '第一征收项目二部',
  place: '佘山',
  price: 30 }
[2019-08-01 08:13:59.733] [INFO] - RowDataPacket {
  username: '姚文军',
  outdate: '2019-07-08',
  department: '第一征收项目二部',
  place: '佘山',
  price: 30 }
[2019-08-01 08:13:59.734] [INFO] - RowDataPacket {
  username: '姚文军',
  outdate: '2019-07-09',
  department: '第一征收项目二部',
  place: '佘山',
  price: 30 }
[2019-08-01 08:13:59.734] [INFO] - RowDataPacket {
  username: '姚文军',
  outdate: '2019-07-10',
  department: '第一征收项目二部',
  place: '佘山',
  price: 30 }
[2019-08-01 08:13:59.734] [INFO] - RowDataPacket {
  username: '姚文军',
  outdate: '2019-07-11',
  department: '第一征收项目二部',
  place: '佘山',
  price: 30 }
[2019-08-01 08:13:59.735] [INFO] - RowDataPacket {
  username: '姚文军',
  outdate: '2019-07-13',
  department: '第一征收项目二部',
  place: '佘山',
  price: 30 }
[2019-08-01 08:13:59.735] [INFO] - RowDataPacket {
  username: '姚文军',
  outdate: '2019-07-15',
  department: '第一征收项目二部',
  place: '佘山',
  price: 30 }
[2019-08-01 08:13:59.736] [INFO] - RowDataPacket {
  username: '姚文军',
  outdate: '2019-07-16',
  department: '第一征收项目二部',
  place: '佘山',
  price: 30 }
[2019-08-01 08:13:59.736] [INFO] - RowDataPacket {
  username: '姚文军',
  outdate: '2019-07-17',
  department: '第一征收项目二部',
  place: '佘山',
  price: 30 }
[2019-08-01 08:13:59.738] [INFO] - RowDataPacket {
  username: '姚文军',
  outdate: '2019-07-18',
  department: '第一征收项目二部',
  place: '佘山',
  price: 30 }
[2019-08-01 08:13:59.739] [INFO] - RowDataPacket {
  username: '姚文军',
  outdate: '2019-07-19',
  department: '第一征收项目二部',
  place: '佘山',
  price: 30 }
[2019-08-01 08:13:59.739] [INFO] - RowDataPacket {
  username: '姚文军',
  outdate: '2019-07-21',
  department: '第一征收项目二部',
  place: '佘山',
  price: 30 }
[2019-08-01 08:13:59.740] [INFO] - RowDataPacket {
  username: '姚文军',
  outdate: '2019-07-22',
  department: '第一征收项目二部',
  place: '佘山',
  price: 30 }
[2019-08-01 08:13:59.740] [INFO] - RowDataPacket {
  username: '姚文军',
  outdate: '2019-07-23',
  department: '第一征收项目二部',
  place: '佘山',
  price: 30 }
[2019-08-01 08:13:59.741] [INFO] - RowDataPacket {
  username: '姚文军',
  outdate: '2019-07-24',
  department: '第一征收项目二部',
  place: '佘山',
  price: 30 }
[2019-08-01 08:13:59.742] [INFO] - RowDataPacket {
  username: '姚文军',
  outdate: '2019-07-25',
  department: '第一征收项目二部',
  place: '佘山',
  price: 30 }
[2019-08-01 08:13:59.743] [INFO] - RowDataPacket {
  username: '姚文军',
  outdate: '2019-07-26',
  department: '第一征收项目二部',
  place: '佘山',
  price: 30 }
[2019-08-01 08:13:59.744] [INFO] - RowDataPacket {
  username: '姚文军',
  outdate: '2019-07-29',
  department: '第一征收项目二部',
  place: '佘山',
  price: 30 }
[2019-08-01 08:13:59.744] [INFO] - RowDataPacket {
  username: '姚文军',
  outdate: '2019-07-30',
  department: '第一征收项目二部',
  place: '佘山',
  price: 30 }
[2019-08-01 08:13:59.745] [INFO] - RowDataPacket {
  username: '姚文军',
  outdate: '2019-07-31',
  department: '第一征收项目二部',
  place: '佘山',
  price: 30 }
[2019-08-01 08:13:59.746] [INFO] - RowDataPacket {
  username: '何健',
  outdate: '2019-07-01',
  department: '第一征收项目二部',
  place: '佘山',
  price: 30 }
[2019-08-01 08:13:59.750] [INFO] - RowDataPacket {
  username: '何健',
  outdate: '2019-07-02',
  department: '第一征收项目二部',
  place: '佘山',
  price: 30 }
[2019-08-01 08:13:59.750] [INFO] - RowDataPacket {
  username: '何健',
  outdate: '2019-07-03',
  department: '第一征收项目二部',
  place: '佘山',
  price: 30 }
[2019-08-01 08:13:59.751] [INFO] - RowDataPacket {
  username: '何健',
  outdate: '2019-07-04',
  department: '第一征收项目二部',
  place: '佘山',
  price: 30 }
[2019-08-01 08:13:59.751] [INFO] - RowDataPacket {
  username: '何健',
  outdate: '2019-07-05',
  department: '第一征收项目二部',
  place: '佘山',
  price: 30 }
[2019-08-01 08:13:59.752] [INFO] - RowDataPacket {
  username: '何健',
  outdate: '2019-07-08',
  department: '第一征收项目二部',
  place: '佘山',
  price: 30 }
[2019-08-01 08:13:59.752] [INFO] - RowDataPacket {
  username: '何健',
  outdate: '2019-07-09',
  department: '第一征收项目二部',
  place: '佘山',
  price: 30 }
[2019-08-01 08:13:59.753] [INFO] - RowDataPacket {
  username: '何健',
  outdate: '2019-07-10',
  department: '第一征收项目二部',
  place: '佘山',
  price: 30 }
[2019-08-01 08:13:59.753] [INFO] - RowDataPacket {
  username: '何健',
  outdate: '2019-07-11',
  department: '第一征收项目二部',
  place: '佘山',
  price: 30 }
[2019-08-01 08:13:59.754] [INFO] - RowDataPacket {
  username: '何健',
  outdate: '2019-07-13',
  department: '第一征收项目二部',
  place: '佘山',
  price: 30 }
[2019-08-01 08:13:59.754] [INFO] - RowDataPacket {
  username: '何健',
  outdate: '2019-07-14',
  department: '第一征收项目二部',
  place: '佘山',
  price: 30 }
[2019-08-01 08:13:59.755] [INFO] - RowDataPacket {
  username: '何健',
  outdate: '2019-07-15',
  department: '第一征收项目二部',
  place: '佘山',
  price: 30 }
[2019-08-01 08:13:59.756] [INFO] - RowDataPacket {
  username: '何健',
  outdate: '2019-07-16',
  department: '第一征收项目二部',
  place: '佘山',
  price: 30 }
[2019-08-01 08:13:59.756] [INFO] - RowDataPacket {
  username: '何健',
  outdate: '2019-07-17',
  department: '第一征收项目二部',
  place: '佘山',
  price: 30 }
[2019-08-01 08:13:59.757] [INFO] - RowDataPacket {
  username: '何健',
  outdate: '2019-07-18',
  department: '第一征收项目二部',
  place: '佘山',
  price: 30 }
[2019-08-01 08:13:59.757] [INFO] - RowDataPacket {
  username: '何健',
  outdate: '2019-07-19',
  department: '第一征收项目二部',
  place: '佘山',
  price: 30 }
[2019-08-01 08:13:59.760] [INFO] - RowDataPacket {
  username: '何健',
  outdate: '2019-07-20',
  department: '第一征收项目二部',
  place: '佘山',
  price: 30 }
[2019-08-01 08:13:59.761] [INFO] - RowDataPacket {
  username: '何健',
  outdate: '2019-07-21',
  department: '第一征收项目二部',
  place: '佘山',
  price: 30 }
[2019-08-01 08:13:59.761] [INFO] - RowDataPacket {
  username: '何健',
  outdate: '2019-07-22',
  department: '第一征收项目二部',
  place: '佘山',
  price: 30 }
[2019-08-01 08:13:59.762] [INFO] - RowDataPacket {
  username: '何健',
  outdate: '2019-07-23',
  department: '第一征收项目二部',
  place: '佘山',
  price: 30 }
[2019-08-01 08:13:59.763] [INFO] - RowDataPacket {
  username: '何健',
  outdate: '2019-07-24',
  department: '第一征收项目二部',
  place: '佘山',
  price: 30 }
[2019-08-01 08:13:59.764] [INFO] - RowDataPacket {
  username: '何健',
  outdate: '2019-07-25',
  department: '第一征收项目二部',
  place: '佘山',
  price: 30 }
[2019-08-01 08:13:59.765] [INFO] - RowDataPacket {
  username: '何健',
  outdate: '2019-07-27',
  department: '第一征收项目二部',
  place: '佘山',
  price: 30 }
[2019-08-01 08:13:59.766] [INFO] - RowDataPacket {
  username: '何健',
  outdate: '2019-07-28',
  department: '第一征收项目二部',
  place: '佘山',
  price: 30 }
[2019-08-01 08:13:59.767] [INFO] - RowDataPacket {
  username: '何健',
  outdate: '2019-07-29',
  department: '第一征收项目二部',
  place: '佘山',
  price: 30 }
[2019-08-01 08:13:59.767] [INFO] - RowDataPacket {
  username: '何健',
  outdate: '2019-07-30',
  department: '第一征收项目二部',
  place: '佘山',
  price: 30 }
[2019-08-01 08:13:59.768] [INFO] - RowDataPacket {
  username: '何健',
  outdate: '2019-07-31',
  department: '第一征收项目二部',
  place: '佘山',
  price: 30 }
[2019-08-01 08:13:59.770] [INFO] - RowDataPacket {
  username: '谢方琴',
  outdate: '2019-07-01',
  department: '第一征收项目二部',
  place: '佘山',
  price: 30 }
[2019-08-01 08:13:59.770] [INFO] - RowDataPacket {
  username: '谢方琴',
  outdate: '2019-07-02',
  department: '第一征收项目二部',
  place: '佘山',
  price: 30 }
[2019-08-01 08:13:59.771] [INFO] - RowDataPacket {
  username: '谢方琴',
  outdate: '2019-07-03',
  department: '第一征收项目二部',
  place: '佘山',
  price: 30 }
[2019-08-01 08:13:59.771] [INFO] - RowDataPacket {
  username: '谢方琴',
  outdate: '2019-07-05',
  department: '第一征收项目二部',
  place: '佘山',
  price: 30 }
[2019-08-01 08:13:59.772] [INFO] - RowDataPacket {
  username: '谢方琴',
  outdate: '2019-07-06',
  department: '第一征收项目二部',
  place: '佘山',
  price: 30 }
[2019-08-01 08:13:59.772] [INFO] - RowDataPacket {
  username: '谢方琴',
  outdate: '2019-07-07',
  department: '第一征收项目二部',
  place: '佘山',
  price: 30 }
[2019-08-01 08:13:59.773] [INFO] - RowDataPacket {
  username: '谢方琴',
  outdate: '2019-07-08',
  department: '第一征收项目二部',
  place: '叶榭',
  price: 30 }
[2019-08-01 08:13:59.773] [INFO] - RowDataPacket {
  username: '谢方琴',
  outdate: '2019-07-10',
  department: '第一征收项目二部',
  place: '佘山',
  price: 30 }
[2019-08-01 08:13:59.773] [INFO] - RowDataPacket {
  username: '谢方琴',
  outdate: '2019-07-11',
  department: '第一征收项目二部',
  place: '叶榭',
  price: 30 }
[2019-08-01 08:13:59.775] [INFO] - RowDataPacket {
  username: '谢方琴',
  outdate: '2019-07-15',
  department: '第一征收项目二部',
  place: '佘山',
  price: 30 }
[2019-08-01 08:13:59.775] [INFO] - RowDataPacket {
  username: '谢方琴',
  outdate: '2019-07-16',
  department: '第一征收项目二部',
  place: '佘山',
  price: 30 }
[2019-08-01 08:13:59.775] [INFO] - RowDataPacket {
  username: '谢方琴',
  outdate: '2019-07-17',
  department: '第一征收项目二部',
  place: '佘山',
  price: 30 }
[2019-08-01 08:13:59.776] [INFO] - RowDataPacket {
  username: '谢方琴',
  outdate: '2019-07-18',
  department: '第一征收项目二部',
  place: '叶榭',
  price: 30 }
[2019-08-01 08:13:59.776] [INFO] - RowDataPacket {
  username: '谢方琴',
  outdate: '2019-07-20',
  department: '第一征收项目二部',
  place: '佘山',
  price: 30 }
[2019-08-01 08:13:59.777] [INFO] - RowDataPacket {
  username: '谢方琴',
  outdate: '2019-07-21',
  department: '第一征收项目二部',
  place: '佘山',
  price: 30 }
[2019-08-01 08:13:59.777] [INFO] - RowDataPacket {
  username: '谢方琴',
  outdate: '2019-07-22',
  department: '第一征收项目二部',
  place: '佘山',
  price: 30 }
[2019-08-01 08:13:59.780] [INFO] - RowDataPacket {
  username: '谢方琴',
  outdate: '2019-07-25',
  department: '第一征收项目二部',
  place: '泖港',
  price: 30 }
[2019-08-01 08:13:59.781] [INFO] - RowDataPacket {
  username: '谢方琴',
  outdate: '2019-07-27',
  department: '第一征收项目二部',
  place: '佘山',
  price: 30 }
[2019-08-01 08:13:59.783] [INFO] - RowDataPacket {
  username: '谢方琴',
  outdate: '2019-07-28',
  department: '第一征收项目二部',
  place: '佘山',
  price: 30 }
[2019-08-01 08:13:59.783] [INFO] - RowDataPacket {
  username: '谢方琴',
  outdate: '2019-07-29',
  department: '第一征收项目二部',
  place: '佘山',
  price: 30 }
[2019-08-01 08:13:59.784] [INFO] - RowDataPacket {
  username: '谢方琴',
  outdate: '2019-07-30',
  department: '第一征收项目二部',
  place: '佘山',
  price: 30 }
[2019-08-01 08:13:59.784] [INFO] - RowDataPacket {
  username: '谢方琴',
  outdate: '2019-07-31',
  department: '第一征收项目二部',
  place: '佘山',
  price: 30 }
[2019-08-01 08:13:59.786] [INFO] - RowDataPacket {
  username: '邓圆英',
  outdate: '2019-07-04',
  department: '第一征收项目二部',
  place: '小昆山',
  price: 30 }
[2019-08-01 08:13:59.788] [INFO] - RowDataPacket {
  username: '邓圆英',
  outdate: '2019-07-13',
  department: '第一征收项目二部',
  place: '佘山',
  price: 30 }
[2019-08-01 08:13:59.788] [INFO] - RowDataPacket {
  username: '邓圆英',
  outdate: '2019-07-14',
  department: '第一征收项目二部',
  place: '佘山',
  price: 30 }
[2019-08-01 08:13:59.791] [INFO] - RowDataPacket {
  username: '邓圆英',
  outdate: '2019-07-16',
  department: '第一征收项目二部',
  place: '佘山',
  price: 30 }
[2019-08-01 08:13:59.791] [INFO] - RowDataPacket {
  username: '邓圆英',
  outdate: '2019-07-17',
  department: '第一征收项目二部',
  place: '佘山',
  price: 30 }
[2019-08-01 08:13:59.792] [INFO] - RowDataPacket {
  username: '邓圆英',
  outdate: '2019-07-19',
  department: '第一征收项目二部',
  place: '佘山',
  price: 30 }
[2019-08-01 08:13:59.793] [INFO] - RowDataPacket {
  username: '邓圆英',
  outdate: '2019-07-22',
  department: '第一征收项目二部',
  place: '佘山',
  price: 30 }
[2019-08-01 08:13:59.793] [INFO] - RowDataPacket {
  username: '邓圆英',
  outdate: '2019-07-23',
  department: '第一征收项目二部',
  place: '佘山',
  price: 30 }
[2019-08-01 08:13:59.794] [INFO] - RowDataPacket {
  username: '邓圆英',
  outdate: '2019-07-25',
  department: '第一征收项目二部',
  place: '佘山',
  price: 30 }
[2019-08-01 08:13:59.794] [INFO] - RowDataPacket {
  username: '邓圆英',
  outdate: '2019-07-26',
  department: '第一征收项目二部',
  place: '佘山',
  price: 30 }
[2019-08-01 08:13:59.795] [INFO] - RowDataPacket {
  username: '邓圆英',
  outdate: '2019-07-29',
  department: '第一征收项目二部',
  place: '佘山',
  price: 30 }
[2019-08-01 08:13:59.795] [INFO] - RowDataPacket {
  username: '邓圆英',
  outdate: '2019-07-30',
  department: '第一征收项目二部',
  place: '佘山',
  price: 30 }
[2019-08-01 08:13:59.796] [INFO] - RowDataPacket {
  username: '邓圆英',
  outdate: '2019-07-31',
  department: '第一征收项目二部',
  place: '佘山',
  price: 30 }
[2019-08-01 08:13:59.916] [ERROR] - (node:14916) [DEP0005] DeprecationWarning: Buffer() is deprecated due to security and usability issues. Please use the Buffer.alloc(), Buffer.allocUnsafe(), or Buffer.from() methods instead.
[2019-08-01 16:27:22.096] [INFO] - home
[2019-08-01 16:27:22.125] [INFO] - Listening on port 8880
